#
# There is insufficient memory for the Java Runtime Environment to continue.
# Native memory allocation (mmap) failed to map 799014912 bytes. Error detail: G1 virtual space
# Possible reasons:
#   The system is out of physical RAM or swap space
#   This process is running with CompressedOops enabled, and the Java Heap may be blocking the growth of the native heap
# Possible solutions:
#   Reduce memory load on the system
#   Increase physical memory or swap space
#   Check if swap backing store is full
#   Decrease Java heap size (-Xmx/-Xms)
#   Decrease number of Java threads
#   Decrease Java thread stack sizes (-Xss)
#   Set larger code cache with -XX:ReservedCodeCacheSize=
#   JVM is running with Zero Based Compressed Oops mode in which the Java heap is
#     placed in the first 32GB address space. The Java Heap base address is the
#     maximum limit for the native heap growth. Please use -XX:HeapBaseMinAddress
#     to set the Java Heap base and to place the Java Heap above 32GB virtual address.
# This output file may be truncated or incomplete.
#
#  Out of Memory Error (os_windows.cpp:3703), pid=14032, tid=26556
#
# JRE version: OpenJDK Runtime Environment Temurin-23+37 (23.0+37) (build 23+37)
# Java VM: OpenJDK 64-Bit Server VM Temurin-23+37 (23+37, mixed mode, sharing, tiered, compressed oops, compressed class ptrs, g1 gc, windows-amd64)
# No core dump will be written. Minidumps are not enabled by default on client versions of Windows
#

---------------  S U M M A R Y ------------

Command Line: -Dfile.encoding=UTF-8 -Dstdout.encoding=UTF-8 -Dstderr.encoding=UTF-8 --module-path=C:\Users\andre\eclipse-workspace\Lab08\bin -XX:+ShowCodeDetailsInExceptionMessages -Djdk.module.main=Lab08 Lab08/lab08.LinkedIntListTester

Host: Snapdragon(R) X Elite - X1E80100 - Qualcomm(R) Oryon(TM) CPU, 12 cores, 15G,  Windows 11 , 64 bit Build 26100 (10.0.26100.2033)
Time: Wed Oct  9 20:02:33 2024 Eastern Daylight Time elapsed time: 0.624332 seconds (0d 0h 0m 0s)

---------------  T H R E A D  ---------------

Current thread (0x000002c7dbe89410):  VMThread "VM Thread"          [id=26556, stack(0x000000e8ac300000,0x000000e8ac400000) (1024K)]

Stack: [0x000000e8ac300000,0x000000e8ac400000]
Native frames: (J=compiled Java code, j=interpreted, Vv=VM code, C=native code)
V  [jvm.dll+0x6e8c69]  (no source info available)
V  [jvm.dll+0x8d9073]  (no source info available)
V  [jvm.dll+0x8db4fe]  (no source info available)
V  [jvm.dll+0x8dbbd3]  (no source info available)
V  [jvm.dll+0x281aa6]  (no source info available)
V  [jvm.dll+0x6e5565]  (no source info available)
V  [jvm.dll+0x6d957a]  (no source info available)
V  [jvm.dll+0x3625fa]  (no source info available)
V  [jvm.dll+0x36aa26]  (no source info available)
V  [jvm.dll+0x356fce]  (no source info available)
V  [jvm.dll+0x357268]  (no source info available)
V  [jvm.dll+0x32fbfc]  (no source info available)
V  [jvm.dll+0x32fc8a]  (no source info available)
V  [jvm.dll+0x37b292]  (no source info available)
V  [jvm.dll+0x37999c]  (no source info available)
V  [jvm.dll+0x32f3e7]  (no source info available)
V  [jvm.dll+0x3790a4]  (no source info available)
V  [jvm.dll+0x8e1a5f]  (no source info available)
V  [jvm.dll+0x8e2d76]  (no source info available)
V  [jvm.dll+0x8e32a8]  (no source info available)
V  [jvm.dll+0x8e3543]  (no source info available)
V  [jvm.dll+0x88026b]  (no source info available)
V  [jvm.dll+0x6e7475]  (no source info available)
C  [ucrtbase.dll+0x19905c]  (no source info available)

VM_Operation (0x000000e8abcfef80): G1CollectForAllocation, mode: safepoint, requested by thread 0x000002c7b8cb38c0


---------------  P R O C E S S  ---------------

Threads class SMR info:
_java_thread_list=0x000002c82168c5d0, length=11, elements={
0x000002c7b8cb38c0, 0x000002c7dbea5620, 0x000002c7dbea6540, 0x000002c7dbeae320,
0x000002c7dbeb3230, 0x000002c7dbeb6af0, 0x000002c7dbeb92a0, 0x000002c7dbebcd70,
0x000002c7dbebf280, 0x000002c8215b0140, 0x000002c8216a8e00
}

Java Threads: ( => current thread )
  0x000002c7b8cb38c0 JavaThread "main"                              [_thread_blocked, id=28144, stack(0x000000e8abc00000,0x000000e8abd00000) (1024K)]
  0x000002c7dbea5620 JavaThread "Reference Handler"          daemon [_thread_blocked, id=16680, stack(0x000000e8ac400000,0x000000e8ac500000) (1024K)]
  0x000002c7dbea6540 JavaThread "Finalizer"                  daemon [_thread_blocked, id=3856, stack(0x000000e8ac500000,0x000000e8ac600000) (1024K)]
  0x000002c7dbeae320 JavaThread "Signal Dispatcher"          daemon [_thread_blocked, id=8552, stack(0x000000e8ac600000,0x000000e8ac700000) (1024K)]
  0x000002c7dbeb3230 JavaThread "Attach Listener"            daemon [_thread_blocked, id=11472, stack(0x000000e8ac700000,0x000000e8ac800000) (1024K)]
  0x000002c7dbeb6af0 JavaThread "Service Thread"             daemon [_thread_blocked, id=23684, stack(0x000000e8ac800000,0x000000e8ac900000) (1024K)]
  0x000002c7dbeb92a0 JavaThread "Monitor Deflation Thread"   daemon [_thread_blocked, id=25196, stack(0x000000e8ac900000,0x000000e8aca00000) (1024K)]
  0x000002c7dbebcd70 JavaThread "C2 CompilerThread0"         daemon [_thread_blocked, id=6004, stack(0x000000e8aca00000,0x000000e8acb00000) (1024K)]
  0x000002c7dbebf280 JavaThread "C1 CompilerThread0"         daemon [_thread_blocked, id=16836, stack(0x000000e8acb00000,0x000000e8acc00000) (1024K)]
  0x000002c8215b0140 JavaThread "Common-Cleaner"             daemon [_thread_blocked, id=924, stack(0x000000e8acc00000,0x000000e8acd00000) (1024K)]
  0x000002c8216a8e00 JavaThread "Notification Thread"        daemon [_thread_blocked, id=27024, stack(0x000000e8acd00000,0x000000e8ace00000) (1024K)]
Total: 11

Other Threads:
=>0x000002c7dbe89410 VMThread "VM Thread"                           [id=26556, stack(0x000000e8ac300000,0x000000e8ac400000) (1024K)]
  0x000002c7dbe72c80 WatcherThread "VM Periodic Task Thread"        [id=14376, stack(0x000000e8ac200000,0x000000e8ac300000) (1024K)]
  0x000002c7c0f01a00 WorkerThread "GC Thread#0"                     [id=24516, stack(0x000000e8abd00000,0x000000e8abe00000) (1024K)]
  0x000002c821849fb0 WorkerThread "GC Thread#1"                     [id=16372, stack(0x000000e8ace00000,0x000000e8acf00000) (1024K)]
  0x000002c82184a360 WorkerThread "GC Thread#2"                     [id=26508, stack(0x000000e8acf00000,0x000000e8ad000000) (1024K)]
  0x000002c82184a710 WorkerThread "GC Thread#3"                     [id=10608, stack(0x000000e8ad000000,0x000000e8ad100000) (1024K)]
  0x000002c82184aac0 WorkerThread "GC Thread#4"                     [id=11576, stack(0x000000e8ad100000,0x000000e8ad200000) (1024K)]
  0x000002c8217688d0 WorkerThread "GC Thread#5"                     [id=16192, stack(0x000000e8ad200000,0x000000e8ad300000) (1024K)]
  0x000002c82186b8a0 WorkerThread "GC Thread#6"                     [id=25004, stack(0x000000e8ad300000,0x000000e8ad400000) (1024K)]
  0x000002c821732960 WorkerThread "GC Thread#7"                     [id=4368, stack(0x000000e8ad400000,0x000000e8ad500000) (1024K)]
  0x000002c821866a20 WorkerThread "GC Thread#8"                     [id=24820, stack(0x000000e8ad500000,0x000000e8ad600000) (1024K)]
  0x000002c8218734c0 WorkerThread "GC Thread#9"                     [id=14060, stack(0x000000e8ad600000,0x000000e8ad700000) (1024K)]
  0x000002c7c0f17690 ConcurrentGCThread "G1 Main Marker"            [id=9836, stack(0x000000e8abe00000,0x000000e8abf00000) (1024K)]
  0x000002c7c0f181a0 WorkerThread "G1 Conc#0"                       [id=10732, stack(0x000000e8abf00000,0x000000e8ac000000) (1024K)]
  0x000002c7dbd43600 ConcurrentGCThread "G1 Refine#0"               [id=8588, stack(0x000000e8ac000000,0x000000e8ac100000) (1024K)]
  0x000002c7dbd44180 ConcurrentGCThread "G1 Service"                [id=11700, stack(0x000000e8ac100000,0x000000e8ac200000) (1024K)]
Total: 16

Threads with active compile tasks:
Total: 0

VM state: at safepoint (normal execution)

VM Mutex/Monitor currently owned by a thread:  ([mutex/lock_event])
[0x00007ff8db82bd70] Threads_lock - owner thread: 0x000002c7dbe89410
[0x00007ff8db82be70] Heap_lock - owner thread: 0x000002c7b8cb38c0

Heap address: 0x0000000706400000, size: 3996 MB, Compressed Oops mode: Zero based, Oop shift amount: 3

CDS archive(s) mapped at: [0x000002c7dc000000-0x000002c7dcd70000-0x000002c7dcd70000), size 14090240, SharedBaseAddress: 0x000002c7dc000000, ArchiveRelocationMode: 1.
Compressed class space mapped at: 0x000002c7dd000000-0x000002c81d000000, reserved size: 1073741824
Narrow klass base: 0x000002c7dc000000, Narrow klass shift: 0, Narrow klass range: 0x41000000

GC Precious Log:
 CardTable entry size: 512
 Card Set container configuration: InlinePtr #cards 4 size 8 Array Of Cards #cards 16 size 48 Howl #buckets 8 coarsen threshold 3686 Howl Bitmap #cards 512 size 80 coarsen threshold 460 Card regions per heap region 1 cards per card region 4096
 CPUs: 12 total, 12 available
 Memory: 15979M
 Large Page Support: Disabled
 NUMA Support: Disabled
 Compressed Oops: Enabled (Zero based)
 Heap Region Size: 2M
 Heap Min Capacity: 8M
 Heap Initial Capacity: 250M
 Heap Max Capacity: 3996M
 Pre-touch: Disabled
 Parallel Workers: 10
 Concurrent Workers: 3
 Concurrent Refinement Workers: 10
 Periodic GC: Disabled

Heap:
 garbage-first heap   total reserved 4091904K, committed 530432K, used 1000K [0x0000000706400000, 0x0000000800000000)
  region size 2048K, 1 young (2048K), 1 survivors (2048K)
 Metaspace       used 811K, committed 896K, reserved 1114112K
  class space    used 69K, committed 128K, reserved 1048576K

Heap Regions: E=young(eden), S=young(survivor), O=old, HS=humongous(starts), HC=humongous(continues), CS=collection set, F=free, TAMS=top-at-mark-start, PB=parsable bottom
|   0|0x0000000706400000, 0x0000000706400000, 0x0000000706600000|  0%| F|  |TAMS 0x0000000706400000| PB 0x0000000706400000| Untracked |  0
|   1|0x0000000706600000, 0x0000000706600000, 0x0000000706800000|  0%| F|  |TAMS 0x0000000706600000| PB 0x0000000706600000| Untracked |  0
|   2|0x0000000706800000, 0x0000000706800000, 0x0000000706a00000|  0%| F|  |TAMS 0x0000000706800000| PB 0x0000000706800000| Untracked |  0
|   3|0x0000000706a00000, 0x0000000706a00000, 0x0000000706c00000|  0%| F|  |TAMS 0x0000000706a00000| PB 0x0000000706a00000| Untracked |  0
|   4|0x0000000706c00000, 0x0000000706c00000, 0x0000000706e00000|  0%| F|  |TAMS 0x0000000706c00000| PB 0x0000000706c00000| Untracked |  0
|   5|0x0000000706e00000, 0x0000000706e00000, 0x0000000707000000|  0%| F|  |TAMS 0x0000000706e00000| PB 0x0000000706e00000| Untracked |  0
|   6|0x0000000707000000, 0x0000000707000000, 0x0000000707200000|  0%| F|  |TAMS 0x0000000707000000| PB 0x0000000707000000| Untracked |  0
|   7|0x0000000707200000, 0x0000000707200000, 0x0000000707400000|  0%| F|  |TAMS 0x0000000707200000| PB 0x0000000707200000| Untracked |  0
|   8|0x0000000707400000, 0x0000000707400000, 0x0000000707600000|  0%| F|  |TAMS 0x0000000707400000| PB 0x0000000707400000| Untracked |  0
|   9|0x0000000707600000, 0x0000000707600000, 0x0000000707800000|  0%| F|  |TAMS 0x0000000707600000| PB 0x0000000707600000| Untracked |  0
|  10|0x0000000707800000, 0x0000000707800000, 0x0000000707a00000|  0%| F|  |TAMS 0x0000000707800000| PB 0x0000000707800000| Untracked |  0
|  11|0x0000000707a00000, 0x0000000707a00000, 0x0000000707c00000|  0%| F|  |TAMS 0x0000000707a00000| PB 0x0000000707a00000| Untracked |  0
|  12|0x0000000707c00000, 0x0000000707c00000, 0x0000000707e00000|  0%| F|  |TAMS 0x0000000707c00000| PB 0x0000000707c00000| Untracked |  0
|  13|0x0000000707e00000, 0x0000000707e00000, 0x0000000708000000|  0%| F|  |TAMS 0x0000000707e00000| PB 0x0000000707e00000| Untracked |  0
|  14|0x0000000708000000, 0x0000000708000000, 0x0000000708200000|  0%| F|  |TAMS 0x0000000708000000| PB 0x0000000708000000| Untracked |  0
|  15|0x0000000708200000, 0x0000000708200000, 0x0000000708400000|  0%| F|  |TAMS 0x0000000708200000| PB 0x0000000708200000| Untracked |  0
|  16|0x0000000708400000, 0x0000000708400000, 0x0000000708600000|  0%| F|  |TAMS 0x0000000708400000| PB 0x0000000708400000| Untracked |  0
|  17|0x0000000708600000, 0x0000000708600000, 0x0000000708800000|  0%| F|  |TAMS 0x0000000708600000| PB 0x0000000708600000| Untracked |  0
|  18|0x0000000708800000, 0x0000000708800000, 0x0000000708a00000|  0%| F|  |TAMS 0x0000000708800000| PB 0x0000000708800000| Untracked |  0
|  19|0x0000000708a00000, 0x0000000708a00000, 0x0000000708c00000|  0%| F|  |TAMS 0x0000000708a00000| PB 0x0000000708a00000| Untracked |  0
|  20|0x0000000708c00000, 0x0000000708c00000, 0x0000000708e00000|  0%| F|  |TAMS 0x0000000708c00000| PB 0x0000000708c00000| Untracked |  0
|  21|0x0000000708e00000, 0x0000000708e00000, 0x0000000709000000|  0%| F|  |TAMS 0x0000000708e00000| PB 0x0000000708e00000| Untracked |  0
|  22|0x0000000709000000, 0x0000000709000000, 0x0000000709200000|  0%| F|  |TAMS 0x0000000709000000| PB 0x0000000709000000| Untracked |  0
|  23|0x0000000709200000, 0x0000000709200000, 0x0000000709400000|  0%| F|  |TAMS 0x0000000709200000| PB 0x0000000709200000| Untracked |  0
|  24|0x0000000709400000, 0x0000000709400000, 0x0000000709600000|  0%| F|  |TAMS 0x0000000709400000| PB 0x0000000709400000| Untracked |  0
|  25|0x0000000709600000, 0x0000000709600000, 0x0000000709800000|  0%| F|  |TAMS 0x0000000709600000| PB 0x0000000709600000| Untracked |  0
|  26|0x0000000709800000, 0x0000000709800000, 0x0000000709a00000|  0%| F|  |TAMS 0x0000000709800000| PB 0x0000000709800000| Untracked |  0
|  27|0x0000000709a00000, 0x0000000709a00000, 0x0000000709c00000|  0%| F|  |TAMS 0x0000000709a00000| PB 0x0000000709a00000| Untracked |  0
|  28|0x0000000709c00000, 0x0000000709c00000, 0x0000000709e00000|  0%| F|  |TAMS 0x0000000709c00000| PB 0x0000000709c00000| Untracked |  0
|  29|0x0000000709e00000, 0x0000000709e00000, 0x000000070a000000|  0%| F|  |TAMS 0x0000000709e00000| PB 0x0000000709e00000| Untracked |  0
|  30|0x000000070a000000, 0x000000070a000000, 0x000000070a200000|  0%| F|  |TAMS 0x000000070a000000| PB 0x000000070a000000| Untracked |  0
|  31|0x000000070a200000, 0x000000070a200000, 0x000000070a400000|  0%| F|  |TAMS 0x000000070a200000| PB 0x000000070a200000| Untracked |  0
|  32|0x000000070a400000, 0x000000070a400000, 0x000000070a600000|  0%| F|  |TAMS 0x000000070a400000| PB 0x000000070a400000| Untracked |  0
|  33|0x000000070a600000, 0x000000070a600000, 0x000000070a800000|  0%| F|  |TAMS 0x000000070a600000| PB 0x000000070a600000| Untracked |  0
|  34|0x000000070a800000, 0x000000070a800000, 0x000000070aa00000|  0%| F|  |TAMS 0x000000070a800000| PB 0x000000070a800000| Untracked |  0
|  35|0x000000070aa00000, 0x000000070aa00000, 0x000000070ac00000|  0%| F|  |TAMS 0x000000070aa00000| PB 0x000000070aa00000| Untracked |  0
|  36|0x000000070ac00000, 0x000000070ac00000, 0x000000070ae00000|  0%| F|  |TAMS 0x000000070ac00000| PB 0x000000070ac00000| Untracked |  0
|  37|0x000000070ae00000, 0x000000070ae00000, 0x000000070b000000|  0%| F|  |TAMS 0x000000070ae00000| PB 0x000000070ae00000| Untracked |  0
|  38|0x000000070b000000, 0x000000070b000000, 0x000000070b200000|  0%| F|  |TAMS 0x000000070b000000| PB 0x000000070b000000| Untracked |  0
|  39|0x000000070b200000, 0x000000070b200000, 0x000000070b400000|  0%| F|  |TAMS 0x000000070b200000| PB 0x000000070b200000| Untracked |  0
|  40|0x000000070b400000, 0x000000070b400000, 0x000000070b600000|  0%| F|  |TAMS 0x000000070b400000| PB 0x000000070b400000| Untracked |  0
|  41|0x000000070b600000, 0x000000070b600000, 0x000000070b800000|  0%| F|  |TAMS 0x000000070b600000| PB 0x000000070b600000| Untracked |  0
|  42|0x000000070b800000, 0x000000070b800000, 0x000000070ba00000|  0%| F|  |TAMS 0x000000070b800000| PB 0x000000070b800000| Untracked |  0
|  43|0x000000070ba00000, 0x000000070ba00000, 0x000000070bc00000|  0%| F|  |TAMS 0x000000070ba00000| PB 0x000000070ba00000| Untracked |  0
|  44|0x000000070bc00000, 0x000000070bc00000, 0x000000070be00000|  0%| F|  |TAMS 0x000000070bc00000| PB 0x000000070bc00000| Untracked |  0
|  45|0x000000070be00000, 0x000000070be00000, 0x000000070c000000|  0%| F|  |TAMS 0x000000070be00000| PB 0x000000070be00000| Untracked |  0
|  46|0x000000070c000000, 0x000000070c000000, 0x000000070c200000|  0%| F|  |TAMS 0x000000070c000000| PB 0x000000070c000000| Untracked |  0
|  47|0x000000070c200000, 0x000000070c200000, 0x000000070c400000|  0%| F|  |TAMS 0x000000070c200000| PB 0x000000070c200000| Untracked |  0
|  48|0x000000070c400000, 0x000000070c400000, 0x000000070c600000|  0%| F|  |TAMS 0x000000070c400000| PB 0x000000070c400000| Untracked |  0
|  49|0x000000070c600000, 0x000000070c600000, 0x000000070c800000|  0%| F|  |TAMS 0x000000070c600000| PB 0x000000070c600000| Untracked |  0
|  50|0x000000070c800000, 0x000000070c800000, 0x000000070ca00000|  0%| F|  |TAMS 0x000000070c800000| PB 0x000000070c800000| Untracked |  0
|  51|0x000000070ca00000, 0x000000070ca00000, 0x000000070cc00000|  0%| F|  |TAMS 0x000000070ca00000| PB 0x000000070ca00000| Untracked |  0
|  52|0x000000070cc00000, 0x000000070cc00000, 0x000000070ce00000|  0%| F|  |TAMS 0x000000070cc00000| PB 0x000000070cc00000| Untracked |  0
|  53|0x000000070ce00000, 0x000000070ce00000, 0x000000070d000000|  0%| F|  |TAMS 0x000000070ce00000| PB 0x000000070ce00000| Untracked |  0
|  54|0x000000070d000000, 0x000000070d000000, 0x000000070d200000|  0%| F|  |TAMS 0x000000070d000000| PB 0x000000070d000000| Untracked |  0
|  55|0x000000070d200000, 0x000000070d200000, 0x000000070d400000|  0%| F|  |TAMS 0x000000070d200000| PB 0x000000070d200000| Untracked |  0
|  56|0x000000070d400000, 0x000000070d400000, 0x000000070d600000|  0%| F|  |TAMS 0x000000070d400000| PB 0x000000070d400000| Untracked |  0
|  57|0x000000070d600000, 0x000000070d600000, 0x000000070d800000|  0%| F|  |TAMS 0x000000070d600000| PB 0x000000070d600000| Untracked |  0
|  58|0x000000070d800000, 0x000000070d800000, 0x000000070da00000|  0%| F|  |TAMS 0x000000070d800000| PB 0x000000070d800000| Untracked |  0
|  59|0x000000070da00000, 0x000000070da00000, 0x000000070dc00000|  0%| F|  |TAMS 0x000000070da00000| PB 0x000000070da00000| Untracked |  0
|  60|0x000000070dc00000, 0x000000070dc00000, 0x000000070de00000|  0%| F|  |TAMS 0x000000070dc00000| PB 0x000000070dc00000| Untracked |  0
|  61|0x000000070de00000, 0x000000070de00000, 0x000000070e000000|  0%| F|  |TAMS 0x000000070de00000| PB 0x000000070de00000| Untracked |  0
|  62|0x000000070e000000, 0x000000070e000000, 0x000000070e200000|  0%| F|  |TAMS 0x000000070e000000| PB 0x000000070e000000| Untracked |  0
|  63|0x000000070e200000, 0x000000070e200000, 0x000000070e400000|  0%| F|  |TAMS 0x000000070e200000| PB 0x000000070e200000| Untracked |  0
|  64|0x000000070e400000, 0x000000070e400000, 0x000000070e600000|  0%| F|  |TAMS 0x000000070e400000| PB 0x000000070e400000| Untracked |  0
|  65|0x000000070e600000, 0x000000070e600000, 0x000000070e800000|  0%| F|  |TAMS 0x000000070e600000| PB 0x000000070e600000| Untracked |  0
|  66|0x000000070e800000, 0x000000070e800000, 0x000000070ea00000|  0%| F|  |TAMS 0x000000070e800000| PB 0x000000070e800000| Untracked |  0
|  67|0x000000070ea00000, 0x000000070ea00000, 0x000000070ec00000|  0%| F|  |TAMS 0x000000070ea00000| PB 0x000000070ea00000| Untracked |  0
|  68|0x000000070ec00000, 0x000000070ec00000, 0x000000070ee00000|  0%| F|  |TAMS 0x000000070ec00000| PB 0x000000070ec00000| Untracked |  0
|  69|0x000000070ee00000, 0x000000070ee00000, 0x000000070f000000|  0%| F|  |TAMS 0x000000070ee00000| PB 0x000000070ee00000| Untracked |  0
|  70|0x000000070f000000, 0x000000070f000000, 0x000000070f200000|  0%| F|  |TAMS 0x000000070f000000| PB 0x000000070f000000| Untracked |  0
|  71|0x000000070f200000, 0x000000070f200000, 0x000000070f400000|  0%| F|  |TAMS 0x000000070f200000| PB 0x000000070f200000| Untracked |  0
|  72|0x000000070f400000, 0x000000070f400000, 0x000000070f600000|  0%| F|  |TAMS 0x000000070f400000| PB 0x000000070f400000| Untracked |  0
|  73|0x000000070f600000, 0x000000070f600000, 0x000000070f800000|  0%| F|  |TAMS 0x000000070f600000| PB 0x000000070f600000| Untracked |  0
|  74|0x000000070f800000, 0x000000070f800000, 0x000000070fa00000|  0%| F|  |TAMS 0x000000070f800000| PB 0x000000070f800000| Untracked |  0
|  75|0x000000070fa00000, 0x000000070fa00000, 0x000000070fc00000|  0%| F|  |TAMS 0x000000070fa00000| PB 0x000000070fa00000| Untracked |  0
|  76|0x000000070fc00000, 0x000000070fc00000, 0x000000070fe00000|  0%| F|  |TAMS 0x000000070fc00000| PB 0x000000070fc00000| Untracked |  0
|  77|0x000000070fe00000, 0x000000070fe00000, 0x0000000710000000|  0%| F|  |TAMS 0x000000070fe00000| PB 0x000000070fe00000| Untracked |  0
|  78|0x0000000710000000, 0x0000000710000000, 0x0000000710200000|  0%| F|  |TAMS 0x0000000710000000| PB 0x0000000710000000| Untracked |  0
|  79|0x0000000710200000, 0x0000000710200000, 0x0000000710400000|  0%| F|  |TAMS 0x0000000710200000| PB 0x0000000710200000| Untracked |  0
|  80|0x0000000710400000, 0x0000000710400000, 0x0000000710600000|  0%| F|  |TAMS 0x0000000710400000| PB 0x0000000710400000| Untracked |  0
|  81|0x0000000710600000, 0x0000000710600000, 0x0000000710800000|  0%| F|  |TAMS 0x0000000710600000| PB 0x0000000710600000| Untracked |  0
|  82|0x0000000710800000, 0x0000000710800000, 0x0000000710a00000|  0%| F|  |TAMS 0x0000000710800000| PB 0x0000000710800000| Untracked |  0
|  83|0x0000000710a00000, 0x0000000710a00000, 0x0000000710c00000|  0%| F|  |TAMS 0x0000000710a00000| PB 0x0000000710a00000| Untracked |  0
|  84|0x0000000710c00000, 0x0000000710c00000, 0x0000000710e00000|  0%| F|  |TAMS 0x0000000710c00000| PB 0x0000000710c00000| Untracked |  0
|  85|0x0000000710e00000, 0x0000000710e00000, 0x0000000711000000|  0%| F|  |TAMS 0x0000000710e00000| PB 0x0000000710e00000| Untracked |  0
|  86|0x0000000711000000, 0x0000000711000000, 0x0000000711200000|  0%| F|  |TAMS 0x0000000711000000| PB 0x0000000711000000| Untracked |  0
|  87|0x0000000711200000, 0x0000000711200000, 0x0000000711400000|  0%| F|  |TAMS 0x0000000711200000| PB 0x0000000711200000| Untracked |  0
|  88|0x0000000711400000, 0x0000000711400000, 0x0000000711600000|  0%| F|  |TAMS 0x0000000711400000| PB 0x0000000711400000| Untracked |  0
|  89|0x0000000711600000, 0x0000000711600000, 0x0000000711800000|  0%| F|  |TAMS 0x0000000711600000| PB 0x0000000711600000| Untracked |  0
|  90|0x0000000711800000, 0x0000000711800000, 0x0000000711a00000|  0%| F|  |TAMS 0x0000000711800000| PB 0x0000000711800000| Untracked |  0
|  91|0x0000000711a00000, 0x0000000711a00000, 0x0000000711c00000|  0%| F|  |TAMS 0x0000000711a00000| PB 0x0000000711a00000| Untracked |  0
|  92|0x0000000711c00000, 0x0000000711c00000, 0x0000000711e00000|  0%| F|  |TAMS 0x0000000711c00000| PB 0x0000000711c00000| Untracked |  0
|  93|0x0000000711e00000, 0x0000000711e00000, 0x0000000712000000|  0%| F|  |TAMS 0x0000000711e00000| PB 0x0000000711e00000| Untracked |  0
|  94|0x0000000712000000, 0x0000000712000000, 0x0000000712200000|  0%| F|  |TAMS 0x0000000712000000| PB 0x0000000712000000| Untracked |  0
|  95|0x0000000712200000, 0x0000000712200000, 0x0000000712400000|  0%| F|  |TAMS 0x0000000712200000| PB 0x0000000712200000| Untracked |  0
|  96|0x0000000712400000, 0x0000000712400000, 0x0000000712600000|  0%| F|  |TAMS 0x0000000712400000| PB 0x0000000712400000| Untracked |  0
|  97|0x0000000712600000, 0x0000000712600000, 0x0000000712800000|  0%| F|  |TAMS 0x0000000712600000| PB 0x0000000712600000| Untracked |  0
|  98|0x0000000712800000, 0x0000000712800000, 0x0000000712a00000|  0%| F|  |TAMS 0x0000000712800000| PB 0x0000000712800000| Untracked |  0
|  99|0x0000000712a00000, 0x0000000712a00000, 0x0000000712c00000|  0%| F|  |TAMS 0x0000000712a00000| PB 0x0000000712a00000| Untracked |  0
| 100|0x0000000712c00000, 0x0000000712c00000, 0x0000000712e00000|  0%| F|  |TAMS 0x0000000712c00000| PB 0x0000000712c00000| Untracked |  0
| 101|0x0000000712e00000, 0x0000000712e00000, 0x0000000713000000|  0%| F|  |TAMS 0x0000000712e00000| PB 0x0000000712e00000| Untracked |  0
| 102|0x0000000713000000, 0x0000000713000000, 0x0000000713200000|  0%| F|  |TAMS 0x0000000713000000| PB 0x0000000713000000| Untracked |  0
| 103|0x0000000713200000, 0x0000000713200000, 0x0000000713400000|  0%| F|  |TAMS 0x0000000713200000| PB 0x0000000713200000| Untracked |  0
| 104|0x0000000713400000, 0x0000000713400000, 0x0000000713600000|  0%| F|  |TAMS 0x0000000713400000| PB 0x0000000713400000| Untracked |  0
| 105|0x0000000713600000, 0x0000000713600000, 0x0000000713800000|  0%| F|  |TAMS 0x0000000713600000| PB 0x0000000713600000| Untracked |  0
| 106|0x0000000713800000, 0x0000000713800000, 0x0000000713a00000|  0%| F|  |TAMS 0x0000000713800000| PB 0x0000000713800000| Untracked |  0
| 107|0x0000000713a00000, 0x0000000713a00000, 0x0000000713c00000|  0%| F|  |TAMS 0x0000000713a00000| PB 0x0000000713a00000| Untracked |  0
| 108|0x0000000713c00000, 0x0000000713cfa370, 0x0000000713e00000| 48%| S|CS|TAMS 0x0000000713c00000| PB 0x0000000713c00000| Complete |  0
| 109|0x0000000713e00000, 0x0000000713e00000, 0x0000000714000000|  0%| F|  |TAMS 0x0000000713e00000| PB 0x0000000713e00000| Untracked |  0
| 110|0x0000000714000000, 0x0000000714000000, 0x0000000714200000|  0%| F|  |TAMS 0x0000000714000000| PB 0x0000000714000000| Untracked |  0
| 111|0x0000000714200000, 0x0000000714200000, 0x0000000714400000|  0%| F|  |TAMS 0x0000000714200000| PB 0x0000000714200000| Untracked |  0
| 112|0x0000000714400000, 0x0000000714400000, 0x0000000714600000|  0%| F|  |TAMS 0x0000000714400000| PB 0x0000000714400000| Untracked |  0
| 113|0x0000000714600000, 0x0000000714600000, 0x0000000714800000|  0%| F|  |TAMS 0x0000000714600000| PB 0x0000000714600000| Untracked |  0
| 114|0x0000000714800000, 0x0000000714800000, 0x0000000714a00000|  0%| F|  |TAMS 0x0000000714800000| PB 0x0000000714800000| Untracked |  0
| 115|0x0000000714a00000, 0x0000000714a00000, 0x0000000714c00000|  0%| F|  |TAMS 0x0000000714a00000| PB 0x0000000714a00000| Untracked |  0
| 116|0x0000000714c00000, 0x0000000714c00000, 0x0000000714e00000|  0%| F|  |TAMS 0x0000000714c00000| PB 0x0000000714c00000| Untracked |  0
| 117|0x0000000714e00000, 0x0000000714e00000, 0x0000000715000000|  0%| F|  |TAMS 0x0000000714e00000| PB 0x0000000714e00000| Untracked |  0
| 118|0x0000000715000000, 0x0000000715000000, 0x0000000715200000|  0%| F|  |TAMS 0x0000000715000000| PB 0x0000000715000000| Untracked |  0
| 119|0x0000000715200000, 0x0000000715200000, 0x0000000715400000|  0%| F|  |TAMS 0x0000000715200000| PB 0x0000000715200000| Untracked |  0
| 120|0x0000000715400000, 0x0000000715400000, 0x0000000715600000|  0%| F|  |TAMS 0x0000000715400000| PB 0x0000000715400000| Untracked |  0
| 121|0x0000000715600000, 0x0000000715600000, 0x0000000715800000|  0%| F|  |TAMS 0x0000000715600000| PB 0x0000000715600000| Untracked |  0
| 122|0x0000000715800000, 0x0000000715800000, 0x0000000715a00000|  0%| F|  |TAMS 0x0000000715800000| PB 0x0000000715800000| Untracked |  0
| 123|0x0000000715a00000, 0x0000000715a00000, 0x0000000715c00000|  0%| F|  |TAMS 0x0000000715a00000| PB 0x0000000715a00000| Untracked |  0
| 124|0x0000000715c00000, 0x0000000715c00000, 0x0000000715e00000|  0%| F|  |TAMS 0x0000000715c00000| PB 0x0000000715c00000| Untracked |  0
| 125|0x0000000715e00000, 0x0000000715e00000, 0x0000000716000000|  0%| F|  |TAMS 0x0000000715e00000| PB 0x0000000715e00000| Untracked |  0
| 126|0x0000000716000000, 0x0000000716000000, 0x0000000716200000|  0%| F|  |TAMS 0x0000000716000000| PB 0x0000000716000000| Untracked |  0
| 127|0x0000000716200000, 0x0000000716200000, 0x0000000716400000|  0%| F|  |TAMS 0x0000000716200000| PB 0x0000000716200000| Untracked |  0
| 128|0x0000000716400000, 0x0000000716400000, 0x0000000716600000|  0%| F|  |TAMS 0x0000000716400000| PB 0x0000000716400000| Untracked |  0
| 129|0x0000000716600000, 0x0000000716600000, 0x0000000716800000|  0%| F|  |TAMS 0x0000000716600000| PB 0x0000000716600000| Untracked |  0
| 130|0x0000000716800000, 0x0000000716800000, 0x0000000716a00000|  0%| F|  |TAMS 0x0000000716800000| PB 0x0000000716800000| Untracked |  0
| 131|0x0000000716a00000, 0x0000000716a00000, 0x0000000716c00000|  0%| F|  |TAMS 0x0000000716a00000| PB 0x0000000716a00000| Untracked |  0
| 132|0x0000000716c00000, 0x0000000716c00000, 0x0000000716e00000|  0%| F|  |TAMS 0x0000000716c00000| PB 0x0000000716c00000| Untracked |  0
| 133|0x0000000716e00000, 0x0000000716e00000, 0x0000000717000000|  0%| F|  |TAMS 0x0000000716e00000| PB 0x0000000716e00000| Untracked |  0
| 134|0x0000000717000000, 0x0000000717000000, 0x0000000717200000|  0%| F|  |TAMS 0x0000000717000000| PB 0x0000000717000000| Untracked |  0
| 135|0x0000000717200000, 0x0000000717200000, 0x0000000717400000|  0%| F|  |TAMS 0x0000000717200000| PB 0x0000000717200000| Untracked |  0
| 136|0x0000000717400000, 0x0000000717400000, 0x0000000717600000|  0%| F|  |TAMS 0x0000000717400000| PB 0x0000000717400000| Untracked |  0
| 137|0x0000000717600000, 0x0000000717600000, 0x0000000717800000|  0%| F|  |TAMS 0x0000000717600000| PB 0x0000000717600000| Untracked |  0
| 138|0x0000000717800000, 0x0000000717800000, 0x0000000717a00000|  0%| F|  |TAMS 0x0000000717800000| PB 0x0000000717800000| Untracked |  0
| 139|0x0000000717a00000, 0x0000000717a00000, 0x0000000717c00000|  0%| F|  |TAMS 0x0000000717a00000| PB 0x0000000717a00000| Untracked |  0
| 140|0x0000000717c00000, 0x0000000717c00000, 0x0000000717e00000|  0%| F|  |TAMS 0x0000000717c00000| PB 0x0000000717c00000| Untracked |  0
| 141|0x0000000717e00000, 0x0000000717e00000, 0x0000000718000000|  0%| F|  |TAMS 0x0000000717e00000| PB 0x0000000717e00000| Untracked |  0
| 142|0x0000000718000000, 0x0000000718000000, 0x0000000718200000|  0%| F|  |TAMS 0x0000000718000000| PB 0x0000000718000000| Untracked |  0
| 143|0x0000000718200000, 0x0000000718200000, 0x0000000718400000|  0%| F|  |TAMS 0x0000000718200000| PB 0x0000000718200000| Untracked |  0
| 144|0x0000000718400000, 0x0000000718400000, 0x0000000718600000|  0%| F|  |TAMS 0x0000000718400000| PB 0x0000000718400000| Untracked |  0
| 145|0x0000000718600000, 0x0000000718600000, 0x0000000718800000|  0%| F|  |TAMS 0x0000000718600000| PB 0x0000000718600000| Untracked |  0
| 146|0x0000000718800000, 0x0000000718800000, 0x0000000718a00000|  0%| F|  |TAMS 0x0000000718800000| PB 0x0000000718800000| Untracked |  0
| 147|0x0000000718a00000, 0x0000000718a00000, 0x0000000718c00000|  0%| F|  |TAMS 0x0000000718a00000| PB 0x0000000718a00000| Untracked |  0
| 148|0x0000000718c00000, 0x0000000718c00000, 0x0000000718e00000|  0%| F|  |TAMS 0x0000000718c00000| PB 0x0000000718c00000| Untracked |  0
| 149|0x0000000718e00000, 0x0000000718e00000, 0x0000000719000000|  0%| F|  |TAMS 0x0000000718e00000| PB 0x0000000718e00000| Untracked |  0
| 150|0x0000000719000000, 0x0000000719000000, 0x0000000719200000|  0%| F|  |TAMS 0x0000000719000000| PB 0x0000000719000000| Untracked |  0
| 151|0x0000000719200000, 0x0000000719200000, 0x0000000719400000|  0%| F|  |TAMS 0x0000000719200000| PB 0x0000000719200000| Untracked |  0
| 152|0x0000000719400000, 0x0000000719400000, 0x0000000719600000|  0%| F|  |TAMS 0x0000000719400000| PB 0x0000000719400000| Untracked |  0
| 153|0x0000000719600000, 0x0000000719600000, 0x0000000719800000|  0%| F|  |TAMS 0x0000000719600000| PB 0x0000000719600000| Untracked |  0
| 154|0x0000000719800000, 0x0000000719800000, 0x0000000719a00000|  0%| F|  |TAMS 0x0000000719800000| PB 0x0000000719800000| Untracked |  0
| 155|0x0000000719a00000, 0x0000000719a00000, 0x0000000719c00000|  0%| F|  |TAMS 0x0000000719a00000| PB 0x0000000719a00000| Untracked |  0
| 156|0x0000000719c00000, 0x0000000719c00000, 0x0000000719e00000|  0%| F|  |TAMS 0x0000000719c00000| PB 0x0000000719c00000| Untracked |  0
| 157|0x0000000719e00000, 0x0000000719e00000, 0x000000071a000000|  0%| F|  |TAMS 0x0000000719e00000| PB 0x0000000719e00000| Untracked |  0
| 158|0x000000071a000000, 0x000000071a000000, 0x000000071a200000|  0%| F|  |TAMS 0x000000071a000000| PB 0x000000071a000000| Untracked |  0
| 159|0x000000071a200000, 0x000000071a200000, 0x000000071a400000|  0%| F|  |TAMS 0x000000071a200000| PB 0x000000071a200000| Untracked |  0
| 160|0x000000071a400000, 0x000000071a400000, 0x000000071a600000|  0%| F|  |TAMS 0x000000071a400000| PB 0x000000071a400000| Untracked |  0
| 161|0x000000071a600000, 0x000000071a600000, 0x000000071a800000|  0%| F|  |TAMS 0x000000071a600000| PB 0x000000071a600000| Untracked |  0
| 162|0x000000071a800000, 0x000000071a800000, 0x000000071aa00000|  0%| F|  |TAMS 0x000000071a800000| PB 0x000000071a800000| Untracked |  0
| 163|0x000000071aa00000, 0x000000071aa00000, 0x000000071ac00000|  0%| F|  |TAMS 0x000000071aa00000| PB 0x000000071aa00000| Untracked |  0
| 164|0x000000071ac00000, 0x000000071ac00000, 0x000000071ae00000|  0%| F|  |TAMS 0x000000071ac00000| PB 0x000000071ac00000| Untracked |  0
| 165|0x000000071ae00000, 0x000000071ae00000, 0x000000071b000000|  0%| F|  |TAMS 0x000000071ae00000| PB 0x000000071ae00000| Untracked |  0
| 166|0x000000071b000000, 0x000000071b000000, 0x000000071b200000|  0%| F|  |TAMS 0x000000071b000000| PB 0x000000071b000000| Untracked |  0
| 167|0x000000071b200000, 0x000000071b200000, 0x000000071b400000|  0%| F|  |TAMS 0x000000071b200000| PB 0x000000071b200000| Untracked |  0
| 168|0x000000071b400000, 0x000000071b400000, 0x000000071b600000|  0%| F|  |TAMS 0x000000071b400000| PB 0x000000071b400000| Untracked |  0
| 169|0x000000071b600000, 0x000000071b600000, 0x000000071b800000|  0%| F|  |TAMS 0x000000071b600000| PB 0x000000071b600000| Untracked |  0
| 170|0x000000071b800000, 0x000000071b800000, 0x000000071ba00000|  0%| F|  |TAMS 0x000000071b800000| PB 0x000000071b800000| Untracked |  0
| 171|0x000000071ba00000, 0x000000071ba00000, 0x000000071bc00000|  0%| F|  |TAMS 0x000000071ba00000| PB 0x000000071ba00000| Untracked |  0
| 172|0x000000071bc00000, 0x000000071bc00000, 0x000000071be00000|  0%| F|  |TAMS 0x000000071bc00000| PB 0x000000071bc00000| Untracked |  0
| 173|0x000000071be00000, 0x000000071be00000, 0x000000071c000000|  0%| F|  |TAMS 0x000000071be00000| PB 0x000000071be00000| Untracked |  0
| 174|0x000000071c000000, 0x000000071c000000, 0x000000071c200000|  0%| F|  |TAMS 0x000000071c000000| PB 0x000000071c000000| Untracked |  0
| 175|0x000000071c200000, 0x000000071c200000, 0x000000071c400000|  0%| F|  |TAMS 0x000000071c200000| PB 0x000000071c200000| Untracked |  0
| 176|0x000000071c400000, 0x000000071c400000, 0x000000071c600000|  0%| F|  |TAMS 0x000000071c400000| PB 0x000000071c400000| Untracked |  0
| 177|0x000000071c600000, 0x000000071c600000, 0x000000071c800000|  0%| F|  |TAMS 0x000000071c600000| PB 0x000000071c600000| Untracked |  0
| 178|0x000000071c800000, 0x000000071c800000, 0x000000071ca00000|  0%| F|  |TAMS 0x000000071c800000| PB 0x000000071c800000| Untracked |  0
| 179|0x000000071ca00000, 0x000000071ca00000, 0x000000071cc00000|  0%| F|  |TAMS 0x000000071ca00000| PB 0x000000071ca00000| Untracked |  0
| 180|0x000000071cc00000, 0x000000071cc00000, 0x000000071ce00000|  0%| F|  |TAMS 0x000000071cc00000| PB 0x000000071cc00000| Untracked |  0
| 181|0x000000071ce00000, 0x000000071ce00000, 0x000000071d000000|  0%| F|  |TAMS 0x000000071ce00000| PB 0x000000071ce00000| Untracked |  0
| 182|0x000000071d000000, 0x000000071d000000, 0x000000071d200000|  0%| F|  |TAMS 0x000000071d000000| PB 0x000000071d000000| Untracked |  0
| 183|0x000000071d200000, 0x000000071d200000, 0x000000071d400000|  0%| F|  |TAMS 0x000000071d200000| PB 0x000000071d200000| Untracked |  0
| 184|0x000000071d400000, 0x000000071d400000, 0x000000071d600000|  0%| F|  |TAMS 0x000000071d400000| PB 0x000000071d400000| Untracked |  0
| 185|0x000000071d600000, 0x000000071d600000, 0x000000071d800000|  0%| F|  |TAMS 0x000000071d600000| PB 0x000000071d600000| Untracked |  0
| 186|0x000000071d800000, 0x000000071d800000, 0x000000071da00000|  0%| F|  |TAMS 0x000000071d800000| PB 0x000000071d800000| Untracked |  0
| 187|0x000000071da00000, 0x000000071da00000, 0x000000071dc00000|  0%| F|  |TAMS 0x000000071da00000| PB 0x000000071da00000| Untracked |  0
| 188|0x000000071dc00000, 0x000000071dc00000, 0x000000071de00000|  0%| F|  |TAMS 0x000000071dc00000| PB 0x000000071dc00000| Untracked |  0
| 189|0x000000071de00000, 0x000000071de00000, 0x000000071e000000|  0%| F|  |TAMS 0x000000071de00000| PB 0x000000071de00000| Untracked |  0
| 190|0x000000071e000000, 0x000000071e000000, 0x000000071e200000|  0%| F|  |TAMS 0x000000071e000000| PB 0x000000071e000000| Untracked |  0
| 191|0x000000071e200000, 0x000000071e200000, 0x000000071e400000|  0%| F|  |TAMS 0x000000071e200000| PB 0x000000071e200000| Untracked |  0
| 192|0x000000071e400000, 0x000000071e400000, 0x000000071e600000|  0%| F|  |TAMS 0x000000071e400000| PB 0x000000071e400000| Untracked |  0
| 193|0x000000071e600000, 0x000000071e600000, 0x000000071e800000|  0%| F|  |TAMS 0x000000071e600000| PB 0x000000071e600000| Untracked |  0
| 194|0x000000071e800000, 0x000000071e800000, 0x000000071ea00000|  0%| F|  |TAMS 0x000000071e800000| PB 0x000000071e800000| Untracked |  0
| 195|0x000000071ea00000, 0x000000071ea00000, 0x000000071ec00000|  0%| F|  |TAMS 0x000000071ea00000| PB 0x000000071ea00000| Untracked |  0
| 196|0x000000071ec00000, 0x000000071ec00000, 0x000000071ee00000|  0%| F|  |TAMS 0x000000071ec00000| PB 0x000000071ec00000| Untracked |  0
| 197|0x000000071ee00000, 0x000000071ee00000, 0x000000071f000000|  0%| F|  |TAMS 0x000000071ee00000| PB 0x000000071ee00000| Untracked |  0
| 198|0x000000071f000000, 0x000000071f000000, 0x000000071f200000|  0%| F|  |TAMS 0x000000071f000000| PB 0x000000071f000000| Untracked |  0
| 199|0x000000071f200000, 0x000000071f200000, 0x000000071f400000|  0%| F|  |TAMS 0x000000071f200000| PB 0x000000071f200000| Untracked |  0
| 200|0x000000071f400000, 0x000000071f400000, 0x000000071f600000|  0%| F|  |TAMS 0x000000071f400000| PB 0x000000071f400000| Untracked |  0
| 201|0x000000071f600000, 0x000000071f600000, 0x000000071f800000|  0%| F|  |TAMS 0x000000071f600000| PB 0x000000071f600000| Untracked |  0
| 202|0x000000071f800000, 0x000000071f800000, 0x000000071fa00000|  0%| F|  |TAMS 0x000000071f800000| PB 0x000000071f800000| Untracked |  0
| 203|0x000000071fa00000, 0x000000071fa00000, 0x000000071fc00000|  0%| F|  |TAMS 0x000000071fa00000| PB 0x000000071fa00000| Untracked |  0
| 204|0x000000071fc00000, 0x000000071fc00000, 0x000000071fe00000|  0%| F|  |TAMS 0x000000071fc00000| PB 0x000000071fc00000| Untracked |  0
| 205|0x000000071fe00000, 0x000000071fe00000, 0x0000000720000000|  0%| F|  |TAMS 0x000000071fe00000| PB 0x000000071fe00000| Untracked |  0
| 206|0x0000000720000000, 0x0000000720000000, 0x0000000720200000|  0%| F|  |TAMS 0x0000000720000000| PB 0x0000000720000000| Untracked |  0
| 207|0x0000000720200000, 0x0000000720200000, 0x0000000720400000|  0%| F|  |TAMS 0x0000000720200000| PB 0x0000000720200000| Untracked |  0
| 208|0x0000000720400000, 0x0000000720400000, 0x0000000720600000|  0%| F|  |TAMS 0x0000000720400000| PB 0x0000000720400000| Untracked |  0
| 209|0x0000000720600000, 0x0000000720600000, 0x0000000720800000|  0%| F|  |TAMS 0x0000000720600000| PB 0x0000000720600000| Untracked |  0
| 210|0x0000000720800000, 0x0000000720800000, 0x0000000720a00000|  0%| F|  |TAMS 0x0000000720800000| PB 0x0000000720800000| Untracked |  0
| 211|0x0000000720a00000, 0x0000000720a00000, 0x0000000720c00000|  0%| F|  |TAMS 0x0000000720a00000| PB 0x0000000720a00000| Untracked |  0
| 212|0x0000000720c00000, 0x0000000720c00000, 0x0000000720e00000|  0%| F|  |TAMS 0x0000000720c00000| PB 0x0000000720c00000| Untracked |  0
| 213|0x0000000720e00000, 0x0000000720e00000, 0x0000000721000000|  0%| F|  |TAMS 0x0000000720e00000| PB 0x0000000720e00000| Untracked |  0
| 214|0x0000000721000000, 0x0000000721000000, 0x0000000721200000|  0%| F|  |TAMS 0x0000000721000000| PB 0x0000000721000000| Untracked |  0
| 215|0x0000000721200000, 0x0000000721200000, 0x0000000721400000|  0%| F|  |TAMS 0x0000000721200000| PB 0x0000000721200000| Untracked |  0
| 216|0x0000000721400000, 0x0000000721400000, 0x0000000721600000|  0%| F|  |TAMS 0x0000000721400000| PB 0x0000000721400000| Untracked |  0
| 217|0x0000000721600000, 0x0000000721600000, 0x0000000721800000|  0%| F|  |TAMS 0x0000000721600000| PB 0x0000000721600000| Untracked |  0
| 218|0x0000000721800000, 0x0000000721800000, 0x0000000721a00000|  0%| F|  |TAMS 0x0000000721800000| PB 0x0000000721800000| Untracked |  0
| 219|0x0000000721a00000, 0x0000000721a00000, 0x0000000721c00000|  0%| F|  |TAMS 0x0000000721a00000| PB 0x0000000721a00000| Untracked |  0
| 220|0x0000000721c00000, 0x0000000721c00000, 0x0000000721e00000|  0%| F|  |TAMS 0x0000000721c00000| PB 0x0000000721c00000| Untracked |  0
| 221|0x0000000721e00000, 0x0000000721e00000, 0x0000000722000000|  0%| F|  |TAMS 0x0000000721e00000| PB 0x0000000721e00000| Untracked |  0
| 222|0x0000000722000000, 0x0000000722000000, 0x0000000722200000|  0%| F|  |TAMS 0x0000000722000000| PB 0x0000000722000000| Untracked |  0
| 223|0x0000000722200000, 0x0000000722200000, 0x0000000722400000|  0%| F|  |TAMS 0x0000000722200000| PB 0x0000000722200000| Untracked |  0
| 224|0x0000000722400000, 0x0000000722400000, 0x0000000722600000|  0%| F|  |TAMS 0x0000000722400000| PB 0x0000000722400000| Untracked |  0
| 225|0x0000000722600000, 0x0000000722600000, 0x0000000722800000|  0%| F|  |TAMS 0x0000000722600000| PB 0x0000000722600000| Untracked |  0
| 226|0x0000000722800000, 0x0000000722800000, 0x0000000722a00000|  0%| F|  |TAMS 0x0000000722800000| PB 0x0000000722800000| Untracked |  0
| 227|0x0000000722a00000, 0x0000000722a00000, 0x0000000722c00000|  0%| F|  |TAMS 0x0000000722a00000| PB 0x0000000722a00000| Untracked |  0
| 228|0x0000000722c00000, 0x0000000722c00000, 0x0000000722e00000|  0%| F|  |TAMS 0x0000000722c00000| PB 0x0000000722c00000| Untracked |  0
| 229|0x0000000722e00000, 0x0000000722e00000, 0x0000000723000000|  0%| F|  |TAMS 0x0000000722e00000| PB 0x0000000722e00000| Untracked |  0
| 230|0x0000000723000000, 0x0000000723000000, 0x0000000723200000|  0%| F|  |TAMS 0x0000000723000000| PB 0x0000000723000000| Untracked |  0
| 231|0x0000000723200000, 0x0000000723200000, 0x0000000723400000|  0%| F|  |TAMS 0x0000000723200000| PB 0x0000000723200000| Untracked |  0
| 232|0x0000000723400000, 0x0000000723400000, 0x0000000723600000|  0%| F|  |TAMS 0x0000000723400000| PB 0x0000000723400000| Untracked |  0
| 233|0x0000000723600000, 0x0000000723600000, 0x0000000723800000|  0%| F|  |TAMS 0x0000000723600000| PB 0x0000000723600000| Untracked |  0
| 234|0x0000000723800000, 0x0000000723800000, 0x0000000723a00000|  0%| F|  |TAMS 0x0000000723800000| PB 0x0000000723800000| Untracked |  0
| 235|0x0000000723a00000, 0x0000000723a00000, 0x0000000723c00000|  0%| F|  |TAMS 0x0000000723a00000| PB 0x0000000723a00000| Untracked |  0
| 236|0x0000000723c00000, 0x0000000723c00000, 0x0000000723e00000|  0%| F|  |TAMS 0x0000000723c00000| PB 0x0000000723c00000| Untracked |  0
| 237|0x0000000723e00000, 0x0000000723e00000, 0x0000000724000000|  0%| F|  |TAMS 0x0000000723e00000| PB 0x0000000723e00000| Untracked |  0
| 238|0x0000000724000000, 0x0000000724000000, 0x0000000724200000|  0%| F|  |TAMS 0x0000000724000000| PB 0x0000000724000000| Untracked |  0
| 239|0x0000000724200000, 0x0000000724200000, 0x0000000724400000|  0%| F|  |TAMS 0x0000000724200000| PB 0x0000000724200000| Untracked |  0
| 240|0x0000000724400000, 0x0000000724400000, 0x0000000724600000|  0%| F|  |TAMS 0x0000000724400000| PB 0x0000000724400000| Untracked |  0
| 241|0x0000000724600000, 0x0000000724600000, 0x0000000724800000|  0%| F|  |TAMS 0x0000000724600000| PB 0x0000000724600000| Untracked |  0
| 242|0x0000000724800000, 0x0000000724800000, 0x0000000724a00000|  0%| F|  |TAMS 0x0000000724800000| PB 0x0000000724800000| Untracked |  0
| 243|0x0000000724a00000, 0x0000000724a00000, 0x0000000724c00000|  0%| F|  |TAMS 0x0000000724a00000| PB 0x0000000724a00000| Untracked |  0
| 244|0x0000000724c00000, 0x0000000724c00000, 0x0000000724e00000|  0%| F|  |TAMS 0x0000000724c00000| PB 0x0000000724c00000| Untracked |  0
| 245|0x0000000724e00000, 0x0000000724e00000, 0x0000000725000000|  0%| F|  |TAMS 0x0000000724e00000| PB 0x0000000724e00000| Untracked |  0
| 246|0x0000000725000000, 0x0000000725000000, 0x0000000725200000|  0%| F|  |TAMS 0x0000000725000000| PB 0x0000000725000000| Untracked |  0
| 247|0x0000000725200000, 0x0000000725200000, 0x0000000725400000|  0%| F|  |TAMS 0x0000000725200000| PB 0x0000000725200000| Untracked |  0
| 248|0x0000000725400000, 0x0000000725400000, 0x0000000725600000|  0%| F|  |TAMS 0x0000000725400000| PB 0x0000000725400000| Untracked |  0
| 249|0x0000000725600000, 0x0000000725600000, 0x0000000725800000|  0%| F|  |TAMS 0x0000000725600000| PB 0x0000000725600000| Untracked |  0
| 250|0x0000000725800000, 0x0000000725800000, 0x0000000725a00000|  0%| F|  |TAMS 0x0000000725800000| PB 0x0000000725800000| Untracked |  0
| 251|0x0000000725a00000, 0x0000000725a00000, 0x0000000725c00000|  0%| F|  |TAMS 0x0000000725a00000| PB 0x0000000725a00000| Untracked |  0
| 252|0x0000000725c00000, 0x0000000725c00000, 0x0000000725e00000|  0%| F|  |TAMS 0x0000000725c00000| PB 0x0000000725c00000| Untracked |  0
| 253|0x0000000725e00000, 0x0000000725e00000, 0x0000000726000000|  0%| F|  |TAMS 0x0000000725e00000| PB 0x0000000725e00000| Untracked |  0
| 254|0x0000000726000000, 0x0000000726000000, 0x0000000726200000|  0%| F|  |TAMS 0x0000000726000000| PB 0x0000000726000000| Untracked |  0
| 255|0x0000000726200000, 0x0000000726200000, 0x0000000726400000|  0%| F|  |TAMS 0x0000000726200000| PB 0x0000000726200000| Untracked |  0
| 256|0x0000000726400000, 0x0000000726400000, 0x0000000726600000|  0%| F|  |TAMS 0x0000000726400000| PB 0x0000000726400000| Untracked |  0
| 257|0x0000000726600000, 0x0000000726600000, 0x0000000726800000|  0%| F|  |TAMS 0x0000000726600000| PB 0x0000000726600000| Untracked |  0
| 258|0x0000000726800000, 0x0000000726800000, 0x0000000726a00000|  0%| F|  |TAMS 0x0000000726800000| PB 0x0000000726800000| Untracked |  0

Card table byte_map: [0x000002c7d4a50000,0x000002c7d5220000] _byte_map_base: 0x000002c7d121e000

Marking Bits: (CMBitMap*) 0x000002c7c0f02110
 Bits: [0x000002c7d5220000, 0x000002c7d9090000)

Polling page: 0x000002c7c0650000

Metaspace:

Usage:
  Non-class:    742.07 KB used.
      Class:     69.76 KB used.
       Both:    811.83 KB used.

Virtual space:
  Non-class space:       64.00 MB reserved,     768.00 KB (  1%) committed,  1 nodes.
      Class space:        1.00 GB reserved,     128.00 KB ( <1%) committed,  1 nodes.
             Both:        1.06 GB reserved,     896.00 KB ( <1%) committed. 

Chunk freelists:
   Non-Class:  11.94 MB
       Class:  15.72 MB
        Both:  27.66 MB

MaxMetaspaceSize: unlimited
CompressedClassSpaceSize: 1.00 GB
Initial GC threshold: 21.00 MB
Current GC threshold: 21.00 MB
CDS: on
 - commit_granule_bytes: 65536.
 - commit_granule_words: 8192.
 - virtual_space_node_default_size: 8388608.
 - enlarge_chunks_in_place: 1.
 - use_allocation_guard: 0.


Internal statistics:

num_allocs_failed_limit: 0.
num_arena_births: 52.
num_arena_deaths: 0.
num_vsnodes_births: 2.
num_vsnodes_deaths: 0.
num_space_committed: 14.
num_space_uncommitted: 0.
num_chunks_returned_to_freelist: 0.
num_chunks_taken_from_freelist: 56.
num_chunk_merges: 0.
num_chunk_splits: 39.
num_chunks_enlarged: 23.
num_inconsistent_stats: 0.

CodeHeap 'non-profiled nmethods': size=120064Kb used=130Kb max_used=130Kb free=119933Kb
 bounds [0x000002c7cc7f0000, 0x000002c7cca60000, 0x000002c7d3d30000]
CodeHeap 'profiled nmethods': size=120000Kb used=321Kb max_used=321Kb free=119678Kb
 bounds [0x000002c7c4d30000, 0x000002c7c4fa0000, 0x000002c7cc260000]
CodeHeap 'non-nmethods': size=5696Kb used=1296Kb max_used=1310Kb free=4399Kb
 bounds [0x000002c7cc260000, 0x000002c7cc4d0000, 0x000002c7cc7f0000]
CodeCache: size=245760Kb, used=1747Kb, max_used=1761Kb, free=244010Kb
 total_blobs=788, nmethods=371, adapters=324, full_count=0
Compilation: enabled, stopped_count=0, restarted_count=0

Compilation events (20 events):
Event: 0.240 Thread 0x000002c7dbebcd70  362       4       java.lang.invoke.DirectMethodHandle$Holder::invokeStatic (17 bytes)
Event: 0.241 Thread 0x000002c7dbebcd70 nmethod 362 0x000002c7cc80e808 code [0x000002c7cc80e920, 0x000002c7cc80ea10]
Event: 0.241 Thread 0x000002c7dbebcd70  363       4       java.lang.invoke.Invokers$Holder::linkToTargetMethod (10 bytes)
Event: 0.242 Thread 0x000002c7dbebcd70 nmethod 363 0x000002c7cc80eb08 code [0x000002c7cc80ec20, 0x000002c7cc80ed18]
Event: 0.242 Thread 0x000002c7dbebcd70  364       4       java.lang.invoke.LambdaForm$MH/0x000002c7dd006400::invoke (99 bytes)
Event: 0.244 Thread 0x000002c7dbebcd70 nmethod 364 0x000002c7cc80ee08 code [0x000002c7cc80efa0, 0x000002c7cc80f2e0]
Event: 0.244 Thread 0x000002c7dbebcd70  365       4       java.lang.invoke.DirectMethodHandle$Holder::invokeStatic (14 bytes)
Event: 0.245 Thread 0x000002c7dbebcd70 nmethod 365 0x000002c7cc80f388 code [0x000002c7cc80f4a0, 0x000002c7cc80f580]
Event: 0.245 Thread 0x000002c7dbebcd70  366       4       java.lang.invoke.LambdaForm$MH/0x000002c7dd005c00::invoke (46 bytes)
Event: 0.245 Thread 0x000002c7dbebcd70 nmethod 366 0x000002c7cc80f688 code [0x000002c7cc80f7c0, 0x000002c7cc80f988]
Event: 0.245 Thread 0x000002c7dbebcd70  367       4       java.lang.invoke.DelegatingMethodHandle$Holder::reinvoke_L (20 bytes)
Event: 0.246 Thread 0x000002c7dbebcd70 nmethod 367 0x000002c7cc80fa08 code [0x000002c7cc80fb20, 0x000002c7cc80fc58]
Event: 0.246 Thread 0x000002c7dbebcd70  368       4       java.lang.invoke.DirectMethodHandle$Holder::invokeStatic (17 bytes)
Event: 0.246 Thread 0x000002c7dbebcd70 nmethod 368 0x000002c7cc80fd08 code [0x000002c7cc80fe20, 0x000002c7cc80ff10]
Event: 0.246 Thread 0x000002c7dbebcd70  369       4       java.lang.invoke.LambdaForm$MH/0x000002c7dd004800::invoke (45 bytes)
Event: 0.247 Thread 0x000002c7dbebcd70 nmethod 369 0x000002c7cc810008 code [0x000002c7cc810140, 0x000002c7cc810330]
Event: 0.247 Thread 0x000002c7dbebcd70  370       4       java.lang.invoke.DelegatingMethodHandle$Holder::reinvoke_L (22 bytes)
Event: 0.248 Thread 0x000002c7dbebcd70 nmethod 370 0x000002c7cc810388 code [0x000002c7cc8104a0, 0x000002c7cc8105e8]
Event: 0.248 Thread 0x000002c7dbebcd70  371       4       java.lang.invoke.DirectMethodHandle$Holder::invokeStatic (19 bytes)
Event: 0.248 Thread 0x000002c7dbebcd70 nmethod 371 0x000002c7cc810688 code [0x000002c7cc8107a0, 0x000002c7cc810898]

GC Heap History (17 events):
Event: 0.204 GC heap before
{Heap before GC invocations=0 (full 0):
 garbage-first heap   total reserved 4091904K, committed 256000K, used 22528K [0x0000000706400000, 0x0000000800000000)
  region size 2048K, 12 young (24576K), 0 survivors (0K)
 Metaspace       used 810K, committed 896K, reserved 1114112K
  class space    used 69K, committed 128K, reserved 1048576K
}
Event: 0.208 GC heap after
{Heap after GC invocations=1 (full 0):
 garbage-first heap   total reserved 4091904K, committed 256000K, used 1013K [0x0000000706400000, 0x0000000800000000)
  region size 2048K, 1 young (2048K), 1 survivors (2048K)
 Metaspace       used 810K, committed 896K, reserved 1114112K
  class space    used 69K, committed 128K, reserved 1048576K
}
Event: 0.217 GC heap before
{Heap before GC invocations=1 (full 0):
 garbage-first heap   total reserved 4091904K, committed 256000K, used 27637K [0x0000000706400000, 0x0000000800000000)
  region size 2048K, 15 young (30720K), 1 survivors (2048K)
 Metaspace       used 811K, committed 896K, reserved 1114112K
  class space    used 69K, committed 128K, reserved 1048576K
}
Event: 0.220 GC heap after
{Heap after GC invocations=2 (full 0):
 garbage-first heap   total reserved 4091904K, committed 256000K, used 890K [0x0000000706400000, 0x0000000800000000)
  region size 2048K, 1 young (2048K), 1 survivors (2048K)
 Metaspace       used 811K, committed 896K, reserved 1114112K
  class space    used 69K, committed 128K, reserved 1048576K
}
Event: 0.237 GC heap before
{Heap before GC invocations=2 (full 0):
 garbage-first heap   total reserved 4091904K, committed 256000K, used 58234K [0x0000000706400000, 0x0000000800000000)
  region size 2048K, 30 young (61440K), 1 survivors (2048K)
 Metaspace       used 811K, committed 896K, reserved 1114112K
  class space    used 69K, committed 128K, reserved 1048576K
}
Event: 0.240 GC heap after
{Heap after GC invocations=3 (full 0):
 garbage-first heap   total reserved 4091904K, committed 256000K, used 939K [0x0000000706400000, 0x0000000800000000)
  region size 2048K, 1 young (2048K), 1 survivors (2048K)
 Metaspace       used 811K, committed 896K, reserved 1114112K
  class space    used 69K, committed 128K, reserved 1048576K
}
Event: 0.254 GC heap before
{Heap before GC invocations=3 (full 0):
 garbage-first heap   total reserved 4091904K, committed 256000K, used 80811K [0x0000000706400000, 0x0000000800000000)
  region size 2048K, 41 young (83968K), 1 survivors (2048K)
 Metaspace       used 811K, committed 896K, reserved 1114112K
  class space    used 69K, committed 128K, reserved 1048576K
}
Event: 0.257 GC heap after
{Heap after GC invocations=4 (full 0):
 garbage-first heap   total reserved 4091904K, committed 256000K, used 901K [0x0000000706400000, 0x0000000800000000)
  region size 2048K, 1 young (2048K), 1 survivors (2048K)
 Metaspace       used 811K, committed 896K, reserved 1114112K
  class space    used 69K, committed 128K, reserved 1048576K
}
Event: 0.273 GC heap before
{Heap before GC invocations=4 (full 0):
 garbage-first heap   total reserved 4091904K, committed 256000K, used 111493K [0x0000000706400000, 0x0000000800000000)
  region size 2048K, 56 young (114688K), 1 survivors (2048K)
 Metaspace       used 811K, committed 896K, reserved 1114112K
  class space    used 69K, committed 128K, reserved 1048576K
}
Event: 0.277 GC heap after
{Heap after GC invocations=5 (full 0):
 garbage-first heap   total reserved 4091904K, committed 530432K, used 927K [0x0000000706400000, 0x0000000800000000)
  region size 2048K, 1 young (2048K), 1 survivors (2048K)
 Metaspace       used 811K, committed 896K, reserved 1114112K
  class space    used 69K, committed 128K, reserved 1048576K
}
Event: 0.326 GC heap before
{Heap before GC invocations=5 (full 0):
 garbage-first heap   total reserved 4091904K, committed 530432K, used 148383K [0x0000000706400000, 0x0000000800000000)
  region size 2048K, 74 young (151552K), 1 survivors (2048K)
 Metaspace       used 811K, committed 896K, reserved 1114112K
  class space    used 69K, committed 128K, reserved 1048576K
}
Event: 0.367 GC heap after
{Heap after GC invocations=6 (full 0):
 garbage-first heap   total reserved 4091904K, committed 530432K, used 941K [0x0000000706400000, 0x0000000800000000)
  region size 2048K, 1 young (2048K), 1 survivors (2048K)
 Metaspace       used 811K, committed 896K, reserved 1114112K
  class space    used 69K, committed 128K, reserved 1048576K
}
Event: 0.393 GC heap before
{Heap before GC invocations=6 (full 0):
 garbage-first heap   total reserved 4091904K, committed 530432K, used 191405K [0x0000000706400000, 0x0000000800000000)
  region size 2048K, 95 young (194560K), 1 survivors (2048K)
 Metaspace       used 811K, committed 896K, reserved 1114112K
  class space    used 69K, committed 128K, reserved 1048576K
}
Event: 0.398 GC heap after
{Heap after GC invocations=7 (full 0):
 garbage-first heap   total reserved 4091904K, committed 530432K, used 955K [0x0000000706400000, 0x0000000800000000)
  region size 2048K, 1 young (2048K), 1 survivors (2048K)
 Metaspace       used 811K, committed 896K, reserved 1114112K
  class space    used 69K, committed 128K, reserved 1048576K
}
Event: 0.541 GC heap before
{Heap before GC invocations=7 (full 0):
 garbage-first heap   total reserved 4091904K, committed 530432K, used 244667K [0x0000000706400000, 0x0000000800000000)
  region size 2048K, 121 young (247808K), 1 survivors (2048K)
 Metaspace       used 811K, committed 896K, reserved 1114112K
  class space    used 69K, committed 128K, reserved 1048576K
}
Event: 0.547 GC heap after
{Heap after GC invocations=8 (full 0):
 garbage-first heap   total reserved 4091904K, committed 530432K, used 984K [0x0000000706400000, 0x0000000800000000)
  region size 2048K, 1 young (2048K), 1 survivors (2048K)
 Metaspace       used 811K, committed 896K, reserved 1114112K
  class space    used 69K, committed 128K, reserved 1048576K
}
Event: 0.618 GC heap before
{Heap before GC invocations=8 (full 0):
 garbage-first heap   total reserved 4091904K, committed 530432K, used 304088K [0x0000000706400000, 0x0000000800000000)
  region size 2048K, 150 young (307200K), 1 survivors (2048K)
 Metaspace       used 811K, committed 896K, reserved 1114112K
  class space    used 69K, committed 128K, reserved 1048576K
}

Dll operation events (4 events):
Event: 0.012 Loaded shared library C:\Users\andre\.p2\pool\plugins\org.eclipse.justj.openjdk.hotspot.jre.full.win32.x86_64_23.0.0.v20240919-1706\jre\bin\java.dll
Event: 0.096 Loaded shared library C:\Users\andre\.p2\pool\plugins\org.eclipse.justj.openjdk.hotspot.jre.full.win32.x86_64_23.0.0.v20240919-1706\jre\bin\net.dll
Event: 0.101 Loaded shared library C:\Users\andre\.p2\pool\plugins\org.eclipse.justj.openjdk.hotspot.jre.full.win32.x86_64_23.0.0.v20240919-1706\jre\bin\nio.dll
Event: 0.102 Loaded shared library C:\Users\andre\.p2\pool\plugins\org.eclipse.justj.openjdk.hotspot.jre.full.win32.x86_64_23.0.0.v20240919-1706\jre\bin\zip.dll

Deoptimization events (8 events):
Event: 0.148 Thread 0x000002c7b8cb38c0 Uncommon trap: trap_request=0xffffff45 fr.pc=0x000002c7cc7f89dc relative=0x000000000000005c
Event: 0.148 Thread 0x000002c7b8cb38c0 Uncommon trap: reason=unstable_if action=reinterpret pc=0x000002c7cc7f89dc method=java.lang.String.isLatin1()Z @ 10 c2
Event: 0.148 Thread 0x000002c7b8cb38c0 DEOPT PACKING pc=0x000002c7cc7f89dc sp=0x000000e8abcfe600
Event: 0.148 Thread 0x000002c7b8cb38c0 DEOPT UNPACKING pc=0x000002c7cc2b43fc sp=0x000000e8abcfe590 mode 2
Event: 0.149 Thread 0x000002c7b8cb38c0 Uncommon trap: trap_request=0xffffff45 fr.pc=0x000002c7cc7f9354 relative=0x00000000000000b4
Event: 0.149 Thread 0x000002c7b8cb38c0 Uncommon trap: reason=unstable_if action=reinterpret pc=0x000002c7cc7f9354 method=java.lang.String.isLatin1()Z @ 10 c2
Event: 0.149 Thread 0x000002c7b8cb38c0 DEOPT PACKING pc=0x000002c7cc7f9354 sp=0x000000e8abcfef60
Event: 0.149 Thread 0x000002c7b8cb38c0 DEOPT UNPACKING pc=0x000002c7cc2b43fc sp=0x000000e8abcfeea0 mode 2

Classes loaded (20 events):
Event: 0.115 Loading class java/nio/file/FileTreeWalker$DirectoryNode
Event: 0.115 Loading class java/nio/file/FileTreeWalker$DirectoryNode done
Event: 0.115 Loading class sun/nio/fs/WindowsDirectoryStream$WindowsDirectoryIterator
Event: 0.115 Loading class sun/nio/fs/WindowsDirectoryStream$WindowsDirectoryIterator done
Event: 0.115 Loading class java/nio/file/FileTreeWalker$Event
Event: 0.115 Loading class java/nio/file/FileTreeWalker$Event done
Event: 0.115 Loading class java/nio/file/FileTreeWalker$EventType
Event: 0.115 Loading class java/nio/file/FileTreeWalker$EventType done
Event: 0.122 Loading class sun/nio/fs/WindowsPath$WindowsPathWithAttributes
Event: 0.122 Loading class sun/nio/fs/BasicFileAttributesHolder
Event: 0.122 Loading class sun/nio/fs/BasicFileAttributesHolder done
Event: 0.122 Loading class sun/nio/fs/WindowsPath$WindowsPathWithAttributes done
Event: 0.130 Loading class jdk/internal/module/ModuleReferenceImpl$CachedHash
Event: 0.130 Loading class jdk/internal/module/ModuleReferenceImpl$CachedHash done
Event: 0.148 Loading class jdk/internal/vm/PostVMInitHook
Event: 0.148 Loading class jdk/internal/vm/PostVMInitHook done
Event: 0.149 Loading class jdk/internal/module/ModuleReferences$ExplodedModuleReader
Event: 0.149 Loading class jdk/internal/module/ModuleReferences$ExplodedModuleReader done
Event: 0.149 Loading class jdk/internal/module/ModulePatcher$PatchedModuleReader
Event: 0.149 Loading class jdk/internal/module/ModulePatcher$PatchedModuleReader done

Classes unloaded (0 events):
No events

Classes redefined (0 events):
No events

Internal exceptions (2 events):
Event: 0.116 Thread 0x000002c7b8cb38c0 Exception <a 'java/lang/NoSuchMethodError'{0x0000000715dac678}: 'void java.lang.invoke.DirectMethodHandle$Holder.invokeVirtual(java.lang.Object, java.lang.Object)'> (0x0000000715dac678) 
thrown [s\src\hotspot\share\interpreter\linkResolver.cpp, line 796]
Event: 0.118 Thread 0x000002c7b8cb38c0 Exception <a 'java/lang/NoSuchMethodError'{0x0000000715db7e28}: 'java.lang.Object java.lang.invoke.DirectMethodHandle$Holder.invokeInterface(java.lang.Object, java.lang.Object, java.lang.Object)'> (0x0000000715db7e28) 
thrown [s\src\hotspot\share\interpreter\linkResolver.cpp, line 796]

VM Operations (19 events):
Event: 0.129 Executing VM operation: HandshakeAllThreads (Deoptimize)
Event: 0.129 Executing VM operation: HandshakeAllThreads (Deoptimize) done
Event: 0.204 Executing VM operation: G1CollectForAllocation (G1 Evacuation Pause)
Event: 0.208 Executing VM operation: G1CollectForAllocation (G1 Evacuation Pause) done
Event: 0.217 Executing VM operation: G1CollectForAllocation (G1 Evacuation Pause)
Event: 0.220 Executing VM operation: G1CollectForAllocation (G1 Evacuation Pause) done
Event: 0.237 Executing VM operation: G1CollectForAllocation (G1 Evacuation Pause)
Event: 0.240 Executing VM operation: G1CollectForAllocation (G1 Evacuation Pause) done
Event: 0.254 Executing VM operation: G1CollectForAllocation (G1 Evacuation Pause)
Event: 0.257 Executing VM operation: G1CollectForAllocation (G1 Evacuation Pause) done
Event: 0.273 Executing VM operation: G1CollectForAllocation (G1 Evacuation Pause)
Event: 0.278 Executing VM operation: G1CollectForAllocation (G1 Evacuation Pause) done
Event: 0.326 Executing VM operation: G1CollectForAllocation (G1 Evacuation Pause)
Event: 0.368 Executing VM operation: G1CollectForAllocation (G1 Evacuation Pause) done
Event: 0.393 Executing VM operation: G1CollectForAllocation (G1 Evacuation Pause)
Event: 0.398 Executing VM operation: G1CollectForAllocation (G1 Evacuation Pause) done
Event: 0.541 Executing VM operation: G1CollectForAllocation (G1 Evacuation Pause)
Event: 0.547 Executing VM operation: G1CollectForAllocation (G1 Evacuation Pause) done
Event: 0.618 Executing VM operation: G1CollectForAllocation (G1 Evacuation Pause)

Memory protections (0 events):
No events

Nmethod flushes (0 events):
No events

Events (11 events):
Event: 0.025 Thread 0x000002c7b8cb38c0 Thread added: 0x000002c7b8cb38c0
Event: 0.048 Thread 0x000002c7b8cb38c0 Thread added: 0x000002c7dbea5620
Event: 0.048 Thread 0x000002c7b8cb38c0 Thread added: 0x000002c7dbea6540
Event: 0.049 Thread 0x000002c7b8cb38c0 Thread added: 0x000002c7dbeae320
Event: 0.049 Thread 0x000002c7b8cb38c0 Thread added: 0x000002c7dbeb3230
Event: 0.049 Thread 0x000002c7b8cb38c0 Thread added: 0x000002c7dbeb6af0
Event: 0.049 Thread 0x000002c7b8cb38c0 Thread added: 0x000002c7dbeb92a0
Event: 0.049 Thread 0x000002c7b8cb38c0 Thread added: 0x000002c7dbebcd70
Event: 0.049 Thread 0x000002c7b8cb38c0 Thread added: 0x000002c7dbebf280
Event: 0.088 Thread 0x000002c7b8cb38c0 Thread added: 0x000002c8215b0140
Event: 0.148 Thread 0x000002c7b8cb38c0 Thread added: 0x000002c8216a8e00


Dynamic libraries:
0x00007ff67d090000 - 0x00007ff67d09e000 	C:\Users\andre\.p2\pool\plugins\org.eclipse.justj.openjdk.hotspot.jre.full.win32.x86_64_23.0.0.v20240919-1706\jre\bin\javaw.exe
0x00007ff9b6a60000 - 0x00007ff9b6e81000 	C:\Windows\SYSTEM32\ntdll.dll
0x00007ff9b2fc0000 - 0x00007ff9b3122000 	C:\Windows\System32\xtajit64.dll
0x00007ff9b3130000 - 0x00007ff9b3293000 	C:\Windows\System32\KERNEL32.DLL
0x00007ff9b2170000 - 0x00007ff9b279c000 	C:\Windows\System32\KERNELBASE.dll
0x00007ff9b1d80000 - 0x00007ff9b1e81000 	C:\Windows\SYSTEM32\apphelp.dll
0x00007ff9b2a60000 - 0x00007ff9b2c88000 	C:\Windows\System32\ucrtbase.dll
0x00007ff991570000 - 0x00007ff99158b000 	C:\Users\andre\.p2\pool\plugins\org.eclipse.justj.openjdk.hotspot.jre.full.win32.x86_64_23.0.0.v20240919-1706\jre\bin\VCRUNTIME140.dll
0x00007ff9915d0000 - 0x00007ff9915e7000 	C:\Users\andre\.p2\pool\plugins\org.eclipse.justj.openjdk.hotspot.jre.full.win32.x86_64_23.0.0.v20240919-1706\jre\bin\jli.dll
0x00007ff9917d0000 - 0x00007ff991c3a000 	C:\Windows\WinSxS\arm64_microsoft.windows.common-controls_6595b64144ccf1df_6.0.26100.1882_none_3e0e93f8e32ecb84\COMCTL32.dll
0x00007ff9b42d0000 - 0x00007ff9b4545000 	C:\Windows\System32\USER32.dll
0x00007ff9b59c0000 - 0x00007ff9b5b08000 	C:\Windows\System32\msvcrt.dll
0x00007ff9b27a0000 - 0x00007ff9b27fe000 	C:\Windows\System32\win32u.dll
0x00007ff9b4f00000 - 0x00007ff9b4f65000 	C:\Windows\System32\GDI32.dll
0x00007ff9b2de0000 - 0x00007ff9b2fbb000 	C:\Windows\System32\gdi32full.dll
0x00007ff9b2810000 - 0x00007ff9b2969000 	C:\Windows\System32\msvcp_win.dll
0x00007ff9b4f70000 - 0x00007ff9b4fc5000 	C:\Windows\System32\IMM32.DLL
0x00007ff99ff10000 - 0x00007ff99ff1c000 	C:\Users\andre\.p2\pool\plugins\org.eclipse.justj.openjdk.hotspot.jre.full.win32.x86_64_23.0.0.v20240919-1706\jre\bin\vcruntime140_1.dll
0x00007ff98cc70000 - 0x00007ff98ccfe000 	C:\Users\andre\.p2\pool\plugins\org.eclipse.justj.openjdk.hotspot.jre.full.win32.x86_64_23.0.0.v20240919-1706\jre\bin\msvcp140.dll
0x00007ff8dab40000 - 0x00007ff8db90d000 	C:\Users\andre\.p2\pool\plugins\org.eclipse.justj.openjdk.hotspot.jre.full.win32.x86_64_23.0.0.v20240919-1706\jre\bin\server\jvm.dll
0x00007ff9b68b0000 - 0x00007ff9b69ef000 	C:\Windows\System32\ADVAPI32.dll
0x00007ff9b5bc0000 - 0x00007ff9b5cde000 	C:\Windows\System32\sechost.dll
0x00007ff9b66a0000 - 0x00007ff9b689d000 	C:\Windows\System32\RPCRT4.dll
0x00007ff9b4830000 - 0x00007ff9b48f4000 	C:\Windows\System32\WS2_32.dll
0x00007ff9b1f90000 - 0x00007ff9b1ffc000 	C:\Windows\SYSTEM32\POWRPROF.dll
0x00007ff99dc00000 - 0x00007ff99dc16000 	C:\Windows\SYSTEM32\VERSION.dll
0x00007ff979cf0000 - 0x00007ff979d54000 	C:\Windows\SYSTEM32\WINMM.dll
0x00007ff9b1f40000 - 0x00007ff9b1f65000 	C:\Windows\SYSTEM32\UMPDC.dll
0x00007ff9b0110000 - 0x00007ff9b0140000 	C:\Windows\SYSTEM32\kernel.appcore.dll
0x00007ff9acd90000 - 0x00007ff9acd9a000 	C:\Users\andre\.p2\pool\plugins\org.eclipse.justj.openjdk.hotspot.jre.full.win32.x86_64_23.0.0.v20240919-1706\jre\bin\jimage.dll
0x00007ff9abe30000 - 0x00007ff9ac26a000 	C:\Windows\SYSTEM32\DBGHELP.DLL
0x00007ff9b4fd0000 - 0x00007ff9b563d000 	C:\Windows\System32\combase.dll
0x00007ff9b62d0000 - 0x00007ff9b6473000 	C:\Windows\System32\OLEAUT32.dll
0x00007ff97d850000 - 0x00007ff97d8ba000 	C:\Windows\SYSTEM32\dbgcore.DLL
0x00007ff9b2970000 - 0x00007ff9b2a50000 	C:\Windows\System32\bcryptPrimitives.dll
0x00007ff9a5d30000 - 0x00007ff9a5d4e000 	C:\Users\andre\.p2\pool\plugins\org.eclipse.justj.openjdk.hotspot.jre.full.win32.x86_64_23.0.0.v20240919-1706\jre\bin\java.dll
0x00007ff9b4570000 - 0x00007ff9b4820000 	C:\Windows\System32\ole32.dll
0x00007ff9b32a0000 - 0x00007ff9b403c000 	C:\Windows\System32\SHELL32.dll
0x00007ff9ae2b0000 - 0x00007ff9af427000 	C:\Windows\SYSTEM32\windows.storage.dll
0x00007ff9b5d50000 - 0x00007ff9b5f0f000 	C:\Windows\System32\SHCORE.dll
0x00007ff9b5f20000 - 0x00007ff9b5fc8000 	C:\Windows\System32\shlwapi.dll
0x00007ff9b2020000 - 0x00007ff9b206a000 	C:\Windows\SYSTEM32\profapi.dll
0x00007ff9a90e0000 - 0x00007ff9a90f0000 	C:\Users\andre\.p2\pool\plugins\org.eclipse.justj.openjdk.hotspot.jre.full.win32.x86_64_23.0.0.v20240919-1706\jre\bin\net.dll
0x00007ff9b08a0000 - 0x00007ff9b095d000 	C:\Windows\system32\mswsock.dll
0x00007ff99ffc0000 - 0x00007ff99ffd6000 	C:\Users\andre\.p2\pool\plugins\org.eclipse.justj.openjdk.hotspot.jre.full.win32.x86_64_23.0.0.v20240919-1706\jre\bin\nio.dll
0x00007ff99ffe0000 - 0x00007ff99fff7000 	C:\Users\andre\.p2\pool\plugins\org.eclipse.justj.openjdk.hotspot.jre.full.win32.x86_64_23.0.0.v20240919-1706\jre\bin\zip.dll

dbghelp: loaded successfully - version: 4.0.5 - missing functions: none
symbol engine: initialized successfully - sym options: 0x614 - pdb path: .;C:\Users\andre\.p2\pool\plugins\org.eclipse.justj.openjdk.hotspot.jre.full.win32.x86_64_23.0.0.v20240919-1706\jre\bin;C:\Windows\SYSTEM32;C:\Windows\WinSxS\arm64_microsoft.windows.common-controls_6595b64144ccf1df_6.0.26100.1882_none_3e0e93f8e32ecb84;C:\Users\andre\.p2\pool\plugins\org.eclipse.justj.openjdk.hotspot.jre.full.win32.x86_64_23.0.0.v20240919-1706\jre\bin\server

VM Arguments:
jvm_args: -Dfile.encoding=UTF-8 -Dstdout.encoding=UTF-8 -Dstderr.encoding=UTF-8 --module-path=C:\Users\andre\eclipse-workspace\Lab08\bin -XX:+ShowCodeDetailsInExceptionMessages -Djdk.module.main=Lab08 
java_command: Lab08/lab08.LinkedIntListTester
java_class_path (initial): <not set>
Launcher Type: SUN_STANDARD

[Global flags]
     intx CICompilerCount                          = 4                                         {product} {ergonomic}
     uint ConcGCThreads                            = 3                                         {product} {ergonomic}
     uint G1ConcRefinementThreads                  = 10                                        {product} {ergonomic}
   size_t G1HeapRegionSize                         = 2097152                                   {product} {ergonomic}
   size_t InitialHeapSize                          = 262144000                                 {product} {ergonomic}
   size_t MarkStackSize                            = 4194304                                   {product} {ergonomic}
   size_t MarkStackSizeMax                         = 536870912                                 {product} {ergonomic}
   size_t MaxHeapSize                              = 4190109696                                {product} {ergonomic}
   size_t MaxNewSize                               = 2512388096                                {product} {ergonomic}
   size_t MinHeapDeltaBytes                        = 2097152                                   {product} {ergonomic}
   size_t MinHeapSize                              = 8388608                                   {product} {ergonomic}
    uintx NonNMethodCodeHeapSize                   = 5832704                                {pd product} {ergonomic}
    uintx NonProfiledCodeHeapSize                  = 122945536                              {pd product} {ergonomic}
    uintx ProfiledCodeHeapSize                     = 122880000                              {pd product} {ergonomic}
    uintx ReservedCodeCacheSize                    = 251658240                              {pd product} {ergonomic}
     bool SegmentedCodeCache                       = true                                      {product} {ergonomic}
     bool ShowCodeDetailsInExceptionMessages       = true                                   {manageable} {command line}
   size_t SoftMaxHeapSize                          = 4190109696                             {manageable} {ergonomic}
     bool UseCompressedOops                        = true                           {product lp64_product} {ergonomic}
     bool UseG1GC                                  = true                                      {product} {ergonomic}
     bool UseLargePagesIndividualAllocation        = false                                  {pd product} {ergonomic}

Logging:
Log output configuration:
 #0: stdout all=warning uptime,level,tags foldmultilines=false
 #1: stderr all=off uptime,level,tags foldmultilines=false

Environment Variables:
PATH=C:/Users/andre/.p2/pool/plugins/org.eclipse.justj.openjdk.hotspot.jre.full.win32.x86_64_23.0.0.v20240919-1706/jre/bin/server;C:/Users/andre/.p2/pool/plugins/org.eclipse.justj.openjdk.hotspot.jre.full.win32.x86_64_23.0.0.v20240919-1706/jre/bin;C:\Windows\system32;C:\Windows;C:\Windows\System32\Wbem;C:\Windows\System32\WindowsPowerShell\v1.0\;C:\Windows\System32\OpenSSH\;C:\Program Files\dotnet\;C:\Users\andre\AppData\Local\Microsoft\WindowsApps;;C:\Windows\system32;
USERNAME=andre
OS=Windows_NT
PROCESSOR_IDENTIFIER=ARMv8 (64-bit) Family 8 Model 1 Revision 201, Qualcomm Technologies Inc
TMP=C:\Users\andre\AppData\Local\Temp
TEMP=C:\Users\andre\AppData\Local\Temp




Periodic native trim disabled

---------------  S Y S T E M  ---------------

OS:
 Windows 11 , 64 bit Build 26100 (10.0.26100.2033)
OS uptime: 0 days 9:00 hours

CPU: total 12 (initial active 12) (12 cores per cpu, 1 threads per core) family 21 model 0 stepping 1 microcode 0x0, cx8, cmov, fxsr, mmx, 3dnowpref, sse, sse2, sse3, ssse3, sse4.1, sse4.2, popcnt, tsc, tscinvbit, aes, clmul, clflush, rdtscp
Processor Information for processor 0
  Max Mhz: 3417, Current Mhz: 1190, Mhz Limit: 3417
Processor Information for processor 1
  Max Mhz: 3417, Current Mhz: 1190, Mhz Limit: 3417
Processor Information for processor 2
  Max Mhz: 3417, Current Mhz: 1190, Mhz Limit: 3417
Processor Information for processor 3
  Max Mhz: 3417, Current Mhz: 1190, Mhz Limit: 3417
Processor Information for processor 4
  Max Mhz: 3417, Current Mhz: 4012, Mhz Limit: 3417
Processor Information for processor 5
  Max Mhz: 3417, Current Mhz: 4012, Mhz Limit: 3417
Processor Information for processor 6
  Max Mhz: 3417, Current Mhz: 4012, Mhz Limit: 3417
Processor Information for processor 7
  Max Mhz: 3417, Current Mhz: 4012, Mhz Limit: 3417
Processor Information for processor 8
  Max Mhz: 3417, Current Mhz: 4012, Mhz Limit: 3417
Processor Information for processor 9
  Max Mhz: 3417, Current Mhz: 4012, Mhz Limit: 3417
Processor Information for processor 10
  Max Mhz: 3417, Current Mhz: 4012, Mhz Limit: 3417
Processor Information for processor 11
  Max Mhz: 3417, Current Mhz: 4012, Mhz Limit: 3417

Memory: 4k page, system-wide physical 15979M (121M free)
TotalPageFile size 65106M (AvailPageFile size 186M)
current process WorkingSet (physical memory assigned to process): 441M, peak: 441M
current process commit charge ("private bytes"): 627M, peak: 1388M

vm_info: OpenJDK 64-Bit Server VM (23+37) for windows-amd64 JRE (23+37), built on 2024-09-17T00:00:00Z with MS VC++ 17.7 (VS2022)

END.
