#
# There is insufficient memory for the Java Runtime Environment to continue.
# Native memory allocation (mmap) failed to map 262144000 bytes. Error detail: G1 virtual space
# Possible reasons:
#   The system is out of physical RAM or swap space
#   This process is running with CompressedOops enabled, and the Java Heap may be blocking the growth of the native heap
# Possible solutions:
#   Reduce memory load on the system
#   Increase physical memory or swap space
#   Check if swap backing store is full
#   Decrease Java heap size (-Xmx/-Xms)
#   Decrease number of Java threads
#   Decrease Java thread stack sizes (-Xss)
#   Set larger code cache with -XX:ReservedCodeCacheSize=
#   JVM is running with Zero Based Compressed Oops mode in which the Java heap is
#     placed in the first 32GB address space. The Java Heap base address is the
#     maximum limit for the native heap growth. Please use -XX:HeapBaseMinAddress
#     to set the Java Heap base and to place the Java Heap above 32GB virtual address.
# This output file may be truncated or incomplete.
#
#  Out of Memory Error (os_windows.cpp:3703), pid=27720, tid=16196
#
# JRE version: OpenJDK Runtime Environment Temurin-23+37 (23.0+37) (build 23+37)
# Java VM: OpenJDK 64-Bit Server VM Temurin-23+37 (23+37, mixed mode, sharing, tiered, compressed oops, compressed class ptrs, g1 gc, windows-amd64)
# No core dump will be written. Minidumps are not enabled by default on client versions of Windows
#

---------------  S U M M A R Y ------------

Command Line: -Dfile.encoding=UTF-8 -Dstdout.encoding=UTF-8 -Dstderr.encoding=UTF-8 --module-path=C:\Users\andre\eclipse-workspace\Lab08\bin -XX:+ShowCodeDetailsInExceptionMessages -Djdk.module.main=Lab08 Lab08/lab08.LinkedIntListTester

Host: Snapdragon(R) X Elite - X1E80100 - Qualcomm(R) Oryon(TM) CPU, 12 cores, 15G,  Windows 11 , 64 bit Build 26100 (10.0.26100.2033)
Time: Wed Oct  9 20:04:04 2024 Eastern Daylight Time elapsed time: 0.292860 seconds (0d 0h 0m 0s)

---------------  T H R E A D  ---------------

Current thread (0x000002ad477b5a70):  VMThread "VM Thread"          [id=16196, stack(0x000000c7fb900000,0x000000c7fba00000) (1024K)]

Stack: [0x000000c7fb900000,0x000000c7fba00000]
Native frames: (J=compiled Java code, j=interpreted, Vv=VM code, C=native code)
V  [jvm.dll+0x6e8c69]  (no source info available)
V  [jvm.dll+0x8d9073]  (no source info available)
V  [jvm.dll+0x8db4fe]  (no source info available)
V  [jvm.dll+0x8dbbd3]  (no source info available)
V  [jvm.dll+0x281aa6]  (no source info available)
V  [jvm.dll+0x6e5565]  (no source info available)
V  [jvm.dll+0x6d957a]  (no source info available)
V  [jvm.dll+0x3625fa]  (no source info available)
V  [jvm.dll+0x36aa26]  (no source info available)
V  [jvm.dll+0x356fce]  (no source info available)
V  [jvm.dll+0x357268]  (no source info available)
V  [jvm.dll+0x32fbfc]  (no source info available)
V  [jvm.dll+0x32fc8a]  (no source info available)
V  [jvm.dll+0x37b292]  (no source info available)
V  [jvm.dll+0x37999c]  (no source info available)
V  [jvm.dll+0x32f3e7]  (no source info available)
V  [jvm.dll+0x3790a4]  (no source info available)
V  [jvm.dll+0x8e1a5f]  (no source info available)
V  [jvm.dll+0x8e2d76]  (no source info available)
V  [jvm.dll+0x8e32a8]  (no source info available)
V  [jvm.dll+0x8e3543]  (no source info available)
V  [jvm.dll+0x88026b]  (no source info available)
V  [jvm.dll+0x6e7475]  (no source info available)
C  [ucrtbase.dll+0x19905c]  (no source info available)

VM_Operation (0x000000c7fb2ff1f0): G1CollectForAllocation, mode: safepoint, requested by thread 0x000002ad24b57090


---------------  P R O C E S S  ---------------

Threads class SMR info:
_java_thread_list=0x000002ad8d3f0760, length=11, elements={
0x000002ad24b57090, 0x000002ad477d38d0, 0x000002ad477d45f0, 0x000002ad477d65c0,
0x000002ad477d7020, 0x000002ad477d7dd0, 0x000002ad477db850, 0x000002ad477dcbf0,
0x000002ad8d2c2fa0, 0x000002ad8d369750, 0x000002ad8d489050
}

Java Threads: ( => current thread )
  0x000002ad24b57090 JavaThread "main"                              [_thread_blocked, id=29564, stack(0x000000c7fb200000,0x000000c7fb300000) (1024K)]
  0x000002ad477d38d0 JavaThread "Reference Handler"          daemon [_thread_blocked, id=27404, stack(0x000000c7fba00000,0x000000c7fbb00000) (1024K)]
  0x000002ad477d45f0 JavaThread "Finalizer"                  daemon [_thread_blocked, id=6428, stack(0x000000c7fbb00000,0x000000c7fbc00000) (1024K)]
  0x000002ad477d65c0 JavaThread "Signal Dispatcher"          daemon [_thread_blocked, id=26292, stack(0x000000c7fbc00000,0x000000c7fbd00000) (1024K)]
  0x000002ad477d7020 JavaThread "Attach Listener"            daemon [_thread_blocked, id=5264, stack(0x000000c7fbd00000,0x000000c7fbe00000) (1024K)]
  0x000002ad477d7dd0 JavaThread "Service Thread"             daemon [_thread_blocked, id=2244, stack(0x000000c7fbe00000,0x000000c7fbf00000) (1024K)]
  0x000002ad477db850 JavaThread "Monitor Deflation Thread"   daemon [_thread_blocked, id=16284, stack(0x000000c7fbf00000,0x000000c7fc000000) (1024K)]
  0x000002ad477dcbf0 JavaThread "C2 CompilerThread0"         daemon [_thread_blocked, id=27652, stack(0x000000c7fc000000,0x000000c7fc100000) (1024K)]
  0x000002ad8d2c2fa0 JavaThread "C1 CompilerThread0"         daemon [_thread_blocked, id=20768, stack(0x000000c7fc100000,0x000000c7fc200000) (1024K)]
  0x000002ad8d369750 JavaThread "Common-Cleaner"             daemon [_thread_blocked, id=21596, stack(0x000000c7fc200000,0x000000c7fc300000) (1024K)]
  0x000002ad8d489050 JavaThread "Notification Thread"        daemon [_thread_blocked, id=29020, stack(0x000000c7fc300000,0x000000c7fc400000) (1024K)]
Total: 11

Other Threads:
=>0x000002ad477b5a70 VMThread "VM Thread"                           [id=16196, stack(0x000000c7fb900000,0x000000c7fba00000) (1024K)]
  0x000002ad477a4e30 WatcherThread "VM Periodic Task Thread"        [id=31336, stack(0x000000c7fb800000,0x000000c7fb900000) (1024K)]
  0x000002ad2cc66100 WorkerThread "GC Thread#0"                     [id=13096, stack(0x000000c7fb300000,0x000000c7fb400000) (1024K)]
  0x000002ad8d4726c0 WorkerThread "GC Thread#1"                     [id=9252, stack(0x000000c7fc400000,0x000000c7fc500000) (1024K)]
  0x000002ad8d472a70 WorkerThread "GC Thread#2"                     [id=7108, stack(0x000000c7fc500000,0x000000c7fc600000) (1024K)]
  0x000002ad8d473e30 WorkerThread "GC Thread#3"                     [id=27296, stack(0x000000c7fc600000,0x000000c7fc700000) (1024K)]
  0x000002ad8d4741e0 WorkerThread "GC Thread#4"                     [id=12036, stack(0x000000c7fc700000,0x000000c7fc800000) (1024K)]
  0x000002ad8d474590 WorkerThread "GC Thread#5"                     [id=12968, stack(0x000000c7fc800000,0x000000c7fc900000) (1024K)]
  0x000002ad2cc7a890 ConcurrentGCThread "G1 Main Marker"            [id=28360, stack(0x000000c7fb400000,0x000000c7fb500000) (1024K)]
  0x000002ad2cc7b2b0 WorkerThread "G1 Conc#0"                       [id=7832, stack(0x000000c7fb500000,0x000000c7fb600000) (1024K)]
  0x000002ad47678520 ConcurrentGCThread "G1 Refine#0"               [id=14840, stack(0x000000c7fb600000,0x000000c7fb700000) (1024K)]
  0x000002ad47678fb0 ConcurrentGCThread "G1 Service"                [id=19360, stack(0x000000c7fb700000,0x000000c7fb800000) (1024K)]
Total: 12

Threads with active compile tasks:
Total: 0

VM state: at safepoint (normal execution)

VM Mutex/Monitor currently owned by a thread:  ([mutex/lock_event])
[0x00007ff8db82bd70] Threads_lock - owner thread: 0x000002ad477b5a70
[0x00007ff8db82be70] Heap_lock - owner thread: 0x000002ad24b57090

Heap address: 0x0000000706400000, size: 3996 MB, Compressed Oops mode: Zero based, Oop shift amount: 3

CDS archive(s) mapped at: [0x000002ad48000000-0x000002ad48d70000-0x000002ad48d70000), size 14090240, SharedBaseAddress: 0x000002ad48000000, ArchiveRelocationMode: 1.
Compressed class space mapped at: 0x000002ad49000000-0x000002ad89000000, reserved size: 1073741824
Narrow klass base: 0x000002ad48000000, Narrow klass shift: 0, Narrow klass range: 0x41000000

GC Precious Log:
 CardTable entry size: 512
 Card Set container configuration: InlinePtr #cards 4 size 8 Array Of Cards #cards 16 size 48 Howl #buckets 8 coarsen threshold 3686 Howl Bitmap #cards 512 size 80 coarsen threshold 460 Card regions per heap region 1 cards per card region 4096
 CPUs: 12 total, 12 available
 Memory: 15979M
 Large Page Support: Disabled
 NUMA Support: Disabled
 Compressed Oops: Enabled (Zero based)
 Heap Region Size: 2M
 Heap Min Capacity: 8M
 Heap Initial Capacity: 250M
 Heap Max Capacity: 3996M
 Pre-touch: Disabled
 Parallel Workers: 10
 Concurrent Workers: 3
 Concurrent Refinement Workers: 10
 Periodic GC: Disabled

Heap:
 garbage-first heap   total reserved 4091904K, committed 256000K, used 971K [0x0000000706400000, 0x0000000800000000)
  region size 2048K, 1 young (2048K), 1 survivors (2048K)
 Metaspace       used 816K, committed 896K, reserved 1114112K
  class space    used 69K, committed 128K, reserved 1048576K

Heap Regions: E=young(eden), S=young(survivor), O=old, HS=humongous(starts), HC=humongous(continues), CS=collection set, F=free, TAMS=top-at-mark-start, PB=parsable bottom
|   0|0x0000000706400000, 0x0000000706400000, 0x0000000706600000|  0%| F|  |TAMS 0x0000000706400000| PB 0x0000000706400000| Untracked |  0
|   1|0x0000000706600000, 0x0000000706600000, 0x0000000706800000|  0%| F|  |TAMS 0x0000000706600000| PB 0x0000000706600000| Untracked |  0
|   2|0x0000000706800000, 0x0000000706800000, 0x0000000706a00000|  0%| F|  |TAMS 0x0000000706800000| PB 0x0000000706800000| Untracked |  0
|   3|0x0000000706a00000, 0x0000000706a00000, 0x0000000706c00000|  0%| F|  |TAMS 0x0000000706a00000| PB 0x0000000706a00000| Untracked |  0
|   4|0x0000000706c00000, 0x0000000706c00000, 0x0000000706e00000|  0%| F|  |TAMS 0x0000000706c00000| PB 0x0000000706c00000| Untracked |  0
|   5|0x0000000706e00000, 0x0000000706e00000, 0x0000000707000000|  0%| F|  |TAMS 0x0000000706e00000| PB 0x0000000706e00000| Untracked |  0
|   6|0x0000000707000000, 0x0000000707000000, 0x0000000707200000|  0%| F|  |TAMS 0x0000000707000000| PB 0x0000000707000000| Untracked |  0
|   7|0x0000000707200000, 0x0000000707200000, 0x0000000707400000|  0%| F|  |TAMS 0x0000000707200000| PB 0x0000000707200000| Untracked |  0
|   8|0x0000000707400000, 0x0000000707400000, 0x0000000707600000|  0%| F|  |TAMS 0x0000000707400000| PB 0x0000000707400000| Untracked |  0
|   9|0x0000000707600000, 0x0000000707600000, 0x0000000707800000|  0%| F|  |TAMS 0x0000000707600000| PB 0x0000000707600000| Untracked |  0
|  10|0x0000000707800000, 0x0000000707800000, 0x0000000707a00000|  0%| F|  |TAMS 0x0000000707800000| PB 0x0000000707800000| Untracked |  0
|  11|0x0000000707a00000, 0x0000000707a00000, 0x0000000707c00000|  0%| F|  |TAMS 0x0000000707a00000| PB 0x0000000707a00000| Untracked |  0
|  12|0x0000000707c00000, 0x0000000707c00000, 0x0000000707e00000|  0%| F|  |TAMS 0x0000000707c00000| PB 0x0000000707c00000| Untracked |  0
|  13|0x0000000707e00000, 0x0000000707e00000, 0x0000000708000000|  0%| F|  |TAMS 0x0000000707e00000| PB 0x0000000707e00000| Untracked |  0
|  14|0x0000000708000000, 0x0000000708000000, 0x0000000708200000|  0%| F|  |TAMS 0x0000000708000000| PB 0x0000000708000000| Untracked |  0
|  15|0x0000000708200000, 0x0000000708200000, 0x0000000708400000|  0%| F|  |TAMS 0x0000000708200000| PB 0x0000000708200000| Untracked |  0
|  16|0x0000000708400000, 0x0000000708400000, 0x0000000708600000|  0%| F|  |TAMS 0x0000000708400000| PB 0x0000000708400000| Untracked |  0
|  17|0x0000000708600000, 0x0000000708600000, 0x0000000708800000|  0%| F|  |TAMS 0x0000000708600000| PB 0x0000000708600000| Untracked |  0
|  18|0x0000000708800000, 0x0000000708800000, 0x0000000708a00000|  0%| F|  |TAMS 0x0000000708800000| PB 0x0000000708800000| Untracked |  0
|  19|0x0000000708a00000, 0x0000000708a00000, 0x0000000708c00000|  0%| F|  |TAMS 0x0000000708a00000| PB 0x0000000708a00000| Untracked |  0
|  20|0x0000000708c00000, 0x0000000708c00000, 0x0000000708e00000|  0%| F|  |TAMS 0x0000000708c00000| PB 0x0000000708c00000| Untracked |  0
|  21|0x0000000708e00000, 0x0000000708e00000, 0x0000000709000000|  0%| F|  |TAMS 0x0000000708e00000| PB 0x0000000708e00000| Untracked |  0
|  22|0x0000000709000000, 0x0000000709000000, 0x0000000709200000|  0%| F|  |TAMS 0x0000000709000000| PB 0x0000000709000000| Untracked |  0
|  23|0x0000000709200000, 0x0000000709200000, 0x0000000709400000|  0%| F|  |TAMS 0x0000000709200000| PB 0x0000000709200000| Untracked |  0
|  24|0x0000000709400000, 0x0000000709400000, 0x0000000709600000|  0%| F|  |TAMS 0x0000000709400000| PB 0x0000000709400000| Untracked |  0
|  25|0x0000000709600000, 0x0000000709600000, 0x0000000709800000|  0%| F|  |TAMS 0x0000000709600000| PB 0x0000000709600000| Untracked |  0
|  26|0x0000000709800000, 0x0000000709800000, 0x0000000709a00000|  0%| F|  |TAMS 0x0000000709800000| PB 0x0000000709800000| Untracked |  0
|  27|0x0000000709a00000, 0x0000000709a00000, 0x0000000709c00000|  0%| F|  |TAMS 0x0000000709a00000| PB 0x0000000709a00000| Untracked |  0
|  28|0x0000000709c00000, 0x0000000709c00000, 0x0000000709e00000|  0%| F|  |TAMS 0x0000000709c00000| PB 0x0000000709c00000| Untracked |  0
|  29|0x0000000709e00000, 0x0000000709e00000, 0x000000070a000000|  0%| F|  |TAMS 0x0000000709e00000| PB 0x0000000709e00000| Untracked |  0
|  30|0x000000070a000000, 0x000000070a000000, 0x000000070a200000|  0%| F|  |TAMS 0x000000070a000000| PB 0x000000070a000000| Untracked |  0
|  31|0x000000070a200000, 0x000000070a200000, 0x000000070a400000|  0%| F|  |TAMS 0x000000070a200000| PB 0x000000070a200000| Untracked |  0
|  32|0x000000070a400000, 0x000000070a400000, 0x000000070a600000|  0%| F|  |TAMS 0x000000070a400000| PB 0x000000070a400000| Untracked |  0
|  33|0x000000070a600000, 0x000000070a600000, 0x000000070a800000|  0%| F|  |TAMS 0x000000070a600000| PB 0x000000070a600000| Untracked |  0
|  34|0x000000070a800000, 0x000000070a800000, 0x000000070aa00000|  0%| F|  |TAMS 0x000000070a800000| PB 0x000000070a800000| Untracked |  0
|  35|0x000000070aa00000, 0x000000070aa00000, 0x000000070ac00000|  0%| F|  |TAMS 0x000000070aa00000| PB 0x000000070aa00000| Untracked |  0
|  36|0x000000070ac00000, 0x000000070ac00000, 0x000000070ae00000|  0%| F|  |TAMS 0x000000070ac00000| PB 0x000000070ac00000| Untracked |  0
|  37|0x000000070ae00000, 0x000000070ae00000, 0x000000070b000000|  0%| F|  |TAMS 0x000000070ae00000| PB 0x000000070ae00000| Untracked |  0
|  38|0x000000070b000000, 0x000000070b000000, 0x000000070b200000|  0%| F|  |TAMS 0x000000070b000000| PB 0x000000070b000000| Untracked |  0
|  39|0x000000070b200000, 0x000000070b200000, 0x000000070b400000|  0%| F|  |TAMS 0x000000070b200000| PB 0x000000070b200000| Untracked |  0
|  40|0x000000070b400000, 0x000000070b400000, 0x000000070b600000|  0%| F|  |TAMS 0x000000070b400000| PB 0x000000070b400000| Untracked |  0
|  41|0x000000070b600000, 0x000000070b600000, 0x000000070b800000|  0%| F|  |TAMS 0x000000070b600000| PB 0x000000070b600000| Untracked |  0
|  42|0x000000070b800000, 0x000000070b800000, 0x000000070ba00000|  0%| F|  |TAMS 0x000000070b800000| PB 0x000000070b800000| Untracked |  0
|  43|0x000000070ba00000, 0x000000070ba00000, 0x000000070bc00000|  0%| F|  |TAMS 0x000000070ba00000| PB 0x000000070ba00000| Untracked |  0
|  44|0x000000070bc00000, 0x000000070bc00000, 0x000000070be00000|  0%| F|  |TAMS 0x000000070bc00000| PB 0x000000070bc00000| Untracked |  0
|  45|0x000000070be00000, 0x000000070be00000, 0x000000070c000000|  0%| F|  |TAMS 0x000000070be00000| PB 0x000000070be00000| Untracked |  0
|  46|0x000000070c000000, 0x000000070c000000, 0x000000070c200000|  0%| F|  |TAMS 0x000000070c000000| PB 0x000000070c000000| Untracked |  0
|  47|0x000000070c200000, 0x000000070c200000, 0x000000070c400000|  0%| F|  |TAMS 0x000000070c200000| PB 0x000000070c200000| Untracked |  0
|  48|0x000000070c400000, 0x000000070c400000, 0x000000070c600000|  0%| F|  |TAMS 0x000000070c400000| PB 0x000000070c400000| Untracked |  0
|  49|0x000000070c600000, 0x000000070c600000, 0x000000070c800000|  0%| F|  |TAMS 0x000000070c600000| PB 0x000000070c600000| Untracked |  0
|  50|0x000000070c800000, 0x000000070c800000, 0x000000070ca00000|  0%| F|  |TAMS 0x000000070c800000| PB 0x000000070c800000| Untracked |  0
|  51|0x000000070ca00000, 0x000000070ca00000, 0x000000070cc00000|  0%| F|  |TAMS 0x000000070ca00000| PB 0x000000070ca00000| Untracked |  0
|  52|0x000000070cc00000, 0x000000070cc00000, 0x000000070ce00000|  0%| F|  |TAMS 0x000000070cc00000| PB 0x000000070cc00000| Untracked |  0
|  53|0x000000070ce00000, 0x000000070ce00000, 0x000000070d000000|  0%| F|  |TAMS 0x000000070ce00000| PB 0x000000070ce00000| Untracked |  0
|  54|0x000000070d000000, 0x000000070d000000, 0x000000070d200000|  0%| F|  |TAMS 0x000000070d000000| PB 0x000000070d000000| Untracked |  0
|  55|0x000000070d200000, 0x000000070d200000, 0x000000070d400000|  0%| F|  |TAMS 0x000000070d200000| PB 0x000000070d200000| Untracked |  0
|  56|0x000000070d400000, 0x000000070d400000, 0x000000070d600000|  0%| F|  |TAMS 0x000000070d400000| PB 0x000000070d400000| Untracked |  0
|  57|0x000000070d600000, 0x000000070d600000, 0x000000070d800000|  0%| F|  |TAMS 0x000000070d600000| PB 0x000000070d600000| Untracked |  0
|  58|0x000000070d800000, 0x000000070d800000, 0x000000070da00000|  0%| F|  |TAMS 0x000000070d800000| PB 0x000000070d800000| Untracked |  0
|  59|0x000000070da00000, 0x000000070da00000, 0x000000070dc00000|  0%| F|  |TAMS 0x000000070da00000| PB 0x000000070da00000| Untracked |  0
|  60|0x000000070dc00000, 0x000000070dc00000, 0x000000070de00000|  0%| F|  |TAMS 0x000000070dc00000| PB 0x000000070dc00000| Untracked |  0
|  61|0x000000070de00000, 0x000000070de00000, 0x000000070e000000|  0%| F|  |TAMS 0x000000070de00000| PB 0x000000070de00000| Untracked |  0
|  62|0x000000070e000000, 0x000000070e000000, 0x000000070e200000|  0%| F|  |TAMS 0x000000070e000000| PB 0x000000070e000000| Untracked |  0
|  63|0x000000070e200000, 0x000000070e200000, 0x000000070e400000|  0%| F|  |TAMS 0x000000070e200000| PB 0x000000070e200000| Untracked |  0
|  64|0x000000070e400000, 0x000000070e400000, 0x000000070e600000|  0%| F|  |TAMS 0x000000070e400000| PB 0x000000070e400000| Untracked |  0
|  65|0x000000070e600000, 0x000000070e600000, 0x000000070e800000|  0%| F|  |TAMS 0x000000070e600000| PB 0x000000070e600000| Untracked |  0
|  66|0x000000070e800000, 0x000000070e800000, 0x000000070ea00000|  0%| F|  |TAMS 0x000000070e800000| PB 0x000000070e800000| Untracked |  0
|  67|0x000000070ea00000, 0x000000070ea00000, 0x000000070ec00000|  0%| F|  |TAMS 0x000000070ea00000| PB 0x000000070ea00000| Untracked |  0
|  68|0x000000070ec00000, 0x000000070ecf2f20, 0x000000070ee00000| 47%| S|CS|TAMS 0x000000070ec00000| PB 0x000000070ec00000| Complete |  0
|  69|0x000000070ee00000, 0x000000070ee00000, 0x000000070f000000|  0%| F|  |TAMS 0x000000070ee00000| PB 0x000000070ee00000| Untracked |  0
|  70|0x000000070f000000, 0x000000070f000000, 0x000000070f200000|  0%| F|  |TAMS 0x000000070f000000| PB 0x000000070f000000| Untracked |  0
|  71|0x000000070f200000, 0x000000070f200000, 0x000000070f400000|  0%| F|  |TAMS 0x000000070f200000| PB 0x000000070f200000| Untracked |  0
|  72|0x000000070f400000, 0x000000070f400000, 0x000000070f600000|  0%| F|  |TAMS 0x000000070f400000| PB 0x000000070f400000| Untracked |  0
|  73|0x000000070f600000, 0x000000070f600000, 0x000000070f800000|  0%| F|  |TAMS 0x000000070f600000| PB 0x000000070f600000| Untracked |  0
|  74|0x000000070f800000, 0x000000070f800000, 0x000000070fa00000|  0%| F|  |TAMS 0x000000070f800000| PB 0x000000070f800000| Untracked |  0
|  75|0x000000070fa00000, 0x000000070fa00000, 0x000000070fc00000|  0%| F|  |TAMS 0x000000070fa00000| PB 0x000000070fa00000| Untracked |  0
|  76|0x000000070fc00000, 0x000000070fc00000, 0x000000070fe00000|  0%| F|  |TAMS 0x000000070fc00000| PB 0x000000070fc00000| Untracked |  0
|  77|0x000000070fe00000, 0x000000070fe00000, 0x0000000710000000|  0%| F|  |TAMS 0x000000070fe00000| PB 0x000000070fe00000| Untracked |  0
|  78|0x0000000710000000, 0x0000000710000000, 0x0000000710200000|  0%| F|  |TAMS 0x0000000710000000| PB 0x0000000710000000| Untracked |  0
|  79|0x0000000710200000, 0x0000000710200000, 0x0000000710400000|  0%| F|  |TAMS 0x0000000710200000| PB 0x0000000710200000| Untracked |  0
|  80|0x0000000710400000, 0x0000000710400000, 0x0000000710600000|  0%| F|  |TAMS 0x0000000710400000| PB 0x0000000710400000| Untracked |  0
|  81|0x0000000710600000, 0x0000000710600000, 0x0000000710800000|  0%| F|  |TAMS 0x0000000710600000| PB 0x0000000710600000| Untracked |  0
|  82|0x0000000710800000, 0x0000000710800000, 0x0000000710a00000|  0%| F|  |TAMS 0x0000000710800000| PB 0x0000000710800000| Untracked |  0
|  83|0x0000000710a00000, 0x0000000710a00000, 0x0000000710c00000|  0%| F|  |TAMS 0x0000000710a00000| PB 0x0000000710a00000| Untracked |  0
|  84|0x0000000710c00000, 0x0000000710c00000, 0x0000000710e00000|  0%| F|  |TAMS 0x0000000710c00000| PB 0x0000000710c00000| Untracked |  0
|  85|0x0000000710e00000, 0x0000000710e00000, 0x0000000711000000|  0%| F|  |TAMS 0x0000000710e00000| PB 0x0000000710e00000| Untracked |  0
|  86|0x0000000711000000, 0x0000000711000000, 0x0000000711200000|  0%| F|  |TAMS 0x0000000711000000| PB 0x0000000711000000| Untracked |  0
|  87|0x0000000711200000, 0x0000000711200000, 0x0000000711400000|  0%| F|  |TAMS 0x0000000711200000| PB 0x0000000711200000| Untracked |  0
|  88|0x0000000711400000, 0x0000000711400000, 0x0000000711600000|  0%| F|  |TAMS 0x0000000711400000| PB 0x0000000711400000| Untracked |  0
|  89|0x0000000711600000, 0x0000000711600000, 0x0000000711800000|  0%| F|  |TAMS 0x0000000711600000| PB 0x0000000711600000| Untracked |  0
|  90|0x0000000711800000, 0x0000000711800000, 0x0000000711a00000|  0%| F|  |TAMS 0x0000000711800000| PB 0x0000000711800000| Untracked |  0
|  91|0x0000000711a00000, 0x0000000711a00000, 0x0000000711c00000|  0%| F|  |TAMS 0x0000000711a00000| PB 0x0000000711a00000| Untracked |  0
|  92|0x0000000711c00000, 0x0000000711c00000, 0x0000000711e00000|  0%| F|  |TAMS 0x0000000711c00000| PB 0x0000000711c00000| Untracked |  0
|  93|0x0000000711e00000, 0x0000000711e00000, 0x0000000712000000|  0%| F|  |TAMS 0x0000000711e00000| PB 0x0000000711e00000| Untracked |  0
|  94|0x0000000712000000, 0x0000000712000000, 0x0000000712200000|  0%| F|  |TAMS 0x0000000712000000| PB 0x0000000712000000| Untracked |  0
|  95|0x0000000712200000, 0x0000000712200000, 0x0000000712400000|  0%| F|  |TAMS 0x0000000712200000| PB 0x0000000712200000| Untracked |  0
|  96|0x0000000712400000, 0x0000000712400000, 0x0000000712600000|  0%| F|  |TAMS 0x0000000712400000| PB 0x0000000712400000| Untracked |  0
|  97|0x0000000712600000, 0x0000000712600000, 0x0000000712800000|  0%| F|  |TAMS 0x0000000712600000| PB 0x0000000712600000| Untracked |  0
|  98|0x0000000712800000, 0x0000000712800000, 0x0000000712a00000|  0%| F|  |TAMS 0x0000000712800000| PB 0x0000000712800000| Untracked |  0
|  99|0x0000000712a00000, 0x0000000712a00000, 0x0000000712c00000|  0%| F|  |TAMS 0x0000000712a00000| PB 0x0000000712a00000| Untracked |  0
| 100|0x0000000712c00000, 0x0000000712c00000, 0x0000000712e00000|  0%| F|  |TAMS 0x0000000712c00000| PB 0x0000000712c00000| Untracked |  0
| 101|0x0000000712e00000, 0x0000000712e00000, 0x0000000713000000|  0%| F|  |TAMS 0x0000000712e00000| PB 0x0000000712e00000| Untracked |  0
| 102|0x0000000713000000, 0x0000000713000000, 0x0000000713200000|  0%| F|  |TAMS 0x0000000713000000| PB 0x0000000713000000| Untracked |  0
| 103|0x0000000713200000, 0x0000000713200000, 0x0000000713400000|  0%| F|  |TAMS 0x0000000713200000| PB 0x0000000713200000| Untracked |  0
| 104|0x0000000713400000, 0x0000000713400000, 0x0000000713600000|  0%| F|  |TAMS 0x0000000713400000| PB 0x0000000713400000| Untracked |  0
| 105|0x0000000713600000, 0x0000000713600000, 0x0000000713800000|  0%| F|  |TAMS 0x0000000713600000| PB 0x0000000713600000| Untracked |  0
| 106|0x0000000713800000, 0x0000000713800000, 0x0000000713a00000|  0%| F|  |TAMS 0x0000000713800000| PB 0x0000000713800000| Untracked |  0
| 107|0x0000000713a00000, 0x0000000713a00000, 0x0000000713c00000|  0%| F|  |TAMS 0x0000000713a00000| PB 0x0000000713a00000| Untracked |  0
| 108|0x0000000713c00000, 0x0000000713c00000, 0x0000000713e00000|  0%| F|  |TAMS 0x0000000713c00000| PB 0x0000000713c00000| Untracked |  0
| 109|0x0000000713e00000, 0x0000000713e00000, 0x0000000714000000|  0%| F|  |TAMS 0x0000000713e00000| PB 0x0000000713e00000| Untracked |  0
| 110|0x0000000714000000, 0x0000000714000000, 0x0000000714200000|  0%| F|  |TAMS 0x0000000714000000| PB 0x0000000714000000| Untracked |  0
| 111|0x0000000714200000, 0x0000000714200000, 0x0000000714400000|  0%| F|  |TAMS 0x0000000714200000| PB 0x0000000714200000| Untracked |  0
| 112|0x0000000714400000, 0x0000000714400000, 0x0000000714600000|  0%| F|  |TAMS 0x0000000714400000| PB 0x0000000714400000| Untracked |  0
| 113|0x0000000714600000, 0x0000000714600000, 0x0000000714800000|  0%| F|  |TAMS 0x0000000714600000| PB 0x0000000714600000| Untracked |  0
| 114|0x0000000714800000, 0x0000000714800000, 0x0000000714a00000|  0%| F|  |TAMS 0x0000000714800000| PB 0x0000000714800000| Untracked |  0
| 115|0x0000000714a00000, 0x0000000714a00000, 0x0000000714c00000|  0%| F|  |TAMS 0x0000000714a00000| PB 0x0000000714a00000| Untracked |  0
| 116|0x0000000714c00000, 0x0000000714c00000, 0x0000000714e00000|  0%| F|  |TAMS 0x0000000714c00000| PB 0x0000000714c00000| Untracked |  0
| 117|0x0000000714e00000, 0x0000000714e00000, 0x0000000715000000|  0%| F|  |TAMS 0x0000000714e00000| PB 0x0000000714e00000| Untracked |  0
| 118|0x0000000715000000, 0x0000000715000000, 0x0000000715200000|  0%| F|  |TAMS 0x0000000715000000| PB 0x0000000715000000| Untracked |  0
| 119|0x0000000715200000, 0x0000000715200000, 0x0000000715400000|  0%| F|  |TAMS 0x0000000715200000| PB 0x0000000715200000| Untracked |  0
| 120|0x0000000715400000, 0x0000000715400000, 0x0000000715600000|  0%| F|  |TAMS 0x0000000715400000| PB 0x0000000715400000| Untracked |  0
| 121|0x0000000715600000, 0x0000000715600000, 0x0000000715800000|  0%| F|  |TAMS 0x0000000715600000| PB 0x0000000715600000| Untracked |  0
| 122|0x0000000715800000, 0x0000000715800000, 0x0000000715a00000|  0%| F|  |TAMS 0x0000000715800000| PB 0x0000000715800000| Untracked |  0
| 123|0x0000000715a00000, 0x0000000715a00000, 0x0000000715c00000|  0%| F|  |TAMS 0x0000000715a00000| PB 0x0000000715a00000| Untracked |  0
| 124|0x0000000715c00000, 0x0000000715c00000, 0x0000000715e00000|  0%| F|  |TAMS 0x0000000715c00000| PB 0x0000000715c00000| Untracked |  0

Card table byte_map: [0x000002ad407d0000,0x000002ad40fa0000] _byte_map_base: 0x000002ad3cf9e000

Marking Bits: (CMBitMap*) 0x000002ad2cc66720
 Bits: [0x000002ad40fa0000, 0x000002ad44e10000)

Polling page: 0x000002ad2c3b0000

Metaspace:

Usage:
  Non-class:    746.62 KB used.
      Class:     69.76 KB used.
       Both:    816.38 KB used.

Virtual space:
  Non-class space:       64.00 MB reserved,     768.00 KB (  1%) committed,  1 nodes.
      Class space:        1.00 GB reserved,     128.00 KB ( <1%) committed,  1 nodes.
             Both:        1.06 GB reserved,     896.00 KB ( <1%) committed. 

Chunk freelists:
   Non-Class:  11.94 MB
       Class:  15.72 MB
        Both:  27.66 MB

MaxMetaspaceSize: unlimited
CompressedClassSpaceSize: 1.00 GB
Initial GC threshold: 21.00 MB
Current GC threshold: 21.00 MB
CDS: on
 - commit_granule_bytes: 65536.
 - commit_granule_words: 8192.
 - virtual_space_node_default_size: 8388608.
 - enlarge_chunks_in_place: 1.
 - use_allocation_guard: 0.


Internal statistics:

num_allocs_failed_limit: 0.
num_arena_births: 52.
num_arena_deaths: 0.
num_vsnodes_births: 2.
num_vsnodes_deaths: 0.
num_space_committed: 14.
num_space_uncommitted: 0.
num_chunks_returned_to_freelist: 0.
num_chunks_taken_from_freelist: 56.
num_chunk_merges: 0.
num_chunk_splits: 39.
num_chunks_enlarged: 23.
num_inconsistent_stats: 0.

CodeHeap 'non-profiled nmethods': size=120064Kb used=124Kb max_used=124Kb free=119939Kb
 bounds [0x000002ad38550000, 0x000002ad387c0000, 0x000002ad3fa90000]
CodeHeap 'profiled nmethods': size=120000Kb used=326Kb max_used=326Kb free=119673Kb
 bounds [0x000002ad30a90000, 0x000002ad30d00000, 0x000002ad37fc0000]
CodeHeap 'non-nmethods': size=5696Kb used=1295Kb max_used=1309Kb free=4400Kb
 bounds [0x000002ad37fc0000, 0x000002ad38230000, 0x000002ad38550000]
CodeCache: size=245760Kb, used=1745Kb, max_used=1759Kb, free=244012Kb
 total_blobs=777, nmethods=360, adapters=324, full_count=0
Compilation: enabled, stopped_count=0, restarted_count=0

Compilation events (20 events):
Event: 0.242 Thread 0x000002ad477dcbf0  352       4       java.lang.invoke.LambdaForm$MH/0x000002ad49006400::invoke (99 bytes)
Event: 0.243 Thread 0x000002ad477dcbf0 nmethod 352 0x000002ad3856cf88 code [0x000002ad3856d120, 0x000002ad3856d460]
Event: 0.243 Thread 0x000002ad477dcbf0  353       4       java.lang.invoke.DirectMethodHandle$Holder::invokeStatic (14 bytes)
Event: 0.244 Thread 0x000002ad477dcbf0 nmethod 353 0x000002ad3856d508 code [0x000002ad3856d620, 0x000002ad3856d700]
Event: 0.244 Thread 0x000002ad477dcbf0  354       4       java.lang.invoke.DelegatingMethodHandle$Holder::reinvoke_L (20 bytes)
Event: 0.244 Thread 0x000002ad477dcbf0 nmethod 354 0x000002ad3856d808 code [0x000002ad3856d920, 0x000002ad3856da58]
Event: 0.250 Thread 0x000002ad477dcbf0  355       4       java.lang.invoke.DirectMethodHandle$Holder::invokeStatic (21 bytes)
Event: 0.253 Thread 0x000002ad477dcbf0 nmethod 355 0x000002ad3856db08 code [0x000002ad3856dc20, 0x000002ad3856dd28]
Event: 0.253 Thread 0x000002ad477dcbf0  356       4       java.lang.StringConcatHelper::prepend (17 bytes)
Event: 0.255 Thread 0x000002ad477dcbf0 nmethod 356 0x000002ad3856de08 code [0x000002ad3856df20, 0x000002ad3856e1a0]
Event: 0.255 Thread 0x000002ad477dcbf0  357       4       java.lang.invoke.DirectMethodHandle$Holder::invokeStatic (17 bytes)
Event: 0.256 Thread 0x000002ad477dcbf0 nmethod 357 0x000002ad3856e208 code [0x000002ad3856e320, 0x000002ad3856e410]
Event: 0.256 Thread 0x000002ad477dcbf0  358       4       java.lang.invoke.LambdaForm$MH/0x000002ad49005c00::invoke (46 bytes)
Event: 0.257 Thread 0x000002ad477dcbf0 nmethod 358 0x000002ad3856e508 code [0x000002ad3856e640, 0x000002ad3856e808]
Event: 0.257 Thread 0x000002ad477dcbf0  359       4       java.lang.invoke.DirectMethodHandle$Holder::invokeStatic (17 bytes)
Event: 0.257 Thread 0x000002ad477dcbf0 nmethod 359 0x000002ad3856e888 code [0x000002ad3856e9a0, 0x000002ad3856ea90]
Event: 0.257 Thread 0x000002ad477dcbf0  360       4       java.lang.invoke.DelegatingMethodHandle$Holder::reinvoke_L (22 bytes)
Event: 0.258 Thread 0x000002ad477dcbf0 nmethod 360 0x000002ad3856eb88 code [0x000002ad3856eca0, 0x000002ad3856ede8]
Event: 0.258 Thread 0x000002ad477dcbf0  361       4       java.lang.invoke.DirectMethodHandle$Holder::invokeStatic (19 bytes)
Event: 0.259 Thread 0x000002ad477dcbf0 nmethod 361 0x000002ad3856ee88 code [0x000002ad3856efa0, 0x000002ad3856f098]

GC Heap History (9 events):
Event: 0.216 GC heap before
{Heap before GC invocations=0 (full 0):
 garbage-first heap   total reserved 4091904K, committed 256000K, used 22528K [0x0000000706400000, 0x0000000800000000)
  region size 2048K, 12 young (24576K), 0 survivors (0K)
 Metaspace       used 815K, committed 896K, reserved 1114112K
  class space    used 69K, committed 128K, reserved 1048576K
}
Event: 0.220 GC heap after
{Heap after GC invocations=1 (full 0):
 garbage-first heap   total reserved 4091904K, committed 256000K, used 906K [0x0000000706400000, 0x0000000800000000)
  region size 2048K, 1 young (2048K), 1 survivors (2048K)
 Metaspace       used 815K, committed 896K, reserved 1114112K
  class space    used 69K, committed 128K, reserved 1048576K
}
Event: 0.230 GC heap before
{Heap before GC invocations=1 (full 0):
 garbage-first heap   total reserved 4091904K, committed 256000K, used 27530K [0x0000000706400000, 0x0000000800000000)
  region size 2048K, 15 young (30720K), 1 survivors (2048K)
 Metaspace       used 816K, committed 896K, reserved 1114112K
  class space    used 69K, committed 128K, reserved 1048576K
}
Event: 0.232 GC heap after
{Heap after GC invocations=2 (full 0):
 garbage-first heap   total reserved 4091904K, committed 256000K, used 942K [0x0000000706400000, 0x0000000800000000)
  region size 2048K, 1 young (2048K), 1 survivors (2048K)
 Metaspace       used 816K, committed 896K, reserved 1114112K
  class space    used 69K, committed 128K, reserved 1048576K
}
Event: 0.250 GC heap before
{Heap before GC invocations=2 (full 0):
 garbage-first heap   total reserved 4091904K, committed 256000K, used 58286K [0x0000000706400000, 0x0000000800000000)
  region size 2048K, 30 young (61440K), 1 survivors (2048K)
 Metaspace       used 816K, committed 896K, reserved 1114112K
  class space    used 69K, committed 128K, reserved 1048576K
}
Event: 0.252 GC heap after
{Heap after GC invocations=3 (full 0):
 garbage-first heap   total reserved 4091904K, committed 256000K, used 901K [0x0000000706400000, 0x0000000800000000)
  region size 2048K, 1 young (2048K), 1 survivors (2048K)
 Metaspace       used 816K, committed 896K, reserved 1114112K
  class space    used 69K, committed 128K, reserved 1048576K
}
Event: 0.268 GC heap before
{Heap before GC invocations=3 (full 0):
 garbage-first heap   total reserved 4091904K, committed 256000K, used 80773K [0x0000000706400000, 0x0000000800000000)
  region size 2048K, 41 young (83968K), 1 survivors (2048K)
 Metaspace       used 816K, committed 896K, reserved 1114112K
  class space    used 69K, committed 128K, reserved 1048576K
}
Event: 0.270 GC heap after
{Heap after GC invocations=4 (full 0):
 garbage-first heap   total reserved 4091904K, committed 256000K, used 897K [0x0000000706400000, 0x0000000800000000)
  region size 2048K, 1 young (2048K), 1 survivors (2048K)
 Metaspace       used 816K, committed 896K, reserved 1114112K
  class space    used 69K, committed 128K, reserved 1048576K
}
Event: 0.289 GC heap before
{Heap before GC invocations=4 (full 0):
 garbage-first heap   total reserved 4091904K, committed 256000K, used 111489K [0x0000000706400000, 0x0000000800000000)
  region size 2048K, 56 young (114688K), 1 survivors (2048K)
 Metaspace       used 816K, committed 896K, reserved 1114112K
  class space    used 69K, committed 128K, reserved 1048576K
}

Dll operation events (4 events):
Event: 0.010 Loaded shared library C:\Users\andre\.p2\pool\plugins\org.eclipse.justj.openjdk.hotspot.jre.full.win32.x86_64_23.0.0.v20240919-1706\jre\bin\java.dll
Event: 0.098 Loaded shared library C:\Users\andre\.p2\pool\plugins\org.eclipse.justj.openjdk.hotspot.jre.full.win32.x86_64_23.0.0.v20240919-1706\jre\bin\net.dll
Event: 0.103 Loaded shared library C:\Users\andre\.p2\pool\plugins\org.eclipse.justj.openjdk.hotspot.jre.full.win32.x86_64_23.0.0.v20240919-1706\jre\bin\nio.dll
Event: 0.104 Loaded shared library C:\Users\andre\.p2\pool\plugins\org.eclipse.justj.openjdk.hotspot.jre.full.win32.x86_64_23.0.0.v20240919-1706\jre\bin\zip.dll

Deoptimization events (4 events):
Event: 0.158 Thread 0x000002ad24b57090 Uncommon trap: trap_request=0xffffff45 fr.pc=0x000002ad38559054 relative=0x00000000000000b4
Event: 0.158 Thread 0x000002ad24b57090 Uncommon trap: reason=unstable_if action=reinterpret pc=0x000002ad38559054 method=java.lang.String.isLatin1()Z @ 10 c2
Event: 0.158 Thread 0x000002ad24b57090 DEOPT PACKING pc=0x000002ad38559054 sp=0x000000c7fb2ff1d0
Event: 0.158 Thread 0x000002ad24b57090 DEOPT UNPACKING pc=0x000002ad380143fc sp=0x000000c7fb2ff110 mode 2

Classes loaded (20 events):
Event: 0.117 Loading class java/nio/file/FileTreeWalker$DirectoryNode
Event: 0.118 Loading class java/nio/file/FileTreeWalker$DirectoryNode done
Event: 0.118 Loading class sun/nio/fs/WindowsDirectoryStream$WindowsDirectoryIterator
Event: 0.118 Loading class sun/nio/fs/WindowsDirectoryStream$WindowsDirectoryIterator done
Event: 0.118 Loading class java/nio/file/FileTreeWalker$Event
Event: 0.118 Loading class java/nio/file/FileTreeWalker$Event done
Event: 0.118 Loading class java/nio/file/FileTreeWalker$EventType
Event: 0.118 Loading class java/nio/file/FileTreeWalker$EventType done
Event: 0.125 Loading class sun/nio/fs/WindowsPath$WindowsPathWithAttributes
Event: 0.125 Loading class sun/nio/fs/BasicFileAttributesHolder
Event: 0.125 Loading class sun/nio/fs/BasicFileAttributesHolder done
Event: 0.126 Loading class sun/nio/fs/WindowsPath$WindowsPathWithAttributes done
Event: 0.133 Loading class jdk/internal/module/ModuleReferenceImpl$CachedHash
Event: 0.133 Loading class jdk/internal/module/ModuleReferenceImpl$CachedHash done
Event: 0.157 Loading class jdk/internal/vm/PostVMInitHook
Event: 0.157 Loading class jdk/internal/vm/PostVMInitHook done
Event: 0.158 Loading class jdk/internal/module/ModuleReferences$ExplodedModuleReader
Event: 0.158 Loading class jdk/internal/module/ModuleReferences$ExplodedModuleReader done
Event: 0.158 Loading class jdk/internal/module/ModulePatcher$PatchedModuleReader
Event: 0.159 Loading class jdk/internal/module/ModulePatcher$PatchedModuleReader done

Classes unloaded (0 events):
No events

Classes redefined (0 events):
No events

Internal exceptions (2 events):
Event: 0.118 Thread 0x000002ad24b57090 Exception <a 'java/lang/NoSuchMethodError'{0x0000000715dac538}: 'void java.lang.invoke.DirectMethodHandle$Holder.invokeVirtual(java.lang.Object, java.lang.Object)'> (0x0000000715dac538) 
thrown [s\src\hotspot\share\interpreter\linkResolver.cpp, line 796]
Event: 0.121 Thread 0x000002ad24b57090 Exception <a 'java/lang/NoSuchMethodError'{0x0000000715db7ce8}: 'java.lang.Object java.lang.invoke.DirectMethodHandle$Holder.invokeInterface(java.lang.Object, java.lang.Object, java.lang.Object)'> (0x0000000715db7ce8) 
thrown [s\src\hotspot\share\interpreter\linkResolver.cpp, line 796]

VM Operations (9 events):
Event: 0.215 Executing VM operation: G1CollectForAllocation (G1 Evacuation Pause)
Event: 0.220 Executing VM operation: G1CollectForAllocation (G1 Evacuation Pause) done
Event: 0.230 Executing VM operation: G1CollectForAllocation (G1 Evacuation Pause)
Event: 0.232 Executing VM operation: G1CollectForAllocation (G1 Evacuation Pause) done
Event: 0.250 Executing VM operation: G1CollectForAllocation (G1 Evacuation Pause)
Event: 0.252 Executing VM operation: G1CollectForAllocation (G1 Evacuation Pause) done
Event: 0.268 Executing VM operation: G1CollectForAllocation (G1 Evacuation Pause)
Event: 0.270 Executing VM operation: G1CollectForAllocation (G1 Evacuation Pause) done
Event: 0.289 Executing VM operation: G1CollectForAllocation (G1 Evacuation Pause)

Memory protections (0 events):
No events

Nmethod flushes (0 events):
No events

Events (11 events):
Event: 0.023 Thread 0x000002ad24b57090 Thread added: 0x000002ad24b57090
Event: 0.048 Thread 0x000002ad24b57090 Thread added: 0x000002ad477d38d0
Event: 0.048 Thread 0x000002ad24b57090 Thread added: 0x000002ad477d45f0
Event: 0.049 Thread 0x000002ad24b57090 Thread added: 0x000002ad477d65c0
Event: 0.049 Thread 0x000002ad24b57090 Thread added: 0x000002ad477d7020
Event: 0.049 Thread 0x000002ad24b57090 Thread added: 0x000002ad477d7dd0
Event: 0.049 Thread 0x000002ad24b57090 Thread added: 0x000002ad477db850
Event: 0.049 Thread 0x000002ad24b57090 Thread added: 0x000002ad477dcbf0
Event: 0.058 Thread 0x000002ad24b57090 Thread added: 0x000002ad8d2c2fa0
Event: 0.091 Thread 0x000002ad24b57090 Thread added: 0x000002ad8d369750
Event: 0.157 Thread 0x000002ad24b57090 Thread added: 0x000002ad8d489050


Dynamic libraries:
0x00007ff67d090000 - 0x00007ff67d09e000 	C:\Users\andre\.p2\pool\plugins\org.eclipse.justj.openjdk.hotspot.jre.full.win32.x86_64_23.0.0.v20240919-1706\jre\bin\javaw.exe
0x00007ff9b6a60000 - 0x00007ff9b6e81000 	C:\Windows\SYSTEM32\ntdll.dll
0x00007ff9b2fc0000 - 0x00007ff9b3122000 	C:\Windows\System32\xtajit64.dll
0x00007ff9b3130000 - 0x00007ff9b3293000 	C:\Windows\System32\KERNEL32.DLL
0x00007ff9b2170000 - 0x00007ff9b279c000 	C:\Windows\System32\KERNELBASE.dll
0x00007ff9b1d80000 - 0x00007ff9b1e81000 	C:\Windows\SYSTEM32\apphelp.dll
0x00007ff9b2a60000 - 0x00007ff9b2c88000 	C:\Windows\System32\ucrtbase.dll
0x00007ff991570000 - 0x00007ff99158b000 	C:\Users\andre\.p2\pool\plugins\org.eclipse.justj.openjdk.hotspot.jre.full.win32.x86_64_23.0.0.v20240919-1706\jre\bin\VCRUNTIME140.dll
0x00007ff9915d0000 - 0x00007ff9915e7000 	C:\Users\andre\.p2\pool\plugins\org.eclipse.justj.openjdk.hotspot.jre.full.win32.x86_64_23.0.0.v20240919-1706\jre\bin\jli.dll
0x00007ff9b42d0000 - 0x00007ff9b4545000 	C:\Windows\System32\USER32.dll
0x00007ff9b27a0000 - 0x00007ff9b27fe000 	C:\Windows\System32\win32u.dll
0x00007ff9917d0000 - 0x00007ff991c3a000 	C:\Windows\WinSxS\arm64_microsoft.windows.common-controls_6595b64144ccf1df_6.0.26100.1882_none_3e0e93f8e32ecb84\COMCTL32.dll
0x00007ff9b4f00000 - 0x00007ff9b4f65000 	C:\Windows\System32\GDI32.dll
0x00007ff9b59c0000 - 0x00007ff9b5b08000 	C:\Windows\System32\msvcrt.dll
0x00007ff9b2de0000 - 0x00007ff9b2fbb000 	C:\Windows\System32\gdi32full.dll
0x00007ff9b2810000 - 0x00007ff9b2969000 	C:\Windows\System32\msvcp_win.dll
0x00007ff9b4f70000 - 0x00007ff9b4fc5000 	C:\Windows\System32\IMM32.DLL
0x00007ff99ff10000 - 0x00007ff99ff1c000 	C:\Users\andre\.p2\pool\plugins\org.eclipse.justj.openjdk.hotspot.jre.full.win32.x86_64_23.0.0.v20240919-1706\jre\bin\vcruntime140_1.dll
0x00007ff98cc70000 - 0x00007ff98ccfe000 	C:\Users\andre\.p2\pool\plugins\org.eclipse.justj.openjdk.hotspot.jre.full.win32.x86_64_23.0.0.v20240919-1706\jre\bin\msvcp140.dll
0x00007ff8dab40000 - 0x00007ff8db90d000 	C:\Users\andre\.p2\pool\plugins\org.eclipse.justj.openjdk.hotspot.jre.full.win32.x86_64_23.0.0.v20240919-1706\jre\bin\server\jvm.dll
0x00007ff9b68b0000 - 0x00007ff9b69ef000 	C:\Windows\System32\ADVAPI32.dll
0x00007ff9b5bc0000 - 0x00007ff9b5cde000 	C:\Windows\System32\sechost.dll
0x00007ff9b66a0000 - 0x00007ff9b689d000 	C:\Windows\System32\RPCRT4.dll
0x00007ff9b4830000 - 0x00007ff9b48f4000 	C:\Windows\System32\WS2_32.dll
0x00007ff9b1f90000 - 0x00007ff9b1ffc000 	C:\Windows\SYSTEM32\POWRPROF.dll
0x00007ff979cf0000 - 0x00007ff979d54000 	C:\Windows\SYSTEM32\WINMM.dll
0x00007ff99dc00000 - 0x00007ff99dc16000 	C:\Windows\SYSTEM32\VERSION.dll
0x00007ff9b1f40000 - 0x00007ff9b1f65000 	C:\Windows\SYSTEM32\UMPDC.dll
0x00007ff9b0110000 - 0x00007ff9b0140000 	C:\Windows\SYSTEM32\kernel.appcore.dll
0x00007ff9acd90000 - 0x00007ff9acd9a000 	C:\Users\andre\.p2\pool\plugins\org.eclipse.justj.openjdk.hotspot.jre.full.win32.x86_64_23.0.0.v20240919-1706\jre\bin\jimage.dll
0x00007ff9abe30000 - 0x00007ff9ac26a000 	C:\Windows\SYSTEM32\DBGHELP.DLL
0x00007ff9b4fd0000 - 0x00007ff9b563d000 	C:\Windows\System32\combase.dll
0x00007ff9b62d0000 - 0x00007ff9b6473000 	C:\Windows\System32\OLEAUT32.dll
0x00007ff97d850000 - 0x00007ff97d8ba000 	C:\Windows\SYSTEM32\dbgcore.DLL
0x00007ff9b2970000 - 0x00007ff9b2a50000 	C:\Windows\System32\bcryptPrimitives.dll
0x00007ff9a5d30000 - 0x00007ff9a5d4e000 	C:\Users\andre\.p2\pool\plugins\org.eclipse.justj.openjdk.hotspot.jre.full.win32.x86_64_23.0.0.v20240919-1706\jre\bin\java.dll
0x00007ff9b4570000 - 0x00007ff9b4820000 	C:\Windows\System32\ole32.dll
0x00007ff9b32a0000 - 0x00007ff9b403c000 	C:\Windows\System32\SHELL32.dll
0x00007ff9ae2b0000 - 0x00007ff9af427000 	C:\Windows\SYSTEM32\windows.storage.dll
0x00007ff9b5d50000 - 0x00007ff9b5f0f000 	C:\Windows\System32\SHCORE.dll
0x00007ff9b5f20000 - 0x00007ff9b5fc8000 	C:\Windows\System32\shlwapi.dll
0x00007ff9b2020000 - 0x00007ff9b206a000 	C:\Windows\SYSTEM32\profapi.dll
0x00007ff9a90e0000 - 0x00007ff9a90f0000 	C:\Users\andre\.p2\pool\plugins\org.eclipse.justj.openjdk.hotspot.jre.full.win32.x86_64_23.0.0.v20240919-1706\jre\bin\net.dll
0x00007ff9b08a0000 - 0x00007ff9b095d000 	C:\Windows\system32\mswsock.dll
0x00007ff99ffc0000 - 0x00007ff99ffd6000 	C:\Users\andre\.p2\pool\plugins\org.eclipse.justj.openjdk.hotspot.jre.full.win32.x86_64_23.0.0.v20240919-1706\jre\bin\nio.dll
0x00007ff99ffe0000 - 0x00007ff99fff7000 	C:\Users\andre\.p2\pool\plugins\org.eclipse.justj.openjdk.hotspot.jre.full.win32.x86_64_23.0.0.v20240919-1706\jre\bin\zip.dll

dbghelp: loaded successfully - version: 4.0.5 - missing functions: none
symbol engine: initialized successfully - sym options: 0x614 - pdb path: .;C:\Users\andre\.p2\pool\plugins\org.eclipse.justj.openjdk.hotspot.jre.full.win32.x86_64_23.0.0.v20240919-1706\jre\bin;C:\Windows\SYSTEM32;C:\Windows\WinSxS\arm64_microsoft.windows.common-controls_6595b64144ccf1df_6.0.26100.1882_none_3e0e93f8e32ecb84;C:\Users\andre\.p2\pool\plugins\org.eclipse.justj.openjdk.hotspot.jre.full.win32.x86_64_23.0.0.v20240919-1706\jre\bin\server

VM Arguments:
jvm_args: -Dfile.encoding=UTF-8 -Dstdout.encoding=UTF-8 -Dstderr.encoding=UTF-8 --module-path=C:\Users\andre\eclipse-workspace\Lab08\bin -XX:+ShowCodeDetailsInExceptionMessages -Djdk.module.main=Lab08 
java_command: Lab08/lab08.LinkedIntListTester
java_class_path (initial): <not set>
Launcher Type: SUN_STANDARD

[Global flags]
     intx CICompilerCount                          = 4                                         {product} {ergonomic}
     uint ConcGCThreads                            = 3                                         {product} {ergonomic}
     uint G1ConcRefinementThreads                  = 10                                        {product} {ergonomic}
   size_t G1HeapRegionSize                         = 2097152                                   {product} {ergonomic}
   size_t InitialHeapSize                          = 262144000                                 {product} {ergonomic}
   size_t MarkStackSize                            = 4194304                                   {product} {ergonomic}
   size_t MarkStackSizeMax                         = 536870912                                 {product} {ergonomic}
   size_t MaxHeapSize                              = 4190109696                                {product} {ergonomic}
   size_t MaxNewSize                               = 2512388096                                {product} {ergonomic}
   size_t MinHeapDeltaBytes                        = 2097152                                   {product} {ergonomic}
   size_t MinHeapSize                              = 8388608                                   {product} {ergonomic}
    uintx NonNMethodCodeHeapSize                   = 5832704                                {pd product} {ergonomic}
    uintx NonProfiledCodeHeapSize                  = 122945536                              {pd product} {ergonomic}
    uintx ProfiledCodeHeapSize                     = 122880000                              {pd product} {ergonomic}
    uintx ReservedCodeCacheSize                    = 251658240                              {pd product} {ergonomic}
     bool SegmentedCodeCache                       = true                                      {product} {ergonomic}
     bool ShowCodeDetailsInExceptionMessages       = true                                   {manageable} {command line}
   size_t SoftMaxHeapSize                          = 4190109696                             {manageable} {ergonomic}
     bool UseCompressedOops                        = true                           {product lp64_product} {ergonomic}
     bool UseG1GC                                  = true                                      {product} {ergonomic}
     bool UseLargePagesIndividualAllocation        = false                                  {pd product} {ergonomic}

Logging:
Log output configuration:
 #0: stdout all=warning uptime,level,tags foldmultilines=false
 #1: stderr all=off uptime,level,tags foldmultilines=false

Environment Variables:
PATH=C:/Users/andre/.p2/pool/plugins/org.eclipse.justj.openjdk.hotspot.jre.full.win32.x86_64_23.0.0.v20240919-1706/jre/bin/server;C:/Users/andre/.p2/pool/plugins/org.eclipse.justj.openjdk.hotspot.jre.full.win32.x86_64_23.0.0.v20240919-1706/jre/bin;C:\Windows\system32;C:\Windows;C:\Windows\System32\Wbem;C:\Windows\System32\WindowsPowerShell\v1.0\;C:\Windows\System32\OpenSSH\;C:\Program Files\dotnet\;C:\Users\andre\AppData\Local\Microsoft\WindowsApps;;C:\Windows\system32;
USERNAME=andre
OS=Windows_NT
PROCESSOR_IDENTIFIER=ARMv8 (64-bit) Family 8 Model 1 Revision 201, Qualcomm Technologies Inc
TMP=C:\Users\andre\AppData\Local\Temp
TEMP=C:\Users\andre\AppData\Local\Temp




Periodic native trim disabled

---------------  S Y S T E M  ---------------

OS:
 Windows 11 , 64 bit Build 26100 (10.0.26100.2033)
OS uptime: 0 days 9:02 hours

CPU: total 12 (initial active 12) (12 cores per cpu, 1 threads per core) family 21 model 0 stepping 1 microcode 0x0, cx8, cmov, fxsr, mmx, 3dnowpref, sse, sse2, sse3, ssse3, sse4.1, sse4.2, popcnt, tsc, tscinvbit, aes, clmul, clflush, rdtscp
Processor Information for processor 0
  Max Mhz: 3417, Current Mhz: 2188, Mhz Limit: 3417
Processor Information for processor 1
  Max Mhz: 3417, Current Mhz: 3417, Mhz Limit: 3417
Processor Information for processor 2
  Max Mhz: 3417, Current Mhz: 2188, Mhz Limit: 3417
Processor Information for processor 3
  Max Mhz: 3417, Current Mhz: 1190, Mhz Limit: 3417
Processor Information for processor 4
  Max Mhz: 3417, Current Mhz: 4012, Mhz Limit: 3417
Processor Information for processor 5
  Max Mhz: 3417, Current Mhz: 4012, Mhz Limit: 3417
Processor Information for processor 6
  Max Mhz: 3417, Current Mhz: 4012, Mhz Limit: 3417
Processor Information for processor 7
  Max Mhz: 3417, Current Mhz: 4012, Mhz Limit: 3417
Processor Information for processor 8
  Max Mhz: 3417, Current Mhz: 4012, Mhz Limit: 3417
Processor Information for processor 9
  Max Mhz: 3417, Current Mhz: 4012, Mhz Limit: 3417
Processor Information for processor 10
  Max Mhz: 3417, Current Mhz: 4012, Mhz Limit: 3417
Processor Information for processor 11
  Max Mhz: 3417, Current Mhz: 4012, Mhz Limit: 3417

Memory: 4k page, system-wide physical 15979M (107M free)
TotalPageFile size 65106M (AvailPageFile size 220M)
current process WorkingSet (physical memory assigned to process): 175M, peak: 175M
current process commit charge ("private bytes"): 354M, peak: 604M

vm_info: OpenJDK 64-Bit Server VM (23+37) for windows-amd64 JRE (23+37), built on 2024-09-17T00:00:00Z with MS VC++ 17.7 (VS2022)

END.
