#
# There is insufficient memory for the Java Runtime Environment to continue.
# Native memory allocation (mmap) failed to map 262144000 bytes. Error detail: G1 virtual space
# Possible reasons:
#   The system is out of physical RAM or swap space
#   This process is running with CompressedOops enabled, and the Java Heap may be blocking the growth of the native heap
# Possible solutions:
#   Reduce memory load on the system
#   Increase physical memory or swap space
#   Check if swap backing store is full
#   Decrease Java heap size (-Xmx/-Xms)
#   Decrease number of Java threads
#   Decrease Java thread stack sizes (-Xss)
#   Set larger code cache with -XX:ReservedCodeCacheSize=
#   JVM is running with Zero Based Compressed Oops mode in which the Java heap is
#     placed in the first 32GB address space. The Java Heap base address is the
#     maximum limit for the native heap growth. Please use -XX:HeapBaseMinAddress
#     to set the Java Heap base and to place the Java Heap above 32GB virtual address.
# This output file may be truncated or incomplete.
#
#  Out of Memory Error (os_windows.cpp:3703), pid=2612, tid=14688
#
# JRE version: OpenJDK Runtime Environment Temurin-23+37 (23.0+37) (build 23+37)
# Java VM: OpenJDK 64-Bit Server VM Temurin-23+37 (23+37, mixed mode, sharing, tiered, compressed oops, compressed class ptrs, g1 gc, windows-amd64)
# No core dump will be written. Minidumps are not enabled by default on client versions of Windows
#

---------------  S U M M A R Y ------------

Command Line: -Dfile.encoding=UTF-8 -Dstdout.encoding=UTF-8 -Dstderr.encoding=UTF-8 --module-path=C:\Users\andre\eclipse-workspace\Lab08\bin -XX:+ShowCodeDetailsInExceptionMessages -Djdk.module.main=Lab08 Lab08/lab08.LinkedIntListTester

Host: Snapdragon(R) X Elite - X1E80100 - Qualcomm(R) Oryon(TM) CPU, 12 cores, 15G,  Windows 11 , 64 bit Build 26100 (10.0.26100.2033)
Time: Wed Oct  9 20:04:04 2024 Eastern Daylight Time elapsed time: 0.273662 seconds (0d 0h 0m 0s)

---------------  T H R E A D  ---------------

Current thread (0x000002b349b498e0):  VMThread "VM Thread"          [id=14688, stack(0x000000dd56500000,0x000000dd56600000) (1024K)]

Stack: [0x000000dd56500000,0x000000dd56600000]
Native frames: (J=compiled Java code, j=interpreted, Vv=VM code, C=native code)
V  [jvm.dll+0x6e8c69]  (no source info available)
V  [jvm.dll+0x8d9073]  (no source info available)
V  [jvm.dll+0x8db4fe]  (no source info available)
V  [jvm.dll+0x8dbbd3]  (no source info available)
V  [jvm.dll+0x281aa6]  (no source info available)
V  [jvm.dll+0x6e5565]  (no source info available)
V  [jvm.dll+0x6d957a]  (no source info available)
V  [jvm.dll+0x3625fa]  (no source info available)
V  [jvm.dll+0x36aa26]  (no source info available)
V  [jvm.dll+0x356fce]  (no source info available)
V  [jvm.dll+0x357268]  (no source info available)
V  [jvm.dll+0x32fbfc]  (no source info available)
V  [jvm.dll+0x32fc8a]  (no source info available)
V  [jvm.dll+0x37b292]  (no source info available)
V  [jvm.dll+0x37999c]  (no source info available)
V  [jvm.dll+0x32f3e7]  (no source info available)
V  [jvm.dll+0x3790a4]  (no source info available)
V  [jvm.dll+0x8e1a5f]  (no source info available)
V  [jvm.dll+0x8e2d76]  (no source info available)
V  [jvm.dll+0x8e32a8]  (no source info available)
V  [jvm.dll+0x8e3543]  (no source info available)
V  [jvm.dll+0x88026b]  (no source info available)
V  [jvm.dll+0x6e7475]  (no source info available)
C  [ucrtbase.dll+0x19905c]  (no source info available)

VM_Operation (0x000000dd55eff270): G1CollectForAllocation, mode: safepoint, requested by thread 0x000002b3270e3830


---------------  P R O C E S S  ---------------

Threads class SMR info:
_java_thread_list=0x000002b34a66b660, length=11, elements={
0x000002b3270e3830, 0x000002b34a4d8740, 0x000002b34a4d9660, 0x000002b349b5e3a0,
0x000002b34a4dd240, 0x000002b34a4ddca0, 0x000002b34a4e7b20, 0x000002b34a4e88b0,
0x000002b34a4eb370, 0x000002b34a5fd3e0, 0x000002b34a686fa0
}

Java Threads: ( => current thread )
  0x000002b3270e3830 JavaThread "main"                              [_thread_blocked, id=32276, stack(0x000000dd55e00000,0x000000dd55f00000) (1024K)]
  0x000002b34a4d8740 JavaThread "Reference Handler"          daemon [_thread_blocked, id=33992, stack(0x000000dd56600000,0x000000dd56700000) (1024K)]
  0x000002b34a4d9660 JavaThread "Finalizer"                  daemon [_thread_blocked, id=5364, stack(0x000000dd56700000,0x000000dd56800000) (1024K)]
  0x000002b349b5e3a0 JavaThread "Signal Dispatcher"          daemon [_thread_blocked, id=21560, stack(0x000000dd56800000,0x000000dd56900000) (1024K)]
  0x000002b34a4dd240 JavaThread "Attach Listener"            daemon [_thread_blocked, id=9464, stack(0x000000dd56900000,0x000000dd56a00000) (1024K)]
  0x000002b34a4ddca0 JavaThread "Service Thread"             daemon [_thread_blocked, id=22832, stack(0x000000dd56a00000,0x000000dd56b00000) (1024K)]
  0x000002b34a4e7b20 JavaThread "Monitor Deflation Thread"   daemon [_thread_blocked, id=32224, stack(0x000000dd56b00000,0x000000dd56c00000) (1024K)]
  0x000002b34a4e88b0 JavaThread "C2 CompilerThread0"         daemon [_thread_blocked, id=32728, stack(0x000000dd56c00000,0x000000dd56d00000) (1024K)]
  0x000002b34a4eb370 JavaThread "C1 CompilerThread0"         daemon [_thread_blocked, id=31856, stack(0x000000dd56d00000,0x000000dd56e00000) (1024K)]
  0x000002b34a5fd3e0 JavaThread "Common-Cleaner"             daemon [_thread_blocked, id=22912, stack(0x000000dd56e00000,0x000000dd56f00000) (1024K)]
  0x000002b34a686fa0 JavaThread "Notification Thread"        daemon [_thread_blocked, id=17896, stack(0x000000dd56f00000,0x000000dd57000000) (1024K)]
Total: 11

Other Threads:
=>0x000002b349b498e0 VMThread "VM Thread"                           [id=14688, stack(0x000000dd56500000,0x000000dd56600000) (1024K)]
  0x000002b349b28ba0 WatcherThread "VM Periodic Task Thread"        [id=12476, stack(0x000000dd56400000,0x000000dd56500000) (1024K)]
  0x000002b32f342bf0 WorkerThread "GC Thread#0"                     [id=24920, stack(0x000000dd55f00000,0x000000dd56000000) (1024K)]
  0x000002b34a7360f0 WorkerThread "GC Thread#1"                     [id=32528, stack(0x000000dd57000000,0x000000dd57100000) (1024K)]
  0x000002b34a7364a0 WorkerThread "GC Thread#2"                     [id=11212, stack(0x000000dd57100000,0x000000dd57200000) (1024K)]
  0x000002b34a736850 WorkerThread "GC Thread#3"                     [id=5520, stack(0x000000dd57200000,0x000000dd57300000) (1024K)]
  0x000002b34a737010 WorkerThread "GC Thread#4"                     [id=33836, stack(0x000000dd57300000,0x000000dd57400000) (1024K)]
  0x000002b34a7373c0 WorkerThread "GC Thread#5"                     [id=9776, stack(0x000000dd57400000,0x000000dd57500000) (1024K)]
  0x000002b32f357470 ConcurrentGCThread "G1 Main Marker"            [id=18116, stack(0x000000dd56000000,0x000000dd56100000) (1024K)]
  0x000002b32f357f80 WorkerThread "G1 Conc#0"                       [id=33100, stack(0x000000dd56100000,0x000000dd56200000) (1024K)]
  0x000002b32f38ea00 ConcurrentGCThread "G1 Refine#0"               [id=12892, stack(0x000000dd56200000,0x000000dd56300000) (1024K)]
  0x000002b3499fb6f0 ConcurrentGCThread "G1 Service"                [id=25920, stack(0x000000dd56300000,0x000000dd56400000) (1024K)]
Total: 12

Threads with active compile tasks:
Total: 0

VM state: at safepoint (normal execution)

VM Mutex/Monitor currently owned by a thread:  ([mutex/lock_event])
[0x00007ff8db82bd70] Threads_lock - owner thread: 0x000002b349b498e0
[0x00007ff8db82be70] Heap_lock - owner thread: 0x000002b3270e3830

Heap address: 0x0000000706400000, size: 3996 MB, Compressed Oops mode: Zero based, Oop shift amount: 3

CDS archive(s) mapped at: [0x000002b34b000000-0x000002b34bd70000-0x000002b34bd70000), size 14090240, SharedBaseAddress: 0x000002b34b000000, ArchiveRelocationMode: 1.
Compressed class space mapped at: 0x000002b34c000000-0x000002b38c000000, reserved size: 1073741824
Narrow klass base: 0x000002b34b000000, Narrow klass shift: 0, Narrow klass range: 0x41000000

GC Precious Log:
 CardTable entry size: 512
 Card Set container configuration: InlinePtr #cards 4 size 8 Array Of Cards #cards 16 size 48 Howl #buckets 8 coarsen threshold 3686 Howl Bitmap #cards 512 size 80 coarsen threshold 460 Card regions per heap region 1 cards per card region 4096
 CPUs: 12 total, 12 available
 Memory: 15979M
 Large Page Support: Disabled
 NUMA Support: Disabled
 Compressed Oops: Enabled (Zero based)
 Heap Region Size: 2M
 Heap Min Capacity: 8M
 Heap Initial Capacity: 250M
 Heap Max Capacity: 3996M
 Pre-touch: Disabled
 Parallel Workers: 10
 Concurrent Workers: 3
 Concurrent Refinement Workers: 10
 Periodic GC: Disabled

Heap:
 garbage-first heap   total reserved 4091904K, committed 256000K, used 933K [0x0000000706400000, 0x0000000800000000)
  region size 2048K, 1 young (2048K), 1 survivors (2048K)
 Metaspace       used 809K, committed 896K, reserved 1114112K
  class space    used 69K, committed 128K, reserved 1048576K

Heap Regions: E=young(eden), S=young(survivor), O=old, HS=humongous(starts), HC=humongous(continues), CS=collection set, F=free, TAMS=top-at-mark-start, PB=parsable bottom
|   0|0x0000000706400000, 0x0000000706400000, 0x0000000706600000|  0%| F|  |TAMS 0x0000000706400000| PB 0x0000000706400000| Untracked |  0
|   1|0x0000000706600000, 0x0000000706600000, 0x0000000706800000|  0%| F|  |TAMS 0x0000000706600000| PB 0x0000000706600000| Untracked |  0
|   2|0x0000000706800000, 0x0000000706800000, 0x0000000706a00000|  0%| F|  |TAMS 0x0000000706800000| PB 0x0000000706800000| Untracked |  0
|   3|0x0000000706a00000, 0x0000000706a00000, 0x0000000706c00000|  0%| F|  |TAMS 0x0000000706a00000| PB 0x0000000706a00000| Untracked |  0
|   4|0x0000000706c00000, 0x0000000706c00000, 0x0000000706e00000|  0%| F|  |TAMS 0x0000000706c00000| PB 0x0000000706c00000| Untracked |  0
|   5|0x0000000706e00000, 0x0000000706e00000, 0x0000000707000000|  0%| F|  |TAMS 0x0000000706e00000| PB 0x0000000706e00000| Untracked |  0
|   6|0x0000000707000000, 0x0000000707000000, 0x0000000707200000|  0%| F|  |TAMS 0x0000000707000000| PB 0x0000000707000000| Untracked |  0
|   7|0x0000000707200000, 0x0000000707200000, 0x0000000707400000|  0%| F|  |TAMS 0x0000000707200000| PB 0x0000000707200000| Untracked |  0
|   8|0x0000000707400000, 0x0000000707400000, 0x0000000707600000|  0%| F|  |TAMS 0x0000000707400000| PB 0x0000000707400000| Untracked |  0
|   9|0x0000000707600000, 0x0000000707600000, 0x0000000707800000|  0%| F|  |TAMS 0x0000000707600000| PB 0x0000000707600000| Untracked |  0
|  10|0x0000000707800000, 0x0000000707800000, 0x0000000707a00000|  0%| F|  |TAMS 0x0000000707800000| PB 0x0000000707800000| Untracked |  0
|  11|0x0000000707a00000, 0x0000000707a00000, 0x0000000707c00000|  0%| F|  |TAMS 0x0000000707a00000| PB 0x0000000707a00000| Untracked |  0
|  12|0x0000000707c00000, 0x0000000707c00000, 0x0000000707e00000|  0%| F|  |TAMS 0x0000000707c00000| PB 0x0000000707c00000| Untracked |  0
|  13|0x0000000707e00000, 0x0000000707e00000, 0x0000000708000000|  0%| F|  |TAMS 0x0000000707e00000| PB 0x0000000707e00000| Untracked |  0
|  14|0x0000000708000000, 0x0000000708000000, 0x0000000708200000|  0%| F|  |TAMS 0x0000000708000000| PB 0x0000000708000000| Untracked |  0
|  15|0x0000000708200000, 0x0000000708200000, 0x0000000708400000|  0%| F|  |TAMS 0x0000000708200000| PB 0x0000000708200000| Untracked |  0
|  16|0x0000000708400000, 0x0000000708400000, 0x0000000708600000|  0%| F|  |TAMS 0x0000000708400000| PB 0x0000000708400000| Untracked |  0
|  17|0x0000000708600000, 0x0000000708600000, 0x0000000708800000|  0%| F|  |TAMS 0x0000000708600000| PB 0x0000000708600000| Untracked |  0
|  18|0x0000000708800000, 0x0000000708800000, 0x0000000708a00000|  0%| F|  |TAMS 0x0000000708800000| PB 0x0000000708800000| Untracked |  0
|  19|0x0000000708a00000, 0x0000000708a00000, 0x0000000708c00000|  0%| F|  |TAMS 0x0000000708a00000| PB 0x0000000708a00000| Untracked |  0
|  20|0x0000000708c00000, 0x0000000708c00000, 0x0000000708e00000|  0%| F|  |TAMS 0x0000000708c00000| PB 0x0000000708c00000| Untracked |  0
|  21|0x0000000708e00000, 0x0000000708e00000, 0x0000000709000000|  0%| F|  |TAMS 0x0000000708e00000| PB 0x0000000708e00000| Untracked |  0
|  22|0x0000000709000000, 0x0000000709000000, 0x0000000709200000|  0%| F|  |TAMS 0x0000000709000000| PB 0x0000000709000000| Untracked |  0
|  23|0x0000000709200000, 0x0000000709200000, 0x0000000709400000|  0%| F|  |TAMS 0x0000000709200000| PB 0x0000000709200000| Untracked |  0
|  24|0x0000000709400000, 0x0000000709400000, 0x0000000709600000|  0%| F|  |TAMS 0x0000000709400000| PB 0x0000000709400000| Untracked |  0
|  25|0x0000000709600000, 0x0000000709600000, 0x0000000709800000|  0%| F|  |TAMS 0x0000000709600000| PB 0x0000000709600000| Untracked |  0
|  26|0x0000000709800000, 0x0000000709800000, 0x0000000709a00000|  0%| F|  |TAMS 0x0000000709800000| PB 0x0000000709800000| Untracked |  0
|  27|0x0000000709a00000, 0x0000000709a00000, 0x0000000709c00000|  0%| F|  |TAMS 0x0000000709a00000| PB 0x0000000709a00000| Untracked |  0
|  28|0x0000000709c00000, 0x0000000709c00000, 0x0000000709e00000|  0%| F|  |TAMS 0x0000000709c00000| PB 0x0000000709c00000| Untracked |  0
|  29|0x0000000709e00000, 0x0000000709e00000, 0x000000070a000000|  0%| F|  |TAMS 0x0000000709e00000| PB 0x0000000709e00000| Untracked |  0
|  30|0x000000070a000000, 0x000000070a000000, 0x000000070a200000|  0%| F|  |TAMS 0x000000070a000000| PB 0x000000070a000000| Untracked |  0
|  31|0x000000070a200000, 0x000000070a200000, 0x000000070a400000|  0%| F|  |TAMS 0x000000070a200000| PB 0x000000070a200000| Untracked |  0
|  32|0x000000070a400000, 0x000000070a400000, 0x000000070a600000|  0%| F|  |TAMS 0x000000070a400000| PB 0x000000070a400000| Untracked |  0
|  33|0x000000070a600000, 0x000000070a600000, 0x000000070a800000|  0%| F|  |TAMS 0x000000070a600000| PB 0x000000070a600000| Untracked |  0
|  34|0x000000070a800000, 0x000000070a800000, 0x000000070aa00000|  0%| F|  |TAMS 0x000000070a800000| PB 0x000000070a800000| Untracked |  0
|  35|0x000000070aa00000, 0x000000070aa00000, 0x000000070ac00000|  0%| F|  |TAMS 0x000000070aa00000| PB 0x000000070aa00000| Untracked |  0
|  36|0x000000070ac00000, 0x000000070ac00000, 0x000000070ae00000|  0%| F|  |TAMS 0x000000070ac00000| PB 0x000000070ac00000| Untracked |  0
|  37|0x000000070ae00000, 0x000000070ae00000, 0x000000070b000000|  0%| F|  |TAMS 0x000000070ae00000| PB 0x000000070ae00000| Untracked |  0
|  38|0x000000070b000000, 0x000000070b000000, 0x000000070b200000|  0%| F|  |TAMS 0x000000070b000000| PB 0x000000070b000000| Untracked |  0
|  39|0x000000070b200000, 0x000000070b200000, 0x000000070b400000|  0%| F|  |TAMS 0x000000070b200000| PB 0x000000070b200000| Untracked |  0
|  40|0x000000070b400000, 0x000000070b400000, 0x000000070b600000|  0%| F|  |TAMS 0x000000070b400000| PB 0x000000070b400000| Untracked |  0
|  41|0x000000070b600000, 0x000000070b600000, 0x000000070b800000|  0%| F|  |TAMS 0x000000070b600000| PB 0x000000070b600000| Untracked |  0
|  42|0x000000070b800000, 0x000000070b800000, 0x000000070ba00000|  0%| F|  |TAMS 0x000000070b800000| PB 0x000000070b800000| Untracked |  0
|  43|0x000000070ba00000, 0x000000070ba00000, 0x000000070bc00000|  0%| F|  |TAMS 0x000000070ba00000| PB 0x000000070ba00000| Untracked |  0
|  44|0x000000070bc00000, 0x000000070bc00000, 0x000000070be00000|  0%| F|  |TAMS 0x000000070bc00000| PB 0x000000070bc00000| Untracked |  0
|  45|0x000000070be00000, 0x000000070be00000, 0x000000070c000000|  0%| F|  |TAMS 0x000000070be00000| PB 0x000000070be00000| Untracked |  0
|  46|0x000000070c000000, 0x000000070c000000, 0x000000070c200000|  0%| F|  |TAMS 0x000000070c000000| PB 0x000000070c000000| Untracked |  0
|  47|0x000000070c200000, 0x000000070c200000, 0x000000070c400000|  0%| F|  |TAMS 0x000000070c200000| PB 0x000000070c200000| Untracked |  0
|  48|0x000000070c400000, 0x000000070c400000, 0x000000070c600000|  0%| F|  |TAMS 0x000000070c400000| PB 0x000000070c400000| Untracked |  0
|  49|0x000000070c600000, 0x000000070c600000, 0x000000070c800000|  0%| F|  |TAMS 0x000000070c600000| PB 0x000000070c600000| Untracked |  0
|  50|0x000000070c800000, 0x000000070c800000, 0x000000070ca00000|  0%| F|  |TAMS 0x000000070c800000| PB 0x000000070c800000| Untracked |  0
|  51|0x000000070ca00000, 0x000000070ca00000, 0x000000070cc00000|  0%| F|  |TAMS 0x000000070ca00000| PB 0x000000070ca00000| Untracked |  0
|  52|0x000000070cc00000, 0x000000070cc00000, 0x000000070ce00000|  0%| F|  |TAMS 0x000000070cc00000| PB 0x000000070cc00000| Untracked |  0
|  53|0x000000070ce00000, 0x000000070ce00000, 0x000000070d000000|  0%| F|  |TAMS 0x000000070ce00000| PB 0x000000070ce00000| Untracked |  0
|  54|0x000000070d000000, 0x000000070d000000, 0x000000070d200000|  0%| F|  |TAMS 0x000000070d000000| PB 0x000000070d000000| Untracked |  0
|  55|0x000000070d200000, 0x000000070d200000, 0x000000070d400000|  0%| F|  |TAMS 0x000000070d200000| PB 0x000000070d200000| Untracked |  0
|  56|0x000000070d400000, 0x000000070d400000, 0x000000070d600000|  0%| F|  |TAMS 0x000000070d400000| PB 0x000000070d400000| Untracked |  0
|  57|0x000000070d600000, 0x000000070d600000, 0x000000070d800000|  0%| F|  |TAMS 0x000000070d600000| PB 0x000000070d600000| Untracked |  0
|  58|0x000000070d800000, 0x000000070d800000, 0x000000070da00000|  0%| F|  |TAMS 0x000000070d800000| PB 0x000000070d800000| Untracked |  0
|  59|0x000000070da00000, 0x000000070da00000, 0x000000070dc00000|  0%| F|  |TAMS 0x000000070da00000| PB 0x000000070da00000| Untracked |  0
|  60|0x000000070dc00000, 0x000000070dc00000, 0x000000070de00000|  0%| F|  |TAMS 0x000000070dc00000| PB 0x000000070dc00000| Untracked |  0
|  61|0x000000070de00000, 0x000000070de00000, 0x000000070e000000|  0%| F|  |TAMS 0x000000070de00000| PB 0x000000070de00000| Untracked |  0
|  62|0x000000070e000000, 0x000000070e000000, 0x000000070e200000|  0%| F|  |TAMS 0x000000070e000000| PB 0x000000070e000000| Untracked |  0
|  63|0x000000070e200000, 0x000000070e200000, 0x000000070e400000|  0%| F|  |TAMS 0x000000070e200000| PB 0x000000070e200000| Untracked |  0
|  64|0x000000070e400000, 0x000000070e400000, 0x000000070e600000|  0%| F|  |TAMS 0x000000070e400000| PB 0x000000070e400000| Untracked |  0
|  65|0x000000070e600000, 0x000000070e600000, 0x000000070e800000|  0%| F|  |TAMS 0x000000070e600000| PB 0x000000070e600000| Untracked |  0
|  66|0x000000070e800000, 0x000000070e800000, 0x000000070ea00000|  0%| F|  |TAMS 0x000000070e800000| PB 0x000000070e800000| Untracked |  0
|  67|0x000000070ea00000, 0x000000070eae96b0, 0x000000070ec00000| 45%| S|CS|TAMS 0x000000070ea00000| PB 0x000000070ea00000| Complete |  0
|  68|0x000000070ec00000, 0x000000070ec00000, 0x000000070ee00000|  0%| F|  |TAMS 0x000000070ec00000| PB 0x000000070ec00000| Untracked |  0
|  69|0x000000070ee00000, 0x000000070ee00000, 0x000000070f000000|  0%| F|  |TAMS 0x000000070ee00000| PB 0x000000070ee00000| Untracked |  0
|  70|0x000000070f000000, 0x000000070f000000, 0x000000070f200000|  0%| F|  |TAMS 0x000000070f000000| PB 0x000000070f000000| Untracked |  0
|  71|0x000000070f200000, 0x000000070f200000, 0x000000070f400000|  0%| F|  |TAMS 0x000000070f200000| PB 0x000000070f200000| Untracked |  0
|  72|0x000000070f400000, 0x000000070f400000, 0x000000070f600000|  0%| F|  |TAMS 0x000000070f400000| PB 0x000000070f400000| Untracked |  0
|  73|0x000000070f600000, 0x000000070f600000, 0x000000070f800000|  0%| F|  |TAMS 0x000000070f600000| PB 0x000000070f600000| Untracked |  0
|  74|0x000000070f800000, 0x000000070f800000, 0x000000070fa00000|  0%| F|  |TAMS 0x000000070f800000| PB 0x000000070f800000| Untracked |  0
|  75|0x000000070fa00000, 0x000000070fa00000, 0x000000070fc00000|  0%| F|  |TAMS 0x000000070fa00000| PB 0x000000070fa00000| Untracked |  0
|  76|0x000000070fc00000, 0x000000070fc00000, 0x000000070fe00000|  0%| F|  |TAMS 0x000000070fc00000| PB 0x000000070fc00000| Untracked |  0
|  77|0x000000070fe00000, 0x000000070fe00000, 0x0000000710000000|  0%| F|  |TAMS 0x000000070fe00000| PB 0x000000070fe00000| Untracked |  0
|  78|0x0000000710000000, 0x0000000710000000, 0x0000000710200000|  0%| F|  |TAMS 0x0000000710000000| PB 0x0000000710000000| Untracked |  0
|  79|0x0000000710200000, 0x0000000710200000, 0x0000000710400000|  0%| F|  |TAMS 0x0000000710200000| PB 0x0000000710200000| Untracked |  0
|  80|0x0000000710400000, 0x0000000710400000, 0x0000000710600000|  0%| F|  |TAMS 0x0000000710400000| PB 0x0000000710400000| Untracked |  0
|  81|0x0000000710600000, 0x0000000710600000, 0x0000000710800000|  0%| F|  |TAMS 0x0000000710600000| PB 0x0000000710600000| Untracked |  0
|  82|0x0000000710800000, 0x0000000710800000, 0x0000000710a00000|  0%| F|  |TAMS 0x0000000710800000| PB 0x0000000710800000| Untracked |  0
|  83|0x0000000710a00000, 0x0000000710a00000, 0x0000000710c00000|  0%| F|  |TAMS 0x0000000710a00000| PB 0x0000000710a00000| Untracked |  0
|  84|0x0000000710c00000, 0x0000000710c00000, 0x0000000710e00000|  0%| F|  |TAMS 0x0000000710c00000| PB 0x0000000710c00000| Untracked |  0
|  85|0x0000000710e00000, 0x0000000710e00000, 0x0000000711000000|  0%| F|  |TAMS 0x0000000710e00000| PB 0x0000000710e00000| Untracked |  0
|  86|0x0000000711000000, 0x0000000711000000, 0x0000000711200000|  0%| F|  |TAMS 0x0000000711000000| PB 0x0000000711000000| Untracked |  0
|  87|0x0000000711200000, 0x0000000711200000, 0x0000000711400000|  0%| F|  |TAMS 0x0000000711200000| PB 0x0000000711200000| Untracked |  0
|  88|0x0000000711400000, 0x0000000711400000, 0x0000000711600000|  0%| F|  |TAMS 0x0000000711400000| PB 0x0000000711400000| Untracked |  0
|  89|0x0000000711600000, 0x0000000711600000, 0x0000000711800000|  0%| F|  |TAMS 0x0000000711600000| PB 0x0000000711600000| Untracked |  0
|  90|0x0000000711800000, 0x0000000711800000, 0x0000000711a00000|  0%| F|  |TAMS 0x0000000711800000| PB 0x0000000711800000| Untracked |  0
|  91|0x0000000711a00000, 0x0000000711a00000, 0x0000000711c00000|  0%| F|  |TAMS 0x0000000711a00000| PB 0x0000000711a00000| Untracked |  0
|  92|0x0000000711c00000, 0x0000000711c00000, 0x0000000711e00000|  0%| F|  |TAMS 0x0000000711c00000| PB 0x0000000711c00000| Untracked |  0
|  93|0x0000000711e00000, 0x0000000711e00000, 0x0000000712000000|  0%| F|  |TAMS 0x0000000711e00000| PB 0x0000000711e00000| Untracked |  0
|  94|0x0000000712000000, 0x0000000712000000, 0x0000000712200000|  0%| F|  |TAMS 0x0000000712000000| PB 0x0000000712000000| Untracked |  0
|  95|0x0000000712200000, 0x0000000712200000, 0x0000000712400000|  0%| F|  |TAMS 0x0000000712200000| PB 0x0000000712200000| Untracked |  0
|  96|0x0000000712400000, 0x0000000712400000, 0x0000000712600000|  0%| F|  |TAMS 0x0000000712400000| PB 0x0000000712400000| Untracked |  0
|  97|0x0000000712600000, 0x0000000712600000, 0x0000000712800000|  0%| F|  |TAMS 0x0000000712600000| PB 0x0000000712600000| Untracked |  0
|  98|0x0000000712800000, 0x0000000712800000, 0x0000000712a00000|  0%| F|  |TAMS 0x0000000712800000| PB 0x0000000712800000| Untracked |  0
|  99|0x0000000712a00000, 0x0000000712a00000, 0x0000000712c00000|  0%| F|  |TAMS 0x0000000712a00000| PB 0x0000000712a00000| Untracked |  0
| 100|0x0000000712c00000, 0x0000000712c00000, 0x0000000712e00000|  0%| F|  |TAMS 0x0000000712c00000| PB 0x0000000712c00000| Untracked |  0
| 101|0x0000000712e00000, 0x0000000712e00000, 0x0000000713000000|  0%| F|  |TAMS 0x0000000712e00000| PB 0x0000000712e00000| Untracked |  0
| 102|0x0000000713000000, 0x0000000713000000, 0x0000000713200000|  0%| F|  |TAMS 0x0000000713000000| PB 0x0000000713000000| Untracked |  0
| 103|0x0000000713200000, 0x0000000713200000, 0x0000000713400000|  0%| F|  |TAMS 0x0000000713200000| PB 0x0000000713200000| Untracked |  0
| 104|0x0000000713400000, 0x0000000713400000, 0x0000000713600000|  0%| F|  |TAMS 0x0000000713400000| PB 0x0000000713400000| Untracked |  0
| 105|0x0000000713600000, 0x0000000713600000, 0x0000000713800000|  0%| F|  |TAMS 0x0000000713600000| PB 0x0000000713600000| Untracked |  0
| 106|0x0000000713800000, 0x0000000713800000, 0x0000000713a00000|  0%| F|  |TAMS 0x0000000713800000| PB 0x0000000713800000| Untracked |  0
| 107|0x0000000713a00000, 0x0000000713a00000, 0x0000000713c00000|  0%| F|  |TAMS 0x0000000713a00000| PB 0x0000000713a00000| Untracked |  0
| 108|0x0000000713c00000, 0x0000000713c00000, 0x0000000713e00000|  0%| F|  |TAMS 0x0000000713c00000| PB 0x0000000713c00000| Untracked |  0
| 109|0x0000000713e00000, 0x0000000713e00000, 0x0000000714000000|  0%| F|  |TAMS 0x0000000713e00000| PB 0x0000000713e00000| Untracked |  0
| 110|0x0000000714000000, 0x0000000714000000, 0x0000000714200000|  0%| F|  |TAMS 0x0000000714000000| PB 0x0000000714000000| Untracked |  0
| 111|0x0000000714200000, 0x0000000714200000, 0x0000000714400000|  0%| F|  |TAMS 0x0000000714200000| PB 0x0000000714200000| Untracked |  0
| 112|0x0000000714400000, 0x0000000714400000, 0x0000000714600000|  0%| F|  |TAMS 0x0000000714400000| PB 0x0000000714400000| Untracked |  0
| 113|0x0000000714600000, 0x0000000714600000, 0x0000000714800000|  0%| F|  |TAMS 0x0000000714600000| PB 0x0000000714600000| Untracked |  0
| 114|0x0000000714800000, 0x0000000714800000, 0x0000000714a00000|  0%| F|  |TAMS 0x0000000714800000| PB 0x0000000714800000| Untracked |  0
| 115|0x0000000714a00000, 0x0000000714a00000, 0x0000000714c00000|  0%| F|  |TAMS 0x0000000714a00000| PB 0x0000000714a00000| Untracked |  0
| 116|0x0000000714c00000, 0x0000000714c00000, 0x0000000714e00000|  0%| F|  |TAMS 0x0000000714c00000| PB 0x0000000714c00000| Untracked |  0
| 117|0x0000000714e00000, 0x0000000714e00000, 0x0000000715000000|  0%| F|  |TAMS 0x0000000714e00000| PB 0x0000000714e00000| Untracked |  0
| 118|0x0000000715000000, 0x0000000715000000, 0x0000000715200000|  0%| F|  |TAMS 0x0000000715000000| PB 0x0000000715000000| Untracked |  0
| 119|0x0000000715200000, 0x0000000715200000, 0x0000000715400000|  0%| F|  |TAMS 0x0000000715200000| PB 0x0000000715200000| Untracked |  0
| 120|0x0000000715400000, 0x0000000715400000, 0x0000000715600000|  0%| F|  |TAMS 0x0000000715400000| PB 0x0000000715400000| Untracked |  0
| 121|0x0000000715600000, 0x0000000715600000, 0x0000000715800000|  0%| F|  |TAMS 0x0000000715600000| PB 0x0000000715600000| Untracked |  0
| 122|0x0000000715800000, 0x0000000715800000, 0x0000000715a00000|  0%| F|  |TAMS 0x0000000715800000| PB 0x0000000715800000| Untracked |  0
| 123|0x0000000715a00000, 0x0000000715a00000, 0x0000000715c00000|  0%| F|  |TAMS 0x0000000715a00000| PB 0x0000000715a00000| Untracked |  0
| 124|0x0000000715c00000, 0x0000000715c00000, 0x0000000715e00000|  0%| F|  |TAMS 0x0000000715c00000| PB 0x0000000715c00000| Untracked |  0

Card table byte_map: [0x000002b342eb0000,0x000002b343680000] _byte_map_base: 0x000002b33f67e000

Marking Bits: (CMBitMap*) 0x000002b32f343300
 Bits: [0x000002b343680000, 0x000002b3474f0000)

Polling page: 0x000002b32ea90000

Metaspace:

Usage:
  Non-class:    739.76 KB used.
      Class:     69.76 KB used.
       Both:    809.52 KB used.

Virtual space:
  Non-class space:       64.00 MB reserved,     768.00 KB (  1%) committed,  1 nodes.
      Class space:        1.00 GB reserved,     128.00 KB ( <1%) committed,  1 nodes.
             Both:        1.06 GB reserved,     896.00 KB ( <1%) committed. 

Chunk freelists:
   Non-Class:  11.94 MB
       Class:  15.72 MB
        Both:  27.66 MB

MaxMetaspaceSize: unlimited
CompressedClassSpaceSize: 1.00 GB
Initial GC threshold: 21.00 MB
Current GC threshold: 21.00 MB
CDS: on
 - commit_granule_bytes: 65536.
 - commit_granule_words: 8192.
 - virtual_space_node_default_size: 8388608.
 - enlarge_chunks_in_place: 1.
 - use_allocation_guard: 0.


Internal statistics:

num_allocs_failed_limit: 0.
num_arena_births: 52.
num_arena_deaths: 0.
num_vsnodes_births: 2.
num_vsnodes_deaths: 0.
num_space_committed: 14.
num_space_uncommitted: 0.
num_chunks_returned_to_freelist: 0.
num_chunks_taken_from_freelist: 56.
num_chunk_merges: 0.
num_chunk_splits: 39.
num_chunks_enlarged: 23.
num_inconsistent_stats: 0.

CodeHeap 'non-profiled nmethods': size=120064Kb used=127Kb max_used=127Kb free=119936Kb
 bounds [0x000002b33ac30000, 0x000002b33aea0000, 0x000002b342170000]
CodeHeap 'profiled nmethods': size=120000Kb used=322Kb max_used=322Kb free=119677Kb
 bounds [0x000002b333170000, 0x000002b3333e0000, 0x000002b33a6a0000]
CodeHeap 'non-nmethods': size=5696Kb used=1295Kb max_used=1309Kb free=4400Kb
 bounds [0x000002b33a6a0000, 0x000002b33a910000, 0x000002b33ac30000]
CodeCache: size=245760Kb, used=1744Kb, max_used=1758Kb, free=244013Kb
 total_blobs=783, nmethods=366, adapters=324, full_count=0
Compilation: enabled, stopped_count=0, restarted_count=0

Compilation events (20 events):
Event: 0.235 Thread 0x000002b34a4e88b0  358       4       java.lang.invoke.DirectMethodHandle$Holder::invokeStatic (21 bytes)
Event: 0.236 Thread 0x000002b34a4e88b0 nmethod 358 0x000002b33ac4dd08 code [0x000002b33ac4de20, 0x000002b33ac4df28]
Event: 0.236 Thread 0x000002b34a4e88b0  359       4       java.lang.StringConcatHelper::prepend (17 bytes)
Event: 0.238 Thread 0x000002b34a4e88b0 nmethod 359 0x000002b33ac4e008 code [0x000002b33ac4e120, 0x000002b33ac4e3a0]
Event: 0.238 Thread 0x000002b34a4e88b0  360       4       java.lang.invoke.DirectMethodHandle$Holder::invokeStatic (17 bytes)
Event: 0.239 Thread 0x000002b34a4e88b0 nmethod 360 0x000002b33ac4e408 code [0x000002b33ac4e520, 0x000002b33ac4e610]
Event: 0.239 Thread 0x000002b34a4e88b0  361       4       java.lang.invoke.DirectMethodHandle$Holder::invokeStatic (14 bytes)
Event: 0.240 Thread 0x000002b34a4e88b0 nmethod 361 0x000002b33ac4e708 code [0x000002b33ac4e820, 0x000002b33ac4e900]
Event: 0.240 Thread 0x000002b34a4e88b0  362       4       java.lang.invoke.LambdaForm$MH/0x000002b34c005c00::invoke (46 bytes)
Event: 0.241 Thread 0x000002b34a4e88b0 nmethod 362 0x000002b33ac4ea08 code [0x000002b33ac4eb40, 0x000002b33ac4ed08]
Event: 0.241 Thread 0x000002b34a4e88b0  363       4       java.lang.invoke.DelegatingMethodHandle$Holder::reinvoke_L (20 bytes)
Event: 0.242 Thread 0x000002b34a4e88b0 nmethod 363 0x000002b33ac4ed88 code [0x000002b33ac4eea0, 0x000002b33ac4efd8]
Event: 0.242 Thread 0x000002b34a4e88b0  364       4       java.lang.invoke.DirectMethodHandle$Holder::invokeStatic (17 bytes)
Event: 0.242 Thread 0x000002b34a4e88b0 nmethod 364 0x000002b33ac4f088 code [0x000002b33ac4f1a0, 0x000002b33ac4f290]
Event: 0.243 Thread 0x000002b34a4e88b0  365       4       java.lang.invoke.LambdaForm$MH/0x000002b34c004800::invoke (45 bytes)
Event: 0.244 Thread 0x000002b34a4e88b0 nmethod 365 0x000002b33ac4f388 code [0x000002b33ac4f4c0, 0x000002b33ac4f6b0]
Event: 0.244 Thread 0x000002b34a4e88b0  366       4       java.lang.invoke.DelegatingMethodHandle$Holder::reinvoke_L (22 bytes)
Event: 0.244 Thread 0x000002b34a4e88b0 nmethod 366 0x000002b33ac4f708 code [0x000002b33ac4f820, 0x000002b33ac4f968]
Event: 0.244 Thread 0x000002b34a4e88b0  367       4       java.lang.invoke.DirectMethodHandle$Holder::invokeStatic (19 bytes)
Event: 0.245 Thread 0x000002b34a4e88b0 nmethod 367 0x000002b33ac4fa08 code [0x000002b33ac4fb20, 0x000002b33ac4fc18]

GC Heap History (9 events):
Event: 0.197 GC heap before
{Heap before GC invocations=0 (full 0):
 garbage-first heap   total reserved 4091904K, committed 256000K, used 22528K [0x0000000706400000, 0x0000000800000000)
  region size 2048K, 12 young (24576K), 0 survivors (0K)
 Metaspace       used 808K, committed 896K, reserved 1114112K
  class space    used 69K, committed 128K, reserved 1048576K
}
Event: 0.201 GC heap after
{Heap after GC invocations=1 (full 0):
 garbage-first heap   total reserved 4091904K, committed 256000K, used 959K [0x0000000706400000, 0x0000000800000000)
  region size 2048K, 1 young (2048K), 1 survivors (2048K)
 Metaspace       used 808K, committed 896K, reserved 1114112K
  class space    used 69K, committed 128K, reserved 1048576K
}
Event: 0.211 GC heap before
{Heap before GC invocations=1 (full 0):
 garbage-first heap   total reserved 4091904K, committed 256000K, used 27583K [0x0000000706400000, 0x0000000800000000)
  region size 2048K, 15 young (30720K), 1 survivors (2048K)
 Metaspace       used 809K, committed 896K, reserved 1114112K
  class space    used 69K, committed 128K, reserved 1048576K
}
Event: 0.213 GC heap after
{Heap after GC invocations=2 (full 0):
 garbage-first heap   total reserved 4091904K, committed 256000K, used 915K [0x0000000706400000, 0x0000000800000000)
  region size 2048K, 1 young (2048K), 1 survivors (2048K)
 Metaspace       used 809K, committed 896K, reserved 1114112K
  class space    used 69K, committed 128K, reserved 1048576K
}
Event: 0.231 GC heap before
{Heap before GC invocations=2 (full 0):
 garbage-first heap   total reserved 4091904K, committed 256000K, used 58259K [0x0000000706400000, 0x0000000800000000)
  region size 2048K, 30 young (61440K), 1 survivors (2048K)
 Metaspace       used 809K, committed 896K, reserved 1114112K
  class space    used 69K, committed 128K, reserved 1048576K
}
Event: 0.233 GC heap after
{Heap after GC invocations=3 (full 0):
 garbage-first heap   total reserved 4091904K, committed 256000K, used 926K [0x0000000706400000, 0x0000000800000000)
  region size 2048K, 1 young (2048K), 1 survivors (2048K)
 Metaspace       used 809K, committed 896K, reserved 1114112K
  class space    used 69K, committed 128K, reserved 1048576K
}
Event: 0.248 GC heap before
{Heap before GC invocations=3 (full 0):
 garbage-first heap   total reserved 4091904K, committed 256000K, used 80798K [0x0000000706400000, 0x0000000800000000)
  region size 2048K, 41 young (83968K), 1 survivors (2048K)
 Metaspace       used 809K, committed 896K, reserved 1114112K
  class space    used 69K, committed 128K, reserved 1048576K
}
Event: 0.250 GC heap after
{Heap after GC invocations=4 (full 0):
 garbage-first heap   total reserved 4091904K, committed 256000K, used 892K [0x0000000706400000, 0x0000000800000000)
  region size 2048K, 1 young (2048K), 1 survivors (2048K)
 Metaspace       used 809K, committed 896K, reserved 1114112K
  class space    used 69K, committed 128K, reserved 1048576K
}
Event: 0.268 GC heap before
{Heap before GC invocations=4 (full 0):
 garbage-first heap   total reserved 4091904K, committed 256000K, used 113532K [0x0000000706400000, 0x0000000800000000)
  region size 2048K, 57 young (116736K), 1 survivors (2048K)
 Metaspace       used 809K, committed 896K, reserved 1114112K
  class space    used 69K, committed 128K, reserved 1048576K
}

Dll operation events (4 events):
Event: 0.013 Loaded shared library C:\Users\andre\.p2\pool\plugins\org.eclipse.justj.openjdk.hotspot.jre.full.win32.x86_64_23.0.0.v20240919-1706\jre\bin\java.dll
Event: 0.092 Loaded shared library C:\Users\andre\.p2\pool\plugins\org.eclipse.justj.openjdk.hotspot.jre.full.win32.x86_64_23.0.0.v20240919-1706\jre\bin\net.dll
Event: 0.094 Loaded shared library C:\Users\andre\.p2\pool\plugins\org.eclipse.justj.openjdk.hotspot.jre.full.win32.x86_64_23.0.0.v20240919-1706\jre\bin\nio.dll
Event: 0.095 Loaded shared library C:\Users\andre\.p2\pool\plugins\org.eclipse.justj.openjdk.hotspot.jre.full.win32.x86_64_23.0.0.v20240919-1706\jre\bin\zip.dll

Deoptimization events (8 events):
Event: 0.144 Thread 0x000002b3270e3830 Uncommon trap: trap_request=0xffffff45 fr.pc=0x000002b33ac38cdc relative=0x000000000000005c
Event: 0.144 Thread 0x000002b3270e3830 Uncommon trap: reason=unstable_if action=reinterpret pc=0x000002b33ac38cdc method=java.lang.String.isLatin1()Z @ 10 c2
Event: 0.144 Thread 0x000002b3270e3830 DEOPT PACKING pc=0x000002b33ac38cdc sp=0x000000dd55efe8f0
Event: 0.144 Thread 0x000002b3270e3830 DEOPT UNPACKING pc=0x000002b33a6f43fc sp=0x000000dd55efe880 mode 2
Event: 0.145 Thread 0x000002b3270e3830 Uncommon trap: trap_request=0xffffff45 fr.pc=0x000002b33ac39654 relative=0x00000000000000b4
Event: 0.145 Thread 0x000002b3270e3830 Uncommon trap: reason=unstable_if action=reinterpret pc=0x000002b33ac39654 method=java.lang.String.isLatin1()Z @ 10 c2
Event: 0.145 Thread 0x000002b3270e3830 DEOPT PACKING pc=0x000002b33ac39654 sp=0x000000dd55eff250
Event: 0.145 Thread 0x000002b3270e3830 DEOPT UNPACKING pc=0x000002b33a6f43fc sp=0x000000dd55eff190 mode 2

Classes loaded (20 events):
Event: 0.108 Loading class java/nio/file/FileTreeWalker$DirectoryNode
Event: 0.108 Loading class java/nio/file/FileTreeWalker$DirectoryNode done
Event: 0.108 Loading class sun/nio/fs/WindowsDirectoryStream$WindowsDirectoryIterator
Event: 0.108 Loading class sun/nio/fs/WindowsDirectoryStream$WindowsDirectoryIterator done
Event: 0.108 Loading class java/nio/file/FileTreeWalker$Event
Event: 0.108 Loading class java/nio/file/FileTreeWalker$Event done
Event: 0.108 Loading class java/nio/file/FileTreeWalker$EventType
Event: 0.108 Loading class java/nio/file/FileTreeWalker$EventType done
Event: 0.116 Loading class sun/nio/fs/WindowsPath$WindowsPathWithAttributes
Event: 0.116 Loading class sun/nio/fs/BasicFileAttributesHolder
Event: 0.116 Loading class sun/nio/fs/BasicFileAttributesHolder done
Event: 0.116 Loading class sun/nio/fs/WindowsPath$WindowsPathWithAttributes done
Event: 0.124 Loading class jdk/internal/module/ModuleReferenceImpl$CachedHash
Event: 0.124 Loading class jdk/internal/module/ModuleReferenceImpl$CachedHash done
Event: 0.144 Loading class jdk/internal/vm/PostVMInitHook
Event: 0.144 Loading class jdk/internal/vm/PostVMInitHook done
Event: 0.145 Loading class jdk/internal/module/ModuleReferences$ExplodedModuleReader
Event: 0.145 Loading class jdk/internal/module/ModuleReferences$ExplodedModuleReader done
Event: 0.145 Loading class jdk/internal/module/ModulePatcher$PatchedModuleReader
Event: 0.145 Loading class jdk/internal/module/ModulePatcher$PatchedModuleReader done

Classes unloaded (0 events):
No events

Classes redefined (0 events):
No events

Internal exceptions (2 events):
Event: 0.109 Thread 0x000002b3270e3830 Exception <a 'java/lang/NoSuchMethodError'{0x0000000715dac678}: 'void java.lang.invoke.DirectMethodHandle$Holder.invokeVirtual(java.lang.Object, java.lang.Object)'> (0x0000000715dac678) 
thrown [s\src\hotspot\share\interpreter\linkResolver.cpp, line 796]
Event: 0.112 Thread 0x000002b3270e3830 Exception <a 'java/lang/NoSuchMethodError'{0x0000000715db7e28}: 'java.lang.Object java.lang.invoke.DirectMethodHandle$Holder.invokeInterface(java.lang.Object, java.lang.Object, java.lang.Object)'> (0x0000000715db7e28) 
thrown [s\src\hotspot\share\interpreter\linkResolver.cpp, line 796]

VM Operations (9 events):
Event: 0.197 Executing VM operation: G1CollectForAllocation (G1 Evacuation Pause)
Event: 0.201 Executing VM operation: G1CollectForAllocation (G1 Evacuation Pause) done
Event: 0.211 Executing VM operation: G1CollectForAllocation (G1 Evacuation Pause)
Event: 0.213 Executing VM operation: G1CollectForAllocation (G1 Evacuation Pause) done
Event: 0.231 Executing VM operation: G1CollectForAllocation (G1 Evacuation Pause)
Event: 0.233 Executing VM operation: G1CollectForAllocation (G1 Evacuation Pause) done
Event: 0.248 Executing VM operation: G1CollectForAllocation (G1 Evacuation Pause)
Event: 0.250 Executing VM operation: G1CollectForAllocation (G1 Evacuation Pause) done
Event: 0.268 Executing VM operation: G1CollectForAllocation (G1 Evacuation Pause)

Memory protections (0 events):
No events

Nmethod flushes (0 events):
No events

Events (11 events):
Event: 0.026 Thread 0x000002b3270e3830 Thread added: 0x000002b3270e3830
Event: 0.050 Thread 0x000002b3270e3830 Thread added: 0x000002b34a4d8740
Event: 0.051 Thread 0x000002b3270e3830 Thread added: 0x000002b34a4d9660
Event: 0.052 Thread 0x000002b3270e3830 Thread added: 0x000002b349b5e3a0
Event: 0.052 Thread 0x000002b3270e3830 Thread added: 0x000002b34a4dd240
Event: 0.052 Thread 0x000002b3270e3830 Thread added: 0x000002b34a4ddca0
Event: 0.052 Thread 0x000002b3270e3830 Thread added: 0x000002b34a4e7b20
Event: 0.052 Thread 0x000002b3270e3830 Thread added: 0x000002b34a4e88b0
Event: 0.052 Thread 0x000002b3270e3830 Thread added: 0x000002b34a4eb370
Event: 0.084 Thread 0x000002b3270e3830 Thread added: 0x000002b34a5fd3e0
Event: 0.144 Thread 0x000002b3270e3830 Thread added: 0x000002b34a686fa0


Dynamic libraries:
0x00007ff67d090000 - 0x00007ff67d09e000 	C:\Users\andre\.p2\pool\plugins\org.eclipse.justj.openjdk.hotspot.jre.full.win32.x86_64_23.0.0.v20240919-1706\jre\bin\javaw.exe
0x00007ff9b6a60000 - 0x00007ff9b6e81000 	C:\Windows\SYSTEM32\ntdll.dll
0x00007ff9b2fc0000 - 0x00007ff9b3122000 	C:\Windows\System32\xtajit64.dll
0x00007ff9b3130000 - 0x00007ff9b3293000 	C:\Windows\System32\KERNEL32.DLL
0x00007ff9b2170000 - 0x00007ff9b279c000 	C:\Windows\System32\KERNELBASE.dll
0x00007ff9b1d80000 - 0x00007ff9b1e81000 	C:\Windows\SYSTEM32\apphelp.dll
0x00007ff9b2a60000 - 0x00007ff9b2c88000 	C:\Windows\System32\ucrtbase.dll
0x00007ff9915d0000 - 0x00007ff9915e7000 	C:\Users\andre\.p2\pool\plugins\org.eclipse.justj.openjdk.hotspot.jre.full.win32.x86_64_23.0.0.v20240919-1706\jre\bin\jli.dll
0x00007ff991570000 - 0x00007ff99158b000 	C:\Users\andre\.p2\pool\plugins\org.eclipse.justj.openjdk.hotspot.jre.full.win32.x86_64_23.0.0.v20240919-1706\jre\bin\VCRUNTIME140.dll
0x00007ff9b42d0000 - 0x00007ff9b4545000 	C:\Windows\System32\USER32.dll
0x00007ff9b27a0000 - 0x00007ff9b27fe000 	C:\Windows\System32\win32u.dll
0x00007ff9917d0000 - 0x00007ff991c3a000 	C:\Windows\WinSxS\arm64_microsoft.windows.common-controls_6595b64144ccf1df_6.0.26100.1882_none_3e0e93f8e32ecb84\COMCTL32.dll
0x00007ff9b4f00000 - 0x00007ff9b4f65000 	C:\Windows\System32\GDI32.dll
0x00007ff9b59c0000 - 0x00007ff9b5b08000 	C:\Windows\System32\msvcrt.dll
0x00007ff9b2de0000 - 0x00007ff9b2fbb000 	C:\Windows\System32\gdi32full.dll
0x00007ff9b2810000 - 0x00007ff9b2969000 	C:\Windows\System32\msvcp_win.dll
0x00007ff9b4f70000 - 0x00007ff9b4fc5000 	C:\Windows\System32\IMM32.DLL
0x00007ff99ff10000 - 0x00007ff99ff1c000 	C:\Users\andre\.p2\pool\plugins\org.eclipse.justj.openjdk.hotspot.jre.full.win32.x86_64_23.0.0.v20240919-1706\jre\bin\vcruntime140_1.dll
0x00007ff98cc70000 - 0x00007ff98ccfe000 	C:\Users\andre\.p2\pool\plugins\org.eclipse.justj.openjdk.hotspot.jre.full.win32.x86_64_23.0.0.v20240919-1706\jre\bin\msvcp140.dll
0x00007ff8dab40000 - 0x00007ff8db90d000 	C:\Users\andre\.p2\pool\plugins\org.eclipse.justj.openjdk.hotspot.jre.full.win32.x86_64_23.0.0.v20240919-1706\jre\bin\server\jvm.dll
0x00007ff9b68b0000 - 0x00007ff9b69ef000 	C:\Windows\System32\ADVAPI32.dll
0x00007ff9b5bc0000 - 0x00007ff9b5cde000 	C:\Windows\System32\sechost.dll
0x00007ff9b66a0000 - 0x00007ff9b689d000 	C:\Windows\System32\RPCRT4.dll
0x00007ff9b4830000 - 0x00007ff9b48f4000 	C:\Windows\System32\WS2_32.dll
0x00007ff9b1f90000 - 0x00007ff9b1ffc000 	C:\Windows\SYSTEM32\POWRPROF.dll
0x00007ff979cf0000 - 0x00007ff979d54000 	C:\Windows\SYSTEM32\WINMM.dll
0x00007ff99dc00000 - 0x00007ff99dc16000 	C:\Windows\SYSTEM32\VERSION.dll
0x00007ff9b1f40000 - 0x00007ff9b1f65000 	C:\Windows\SYSTEM32\UMPDC.dll
0x00007ff9b0110000 - 0x00007ff9b0140000 	C:\Windows\SYSTEM32\kernel.appcore.dll
0x00007ff9acd90000 - 0x00007ff9acd9a000 	C:\Users\andre\.p2\pool\plugins\org.eclipse.justj.openjdk.hotspot.jre.full.win32.x86_64_23.0.0.v20240919-1706\jre\bin\jimage.dll
0x00007ff9abe30000 - 0x00007ff9ac26a000 	C:\Windows\SYSTEM32\DBGHELP.DLL
0x00007ff9b4fd0000 - 0x00007ff9b563d000 	C:\Windows\System32\combase.dll
0x00007ff9b62d0000 - 0x00007ff9b6473000 	C:\Windows\System32\OLEAUT32.dll
0x00007ff97d850000 - 0x00007ff97d8ba000 	C:\Windows\SYSTEM32\dbgcore.DLL
0x00007ff9b2970000 - 0x00007ff9b2a50000 	C:\Windows\System32\bcryptPrimitives.dll
0x00007ff9a5d30000 - 0x00007ff9a5d4e000 	C:\Users\andre\.p2\pool\plugins\org.eclipse.justj.openjdk.hotspot.jre.full.win32.x86_64_23.0.0.v20240919-1706\jre\bin\java.dll
0x00007ff9b4570000 - 0x00007ff9b4820000 	C:\Windows\System32\ole32.dll
0x00007ff9b32a0000 - 0x00007ff9b403c000 	C:\Windows\System32\SHELL32.dll
0x00007ff9ae2b0000 - 0x00007ff9af427000 	C:\Windows\SYSTEM32\windows.storage.dll
0x00007ff9b5d50000 - 0x00007ff9b5f0f000 	C:\Windows\System32\SHCORE.dll
0x00007ff9b5f20000 - 0x00007ff9b5fc8000 	C:\Windows\System32\shlwapi.dll
0x00007ff9b2020000 - 0x00007ff9b206a000 	C:\Windows\SYSTEM32\profapi.dll
0x00007ff9a90e0000 - 0x00007ff9a90f0000 	C:\Users\andre\.p2\pool\plugins\org.eclipse.justj.openjdk.hotspot.jre.full.win32.x86_64_23.0.0.v20240919-1706\jre\bin\net.dll
0x00007ff9b08a0000 - 0x00007ff9b095d000 	C:\Windows\system32\mswsock.dll
0x00007ff99ffc0000 - 0x00007ff99ffd6000 	C:\Users\andre\.p2\pool\plugins\org.eclipse.justj.openjdk.hotspot.jre.full.win32.x86_64_23.0.0.v20240919-1706\jre\bin\nio.dll
0x00007ff99ffe0000 - 0x00007ff99fff7000 	C:\Users\andre\.p2\pool\plugins\org.eclipse.justj.openjdk.hotspot.jre.full.win32.x86_64_23.0.0.v20240919-1706\jre\bin\zip.dll

dbghelp: loaded successfully - version: 4.0.5 - missing functions: none
symbol engine: initialized successfully - sym options: 0x614 - pdb path: .;C:\Users\andre\.p2\pool\plugins\org.eclipse.justj.openjdk.hotspot.jre.full.win32.x86_64_23.0.0.v20240919-1706\jre\bin;C:\Windows\SYSTEM32;C:\Windows\WinSxS\arm64_microsoft.windows.common-controls_6595b64144ccf1df_6.0.26100.1882_none_3e0e93f8e32ecb84;C:\Users\andre\.p2\pool\plugins\org.eclipse.justj.openjdk.hotspot.jre.full.win32.x86_64_23.0.0.v20240919-1706\jre\bin\server

VM Arguments:
jvm_args: -Dfile.encoding=UTF-8 -Dstdout.encoding=UTF-8 -Dstderr.encoding=UTF-8 --module-path=C:\Users\andre\eclipse-workspace\Lab08\bin -XX:+ShowCodeDetailsInExceptionMessages -Djdk.module.main=Lab08 
java_command: Lab08/lab08.LinkedIntListTester
java_class_path (initial): <not set>
Launcher Type: SUN_STANDARD

[Global flags]
     intx CICompilerCount                          = 4                                         {product} {ergonomic}
     uint ConcGCThreads                            = 3                                         {product} {ergonomic}
     uint G1ConcRefinementThreads                  = 10                                        {product} {ergonomic}
   size_t G1HeapRegionSize                         = 2097152                                   {product} {ergonomic}
   size_t InitialHeapSize                          = 262144000                                 {product} {ergonomic}
   size_t MarkStackSize                            = 4194304                                   {product} {ergonomic}
   size_t MarkStackSizeMax                         = 536870912                                 {product} {ergonomic}
   size_t MaxHeapSize                              = 4190109696                                {product} {ergonomic}
   size_t MaxNewSize                               = 2512388096                                {product} {ergonomic}
   size_t MinHeapDeltaBytes                        = 2097152                                   {product} {ergonomic}
   size_t MinHeapSize                              = 8388608                                   {product} {ergonomic}
    uintx NonNMethodCodeHeapSize                   = 5832704                                {pd product} {ergonomic}
    uintx NonProfiledCodeHeapSize                  = 122945536                              {pd product} {ergonomic}
    uintx ProfiledCodeHeapSize                     = 122880000                              {pd product} {ergonomic}
    uintx ReservedCodeCacheSize                    = 251658240                              {pd product} {ergonomic}
     bool SegmentedCodeCache                       = true                                      {product} {ergonomic}
     bool ShowCodeDetailsInExceptionMessages       = true                                   {manageable} {command line}
   size_t SoftMaxHeapSize                          = 4190109696                             {manageable} {ergonomic}
     bool UseCompressedOops                        = true                           {product lp64_product} {ergonomic}
     bool UseG1GC                                  = true                                      {product} {ergonomic}
     bool UseLargePagesIndividualAllocation        = false                                  {pd product} {ergonomic}

Logging:
Log output configuration:
 #0: stdout all=warning uptime,level,tags foldmultilines=false
 #1: stderr all=off uptime,level,tags foldmultilines=false

Environment Variables:
PATH=C:/Users/andre/.p2/pool/plugins/org.eclipse.justj.openjdk.hotspot.jre.full.win32.x86_64_23.0.0.v20240919-1706/jre/bin/server;C:/Users/andre/.p2/pool/plugins/org.eclipse.justj.openjdk.hotspot.jre.full.win32.x86_64_23.0.0.v20240919-1706/jre/bin;C:\Windows\system32;C:\Windows;C:\Windows\System32\Wbem;C:\Windows\System32\WindowsPowerShell\v1.0\;C:\Windows\System32\OpenSSH\;C:\Program Files\dotnet\;C:\Users\andre\AppData\Local\Microsoft\WindowsApps;;C:\Windows\system32;
USERNAME=andre
OS=Windows_NT
PROCESSOR_IDENTIFIER=ARMv8 (64-bit) Family 8 Model 1 Revision 201, Qualcomm Technologies Inc
TMP=C:\Users\andre\AppData\Local\Temp
TEMP=C:\Users\andre\AppData\Local\Temp




Periodic native trim disabled

---------------  S Y S T E M  ---------------

OS:
 Windows 11 , 64 bit Build 26100 (10.0.26100.2033)
OS uptime: 0 days 9:02 hours

CPU: total 12 (initial active 12) (12 cores per cpu, 1 threads per core) family 21 model 0 stepping 1 microcode 0x0, cx8, cmov, fxsr, mmx, 3dnowpref, sse, sse2, sse3, ssse3, sse4.1, sse4.2, popcnt, tsc, tscinvbit, aes, clmul, clflush, rdtscp
Processor Information for processor 0
  Max Mhz: 3417, Current Mhz: 3417, Mhz Limit: 3417
Processor Information for processor 1
  Max Mhz: 3417, Current Mhz: 1190, Mhz Limit: 3417
Processor Information for processor 2
  Max Mhz: 3417, Current Mhz: 1190, Mhz Limit: 3417
Processor Information for processor 3
  Max Mhz: 3417, Current Mhz: 1190, Mhz Limit: 3417
Processor Information for processor 4
  Max Mhz: 3417, Current Mhz: 4012, Mhz Limit: 3417
Processor Information for processor 5
  Max Mhz: 3417, Current Mhz: 4012, Mhz Limit: 3417
Processor Information for processor 6
  Max Mhz: 3417, Current Mhz: 4012, Mhz Limit: 3417
Processor Information for processor 7
  Max Mhz: 3417, Current Mhz: 4012, Mhz Limit: 3417
Processor Information for processor 8
  Max Mhz: 3417, Current Mhz: 4012, Mhz Limit: 3417
Processor Information for processor 9
  Max Mhz: 3417, Current Mhz: 4012, Mhz Limit: 3417
Processor Information for processor 10
  Max Mhz: 3417, Current Mhz: 4012, Mhz Limit: 3417
Processor Information for processor 11
  Max Mhz: 3417, Current Mhz: 4012, Mhz Limit: 3417

Memory: 4k page, system-wide physical 15979M (90M free)
TotalPageFile size 65106M (AvailPageFile size 220M)
current process WorkingSet (physical memory assigned to process): 177M, peak: 177M
current process commit charge ("private bytes"): 354M, peak: 604M

vm_info: OpenJDK 64-Bit Server VM (23+37) for windows-amd64 JRE (23+37), built on 2024-09-17T00:00:00Z with MS VC++ 17.7 (VS2022)

END.
